#
# A fatal error has been detected by the Java Runtime Environment:
#
#  EXCEPTION_ACCESS_VIOLATION (0xc0000005) at pc=0x000000006353351d, pid=10888, tid=0x0000000000001bc0
#
# JRE version: Java(TM) SE Runtime Environment (8.0_101-b13) (build 1.8.0_101-b13)
# Java VM: Java HotSpot(TM) 64-Bit Server VM (25.101-b13 mixed mode windows-amd64 compressed oops)
# Problematic frame:
# V  [jvm.dll+0x351d]
#
# Failed to write core dump. Minidumps are not enabled by default on client versions of Windows
#
# If you would like to submit a bug report, please visit:
#   http://bugreport.java.com/bugreport/crash.jsp
#

---------------  T H R E A D  ---------------

Current thread (0x0000000017c08800):  JavaThread "Thread-0" [_thread_in_vm, id=7104, stack(0x0000000018460000,0x0000000018560000)]

siginfo: ExceptionCode=0xc0000005, writing address 0x00000000e679413c

Registers:
RAX=0x00000000e05641b8, RBX=0x00000000e679413c, RCX=0x0000000000000000, RDX=0x00000000e05641b8
RSP=0x000000001855eba0, RBP=0x00000000179fad28, RSI=0x00000000e05641b8, RDI=0x00000000e05641b8
R8 =0x00000000188c0150, R9 =0x0000000100071370, R10=0x0000000000000004, R11=0x0000000000000004
R12=0x000000001855ef80, R13=0x00000000188c0150, R14=0x000000001855ef80, R15=0x0000000017c08800
RIP=0x000000006353351d, EFLAGS=0x0000000000010206

Top of Stack: (sp=0x000000001855eba0)
0x000000001855eba0:   0000000017c089f8 000000006359e8a9
0x000000001855ebb0:   000000001855ef50 0000000017a13218
0x000000001855ebc0:   0000000006230054 000000006368e96b
0x000000001855ebd0:   0000000017c08800 0000000063670815
0x000000001855ebe0:   000000001855ec60 0000000017c08800
0x000000001855ebf0:   000000001855ef50 0000000063670891
0x000000001855ec00:   0000000017c08800 0000000000000000
0x000000001855ec10:   000000001607b4c0 0000000000000000
0x000000001855ec20:   0000000002c780e0 000000001857bb78
0x000000001855ec30:   000000001855ef50 000000001607b4c8
0x000000001855ec40:   000000001855ef50 0000000000200021
0x000000001855ec50:   000000001607b4c8 0000000017c08800
0x000000001855ec60:   0000000030687465 0000000000000000
0x000000001855ec70:   74656e7265687445 0000000000000000
0x000000001855ec80:   0000000000000000 0000000000000000
0x000000001855ec90:   0000000000000000 0000000000000000 

Instructions: (pc=0x000000006353351d)
0x00000000635334fd:   d3 ff 50 58 48 85 ff 75 04 33 c0 eb 13 8b 0d 80
0x000000006353350d:   b2 79 00 48 8b c7 48 2b 05 6e b2 79 00 48 d3 e8
0x000000006353351d:   89 03 48 8b 0d c2 73 80 00 83 79 0c 01 75 19 48
0x000000006353352d:   c1 eb 09 48 03 99 90 00 00 00 c6 03 00 48 8b 5c 


Register to memory mapping:

RAX=0x00000000e05641b8 is an oop
java.lang.String 
 - klass: 'java/lang/String'
RBX=0x00000000e679413c is an unallocated location in the heap
RCX=0x0000000000000000 is an unknown value
RDX=0x00000000e05641b8 is an oop
java.lang.String 
 - klass: 'java/lang/String'
RSP=0x000000001855eba0 is pointing into the stack for thread: 0x0000000017c08800
RBP=0x00000000179fad28 is an unknown value
RSI=0x00000000e05641b8 is an oop
java.lang.String 
 - klass: 'java/lang/String'
RDI=0x00000000e05641b8 is an oop
java.lang.String 
 - klass: 'java/lang/String'
R8 =0x00000000188c0150 is an unknown value
R9 =0x0000000100071370 is pointing into metadata
R10=0x0000000000000004 is an unknown value
R11=0x0000000000000004 is an unknown value
R12=0x000000001855ef80 is pointing into the stack for thread: 0x0000000017c08800
R13=0x00000000188c0150 is an unknown value
R14=0x000000001855ef80 is pointing into the stack for thread: 0x0000000017c08800
R15=0x0000000017c08800 is a thread


Stack: [0x0000000018460000,0x0000000018560000],  sp=0x000000001855eba0,  free space=1018k
Native frames: (J=compiled Java code, j=interpreted, Vv=VM code, C=native code)
V  [jvm.dll+0x351d]
V  [jvm.dll+0x15e96b]
C  [sigar-amd64-winnt.dll+0x1bb78]
C  0x0000000002c87f54

Java frames: (J=compiled Java code, j=interpreted, Vv=VM code)
j  org.hyperic.sigar.NetInterfaceConfig.gather(Lorg/hyperic/sigar/Sigar;Ljava/lang/String;)V+0
j  org.hyperic.sigar.NetInterfaceConfig.fetch(Lorg/hyperic/sigar/Sigar;Ljava/lang/String;)Lorg/hyperic/sigar/NetInterfaceConfig;+11
j  org.hyperic.sigar.Sigar.getNetInterfaceConfig(Ljava/lang/String;)Lorg/hyperic/sigar/NetInterfaceConfig;+2
j  teamway.shenzhen.tms9000.ThreadProc.run()V+80
v  ~StubRoutines::call_stub

---------------  P R O C E S S  ---------------

Java Threads: ( => current thread )
  0x0000000017c11800 JavaThread "Thread-1" [_thread_blocked, id=4188, stack(0x00000000186d0000,0x00000000187d0000)]
=>0x0000000017c08800 JavaThread "Thread-0" [_thread_in_vm, id=7104, stack(0x0000000018460000,0x0000000018560000)]
  0x00000000179f8800 JavaThread "Service Thread" daemon [_thread_blocked, id=10396, stack(0x0000000018260000,0x0000000018360000)]
  0x000000001796f000 JavaThread "C1 CompilerThread2" daemon [_thread_blocked, id=7176, stack(0x0000000018160000,0x0000000018260000)]
  0x000000001660e800 JavaThread "C2 CompilerThread1" daemon [_thread_blocked, id=13204, stack(0x0000000018060000,0x0000000018160000)]
  0x000000001660a000 JavaThread "C2 CompilerThread0" daemon [_thread_blocked, id=9480, stack(0x0000000017f60000,0x0000000018060000)]
  0x0000000016608800 JavaThread "Attach Listener" daemon [_thread_blocked, id=4928, stack(0x0000000017e60000,0x0000000017f60000)]
  0x00000000165bd800 JavaThread "Signal Dispatcher" daemon [_thread_blocked, id=14136, stack(0x0000000017d60000,0x0000000017e60000)]
  0x0000000002c6b000 JavaThread "Finalizer" daemon [_thread_blocked, id=4964, stack(0x0000000017800000,0x0000000017900000)]
  0x0000000002c5f000 JavaThread "Reference Handler" daemon [_thread_blocked, id=8788, stack(0x0000000017700000,0x0000000017800000)]
  0x0000000002b6d800 JavaThread "main" [_thread_blocked, id=8732, stack(0x0000000002a40000,0x0000000002b40000)]

Other Threads:
  0x0000000016576800 VMThread [stack: 0x0000000017600000,0x0000000017700000] [id=12160]
  0x0000000017a0e800 WatcherThread [stack: 0x0000000018360000,0x0000000018460000] [id=8244]

VM state:not at safepoint (normal execution)

VM Mutex/Monitor currently owned by a thread: None

Heap:
 PSYoungGen      total 28672K, used 5409K [0x00000000e0180000, 0x00000000e2180000, 0x0000000100000000)
  eden space 24576K, 22% used [0x00000000e0180000,0x00000000e06c85d0,0x00000000e1980000)
  from space 4096K, 0% used [0x00000000e1d80000,0x00000000e1d80000,0x00000000e2180000)
  to   space 4096K, 0% used [0x00000000e1980000,0x00000000e1980000,0x00000000e1d80000)
 ParOldGen       total 65536K, used 0K [0x00000000a0400000, 0x00000000a4400000, 0x00000000e0180000)
  object space 65536K, 0% used [0x00000000a0400000,0x00000000a0400000,0x00000000a4400000)
 Metaspace       used 4003K, capacity 5016K, committed 5120K, reserved 1056768K
  class space    used 448K, capacity 456K, committed 512K, reserved 1048576K

Card table byte_map: [0x0000000012030000,0x0000000012330000] byte_map_base: 0x0000000011b2e000

Marking Bits: (ParMarkBitMap*) 0x0000000063d4a6d0
 Begin Bits: [0x0000000012930000, 0x0000000014120000)
 End Bits:   [0x0000000014120000, 0x0000000015910000)

Polling page: 0x0000000000b80000

CodeCache: size=245760Kb used=1445Kb max_used=1458Kb free=244314Kb
 bounds [0x0000000002c70000, 0x0000000002ee0000, 0x0000000011c70000]
 total_blobs=422 nmethods=170 adapters=165
 compilation: enabled

Compilation events (10 events):
Event: 4.243 Thread 0x000000001796f000  166       3       java.io.WinNTFileSystem::prefixLength (91 bytes)
Event: 4.244 Thread 0x000000001796f000 nmethod 166 0x0000000002dd76d0 code [0x0000000002dd78c0, 0x0000000002dd8448]
Event: 4.245 Thread 0x000000001796f000  167       3       java.io.InputStream::<init> (5 bytes)
Event: 4.245 Thread 0x000000001796f000 nmethod 167 0x0000000002dd88d0 code [0x0000000002dd8a40, 0x0000000002dd8bf0]
Event: 4.247 Thread 0x000000001660a000  168       4       java.lang.String::indexOf (166 bytes)
Event: 4.254 Thread 0x000000001796f000  169       1       java.io.File::getPrefixLength (5 bytes)
Event: 4.254 Thread 0x000000001796f000 nmethod 169 0x0000000002dd8cd0 code [0x0000000002dd8e20, 0x0000000002dd8f30]
Event: 4.256 Thread 0x000000001796f000  170       3       java.io.File::exists (43 bytes)
Event: 4.256 Thread 0x000000001796f000 nmethod 170 0x0000000002dda490 code [0x0000000002dda620, 0x0000000002ddaaa8]
Event: 4.256 Thread 0x000000001660a000 nmethod 168 0x0000000002ddc810 code [0x0000000002ddc960, 0x0000000002ddce78]

GC Heap History (0 events):
No events

Deoptimization events (0 events):
No events

Internal exceptions (8 events):
Event: 0.051 Thread 0x0000000002b6d800 Exception <a 'java/lang/NoSuchMethodError': Method sun.misc.Unsafe.defineClass(Ljava/lang/String;[BII)Ljava/lang/Class; name or signature does not match> (0x00000000e0187cc0) thrown at [C:\re\workspace\8-2-build-windows-amd64-cygwin\jdk8u101\7261\hotspot\sÌÝd 	ª?
Event: 0.051 Thread 0x0000000002b6d800 Exception <a 'java/lang/NoSuchMethodError': Method sun.misc.Unsafe.prefetchRead(Ljava/lang/Object;J)V name or signature does not match> (0x00000000e0187fa8) thrown at [C:\re\workspace\8-2-build-windows-amd64-cygwin\jdk8u101\7261\hotspot\src\share\vm\prims\´ØÞ$ÔÏ?
Event: 0.249 Thread 0x0000000002b6d800 Exception <a 'java/security/PrivilegedActionException'> (0x00000000e0354fa8) thrown at [C:\re\workspace\8-2-build-windows-amd64-cygwin\jdk8u101\7261\hotspot\src\share\vm\prims\jvm.cpp, line 1386]
Event: 0.249 Thread 0x0000000002b6d800 Exception <a 'java/security/PrivilegedActionException'> (0x00000000e03551b8) thrown at [C:\re\workspace\8-2-build-windows-amd64-cygwin\jdk8u101\7261\hotspot\src\share\vm\prims\jvm.cpp, line 1386]
Event: 0.249 Thread 0x0000000002b6d800 Exception <a 'java/security/PrivilegedActionException'> (0x00000000e0357910) thrown at [C:\re\workspace\8-2-build-windows-amd64-cygwin\jdk8u101\7261\hotspot\src\share\vm\prims\jvm.cpp, line 1386]
Event: 0.249 Thread 0x0000000002b6d800 Exception <a 'java/security/PrivilegedActionException'> (0x00000000e0357b20) thrown at [C:\re\workspace\8-2-build-windows-amd64-cygwin\jdk8u101\7261\hotspot\src\share\vm\prims\jvm.cpp, line 1386]
Event: 0.258 Thread 0x0000000002b6d800 Exception <a 'java/security/PrivilegedActionException'> (0x00000000e037c0d8) thrown at [C:\re\workspace\8-2-build-windows-amd64-cygwin\jdk8u101\7261\hotspot\src\share\vm\prims\jvm.cpp, line 1386]
Event: 0.258 Thread 0x0000000002b6d800 Exception <a 'java/security/PrivilegedActionException'> (0x00000000e037c2e8) thrown at [C:\re\workspace\8-2-build-windows-amd64-cygwin\jdk8u101\7261\hotspot\src\share\vm\prims\jvm.cpp, line 1386]

Events (10 events):
Event: 4.266 loading class java/util/regex/Pattern$Start
Event: 4.266 loading class java/util/regex/Pattern$Start done
Event: 4.266 loading class java/util/regex/Pattern$TreeInfo
Event: 4.266 loading class java/util/regex/Pattern$TreeInfo done
Event: 4.266 loading class java/util/regex/Matcher
Event: 4.266 loading class java/util/regex/MatchResult
Event: 4.266 loading class java/util/regex/MatchResult done
Event: 4.266 loading class java/util/regex/Matcher done
Event: 4.266 loading class org/hyperic/sigar/NetInterfaceStat
Event: 4.266 loading class org/hyperic/sigar/NetInterfaceStat done


Dynamic libraries:
0x00007ff6a64c0000 - 0x00007ff6a64f7000 	D:\Java\jdk1.8.0_101\bin\javaw.exe
0x00007ffe5b550000 - 0x00007ffe5b72b000 	C:\Windows\SYSTEM32\ntdll.dll
0x00007ffe598d0000 - 0x00007ffe5997e000 	C:\Windows\System32\KERNEL32.DLL
0x00007ffe57c90000 - 0x00007ffe57ed9000 	C:\Windows\System32\KERNELBASE.dll
0x00007ffe58df0000 - 0x00007ffe58e91000 	C:\Windows\System32\ADVAPI32.dll
0x00007ffe59660000 - 0x00007ffe596fd000 	C:\Windows\System32\msvcrt.dll
0x00007ffe58ab0000 - 0x00007ffe58b09000 	C:\Windows\System32\sechost.dll
0x00007ffe594a0000 - 0x00007ffe595c5000 	C:\Windows\System32\RPCRT4.dll
0x00007ffe5ae40000 - 0x00007ffe5af8a000 	C:\Windows\System32\USER32.dll
0x00007ffe57c70000 - 0x00007ffe57c8e000 	C:\Windows\System32\win32u.dll
0x00007ffe5b3b0000 - 0x00007ffe5b3d7000 	C:\Windows\System32\GDI32.dll
0x00007ffe580b0000 - 0x00007ffe58237000 	C:\Windows\System32\gdi32full.dll
0x00007ffe582a0000 - 0x00007ffe5833a000 	C:\Windows\System32\msvcp_win.dll
0x00007ffe57b70000 - 0x00007ffe57c66000 	C:\Windows\System32\ucrtbase.dll
0x00007ffe4c3b0000 - 0x00007ffe4c617000 	C:\Windows\WinSxS\amd64_microsoft.windows.common-controls_6595b64144ccf1df_6.0.15063.483_none_26002d27e7c744a2\COMCTL32.dll
0x00007ffe5b000000 - 0x00007ffe5b2f9000 	C:\Windows\System32\combase.dll
0x00007ffe58340000 - 0x00007ffe583aa000 	C:\Windows\System32\bcryptPrimitives.dll
0x00007ffe59630000 - 0x00007ffe5965d000 	C:\Windows\System32\IMM32.DLL
0x0000000063dd0000 - 0x0000000063ea2000 	D:\Java\jdk1.8.0_101\jre\bin\msvcr100.dll
0x0000000063530000 - 0x0000000063dca000 	D:\Java\jdk1.8.0_101\jre\bin\server\jvm.dll
0x00007ffe58de0000 - 0x00007ffe58de8000 	C:\Windows\System32\PSAPI.DLL
0x00007ffe54450000 - 0x00007ffe54459000 	C:\Windows\SYSTEM32\WSOCK32.dll
0x00007ffe5af90000 - 0x00007ffe5affc000 	C:\Windows\System32\WS2_32.dll
0x00007ffe55e80000 - 0x00007ffe55ea3000 	C:\Windows\SYSTEM32\WINMM.dll
0x00007ffe53280000 - 0x00007ffe5328a000 	C:\Windows\SYSTEM32\VERSION.dll
0x00007ffe55b90000 - 0x00007ffe55bbb000 	C:\Windows\SYSTEM32\WINMMBASE.dll
0x00007ffe57a70000 - 0x00007ffe57ab9000 	C:\Windows\System32\cfgmgr32.dll
0x0000000063520000 - 0x000000006352f000 	D:\Java\jdk1.8.0_101\jre\bin\verify.dll
0x00000000634f0000 - 0x0000000063519000 	D:\Java\jdk1.8.0_101\jre\bin\java.dll
0x00000000634d0000 - 0x00000000634e6000 	D:\Java\jdk1.8.0_101\jre\bin\zip.dll
0x00007ffe59980000 - 0x00007ffe5adb7000 	C:\Windows\System32\SHELL32.dll
0x00007ffe5b300000 - 0x00007ffe5b3aa000 	C:\Windows\System32\shcore.dll
0x00007ffe583b0000 - 0x00007ffe58aa1000 	C:\Windows\System32\windows.storage.dll
0x00007ffe595d0000 - 0x00007ffe59621000 	C:\Windows\System32\shlwapi.dll
0x00007ffe57a50000 - 0x00007ffe57a61000 	C:\Windows\System32\kernel.appcore.dll
0x00007ffe57a00000 - 0x00007ffe57a4c000 	C:\Windows\System32\powrprof.dll
0x00007ffe579e0000 - 0x00007ffe579f5000 	C:\Windows\System32\profapi.dll
0x00000000634b0000 - 0x00000000634ca000 	D:\Java\jdk1.8.0_101\jre\bin\net.dll
0x00007ffe572d0000 - 0x00007ffe5732c000 	C:\Windows\system32\mswsock.dll
0x0000000018560000 - 0x00000000185d0000 	E:\FILE\ComputerInfo\target\classes\sigar\sigar-amd64-winnt.dll
0x00007ffe58b10000 - 0x00007ffe58c55000 	C:\Windows\System32\ole32.dll
0x00007ffe59340000 - 0x00007ffe59400000 	C:\Windows\System32\OLEAUT32.dll
0x00007ffe4b5a0000 - 0x00007ffe4b5b7000 	C:\Windows\SYSTEM32\NETAPI32.dll
0x00007ffe528c0000 - 0x00007ffe5290d000 	C:\Windows\SYSTEM32\pdh.dll
0x00007ffe57160000 - 0x00007ffe5716d000 	C:\Windows\SYSTEM32\NETUTILS.DLL
0x00007ffe4b420000 - 0x00007ffe4b446000 	C:\Windows\SYSTEM32\SRVCLI.DLL
0x00007ffe57070000 - 0x00007ffe570a7000 	C:\Windows\SYSTEM32\iphlpapi.dll
0x00007ffe59700000 - 0x00007ffe59708000 	C:\Windows\System32\NSI.dll
0x00007ffe54100000 - 0x00007ffe54116000 	C:\Windows\SYSTEM32\dhcpcsvc6.DLL
0x00007ffe53a10000 - 0x00007ffe53a2a000 	C:\Windows\SYSTEM32\dhcpcsvc.DLL
0x00007ffe4c8d0000 - 0x00007ffe4ca79000 	C:\Windows\SYSTEM32\dbghelp.dll

VM Arguments:
jvm_args: -Dfile.encoding=UTF-8 
java_command: teamway.shenzhen.tms9000.ComputerServer
java_class_path (initial): D:\Java\jdk1.8.0_101\jre\lib\resources.jar;D:\Java\jdk1.8.0_101\jre\lib\rt.jar;D:\Java\jdk1.8.0_101\jre\lib\jsse.jar;D:\Java\jdk1.8.0_101\jre\lib\jce.jar;D:\Java\jdk1.8.0_101\jre\lib\charsets.jar;D:\Java\jdk1.8.0_101\jre\lib\jfr.jar;D:\Java\jdk1.8.0_101\jre\lib\ext\access-bridge-64.jar;D:\Java\jdk1.8.0_101\jre\lib\ext\cldrdata.jar;D:\Java\jdk1.8.0_101\jre\lib\ext\dnsns.jar;D:\Java\jdk1.8.0_101\jre\lib\ext\jaccess.jar;D:\Java\jdk1.8.0_101\jre\lib\ext\jfxrt.jar;D:\Java\jdk1.8.0_101\jre\lib\ext\localedata.jar;D:\Java\jdk1.8.0_101\jre\lib\ext\nashorn.jar;D:\Java\jdk1.8.0_101\jre\lib\ext\sunec.jar;D:\Java\jdk1.8.0_101\jre\lib\ext\sunjce_provider.jar;D:\Java\jdk1.8.0_101\jre\lib\ext\sunmscapi.jar;D:\Java\jdk1.8.0_101\jre\lib\ext\sunpkcs11.jar;D:\Java\jdk1.8.0_101\jre\lib\ext\zipfs.jar;E:\FILE\ComputerInfo\target\classes;D:\softwaredownload\eclipse-jee-oxygen-1a-win32-x86_64\eclipse\plugins\org.junit_4.12.0.v201504281640\junit.jar;D:\softwaredownload\eclipse-jee-oxygen-1a-win32-x86_64\eclipse\plugins\org.hamcrest.core_1.3.0.v201303031735.jar;C:\Users\28213\.m2\repository\com\google\guava\guava\18.0\guava-18.0.jar;C:\Users\28213\.m2\repository\org\fusesource\sigar\1.6.4\sigar-1.6.4.jar;C:\Users\28213\.m2\repository\log4j\log4j\1.2.15\log4j-1.2.15.jar;C:\Users\28213\.m2\repository\org\apache\thrift\libthrift\0.10.0\libthrift-0.10.0.jar;C:\Users\28213\.m2\repository\org\slf4j\slf4j-api\1.7.12\slf4j-api-1.7.12.jar;C:\Users\28213\.m2\repository\org\apache\httpcomponents\httpclient\4.4.1\httpclient-4.4.1.jar;C:\Users\28213\.m2\repository\commons-logging\commons-logging\1.2\commons-logging-1.2.jar;C:\Users\28213\.m2\repository\commons-codec\commons-codec\1.9\commons-codec-1.9.jar;C:\Users\28213\.m2\repository\org\apache\httpcomponents\httpcore\4.4.1\httpcore-4.4.1.jar;C:\Users\28213\.m2\repository\org\slf4j\slf4j-log4j12\1.6.1\slf4j-log4j12-1.6.1.jar;C:\Users\28213\.m2\repository\com\mchange\c3p0\0.9.2\c3p0-0.9.2.jar;C:\Users\28213\.m2\repository\com\
Launcher Type: SUN_STANDARD

Environment Variables:
PATH=D:/jre/bin/server;D:/jre/bin;D:/jre/lib/amd64;C:\ProgramData\Oracle\Java\javapath;C:\Windows\system32;C:\Windows;C:\Windows\System32\Wbem;C:\Windows\System32\WindowsPowerShell\v1.0\;D:\mysql-5.7.20-winx64\bin;C:\Users\28213\AppData\Local\Microsoft\WindowsApps;;D:\softwaredownload\eclipse-jee-oxygen-1a-win32-x86_64\eclipse;
USERNAME=HUHU
OS=Windows_NT
PROCESSOR_IDENTIFIER=Intel64 Family 6 Model 42 Stepping 7, GenuineIntel



---------------  S Y S T E M  ---------------

OS: Windows 10.0 , 64 bit Build 15063 (10.0.15063.296)

CPU:total 4 (2 cores per cpu, 2 threads per core) family 6 model 42 stepping 7, cmov, cx8, fxsr, mmx, sse, sse2, sse3, ssse3, sse4.1, sse4.2, popcnt, avx, clmul, ht, tsc, tscinvbit

Memory: 4k page, physical 6272264k(3238944k free), swap 9549064k(5119388k free)

vm_info: Java HotSpot(TM) 64-Bit Server VM (25.101-b13) for windows-amd64 JRE (1.8.0_101-b13), built on Jun 22 2016 01:21:29 by "java_re" with MS VC++ 10.0 (VS2010)

time: Tue Dec 05 10:34:43 2017
elapsed time: 4 seconds (0d 0h 0m 4s)

