#
# A fatal error has been detected by the Java Runtime Environment:
#
#  EXCEPTION_ACCESS_VIOLATION (0xc0000005) at pc=0x000000001729f44b, pid=12100, tid=0x000000000000173c
#
# JRE version: Java(TM) SE Runtime Environment (8.0_101-b13) (build 1.8.0_101-b13)
# Java VM: Java HotSpot(TM) 64-Bit Server VM (25.101-b13 mixed mode windows-amd64 compressed oops)
# Problematic frame:
# C  [sigar-amd64-winnt.dll+0x1f44b]
#
# Failed to write core dump. Minidumps are not enabled by default on client versions of Windows
#
# If you would like to submit a bug report, please visit:
#   http://bugreport.java.com/bugreport/crash.jsp
# The crash happened outside the Java Virtual Machine in native code.
# See problematic frame for where to report the bug.
#

---------------  T H R E A D  ---------------

Current thread (0x0000000002be0800):  JavaThread "main" [_thread_in_native, id=5948, stack(0x0000000002740000,0x0000000002840000)]

siginfo: ExceptionCode=0xc0000005, reading address 0x0000000000000000

Registers:
RAX=0x0000000000000000, RBX=0x0000000014e7f4e8, RCX=0x000000005494ed50, RDX=0x0000000000000064
RSP=0x000000000283f280, RBP=0x000000000283f440, RSI=0x0000000000200021, RDI=0x00000000eadcbe78
R8 =0x0000000002721080, R9 =0x000000002adb9551, R10=0x0000000002bedf50, R11=0x00000000175897fc
R12=0x0000000000000000, R13=0x0000000014e7f4e0, R14=0x000000000283f470, R15=0x0000000002be0800
RIP=0x000000001729f44b, EFLAGS=0x0000000000010206

Top of Stack: (sp=0x000000000283f280)
0x000000000283f280:   0000000017585ec0 0000000002bee030
0x000000000283f290:   000000000283f2a0 0000000014e7f4e8
0x000000000283f2a0:   00000000000eb0d5 000000002adb9551
0x000000000283f2b0:   0000000000000000 0000000000000000
0x000000000283f2c0:   ffffffffffffffff ffffffffffffffff
0x000000000283f2d0:   000000000009fc56 000000000cb3c52f
0x000000000283f2e0:   0000000000000000 0000000000000000
0x000000000283f2f0:   ffffffffffffffff ffffffffffffffff
0x000000000283f300:   ffffffffffffffff 0000000005f5e100
0x000000000283f310:   0000000017585ec0 0000000002bee030
0x000000000283f320:   00000000153c6eb8 0000000017580c30
0x000000000283f330:   0000000000000000 0000000002bee030
0x000000000283f340:   000000005494ed50 0000000002be0800
0x000000000283f350:   0000000014e7ec70 0000000002be0800
0x000000000283f360:   0000000014e7f4e8 0000000002be0800
0x000000000283f370:   0000000014e7f4e8 0000000002be0800 

Instructions: (pc=0x000000001729f44b)
0x000000001729f42b:   f8 00 00 00 48 8b 40 08 48 8b 8c 24 40 01 00 00
0x000000001729f43b:   48 8b 09 48 89 8c 24 c0 00 00 00 4c 8b 4c 24 28
0x000000001729f44b:   4c 8b 00 48 8b 94 24 48 01 00 00 48 8b 8c 24 40
0x000000001729f45b:   01 00 00 48 8b 84 24 c0 00 00 00 ff 90 70 03 00 


Register to memory mapping:

RAX=0x0000000000000000 is an unknown value
RBX={method} {0x0000000014e7f4f0} 'gather' '(Lorg/hyperic/sigar/Sigar;Ljava/lang/String;)V' in 'org/hyperic/sigar/NetInterfaceStat'
RCX=0x000000005494ed50 is an unknown value
RDX=0x0000000000000064 is an unknown value
RSP=0x000000000283f280 is pointing into the stack for thread: 0x0000000002be0800
RBP=0x000000000283f440 is pointing into the stack for thread: 0x0000000002be0800
RSI=0x0000000000200021 is an unknown value
RDI=0x00000000eadcbe78 is an oop
[C 
 - klass: {type array char}
 - length: 17
R8 =0x0000000002721080 is an unknown value
R9 =0x000000002adb9551 is an unknown value
R10=0x0000000002bedf50 is an unknown value
R11=0x00000000175897fc is an unknown value
R12=0x0000000000000000 is an unknown value
R13=0x0000000014e7f4e0 is pointing into metadata
R14=0x000000000283f470 is pointing into the stack for thread: 0x0000000002be0800
R15=0x0000000002be0800 is a thread


Stack: [0x0000000002740000,0x0000000002840000],  sp=0x000000000283f280,  free space=1020k
Native frames: (J=compiled Java code, j=interpreted, Vv=VM code, C=native code)
C  [sigar-amd64-winnt.dll+0x1f44b]
C  0x0000000002d77f54

Java frames: (J=compiled Java code, j=interpreted, Vv=VM code)
j  org.hyperic.sigar.NetInterfaceStat.gather(Lorg/hyperic/sigar/Sigar;Ljava/lang/String;)V+0
j  org.hyperic.sigar.NetInterfaceStat.fetch(Lorg/hyperic/sigar/Sigar;Ljava/lang/String;)Lorg/hyperic/sigar/NetInterfaceStat;+11
j  org.hyperic.sigar.Sigar.getNetInterfaceStat(Ljava/lang/String;)Lorg/hyperic/sigar/NetInterfaceStat;+2
j  teamway.shenzhen.tms9000.ComputerInfo.getNet(Ljava/lang/String;)D+96
j  teamway.shenzhen.tms9000.ComputerInfo.getTimeNet(Ljava/lang/String;)D+60
j  teamway.shenzhen.tms9000.ComputerImp.getComputerInfo(Ljava/lang/String;Ljava/lang/String;)Lteamway/shenzhen/tms9000/Computer;+4
j  teamway.shenzhen.tms9000.ComputerTest.main([Ljava/lang/String;)V+18
v  ~StubRoutines::call_stub

---------------  P R O C E S S  ---------------

Java Threads: ( => current thread )
  0x00000000168c9800 JavaThread "Timer-0" [_thread_blocked, id=13300, stack(0x0000000017410000,0x0000000017510000)]
  0x00000000167fe800 JavaThread "Service Thread" daemon [_thread_blocked, id=14328, stack(0x0000000017080000,0x0000000017180000)]
  0x0000000016794800 JavaThread "C1 CompilerThread2" daemon [_thread_blocked, id=6860, stack(0x0000000016f80000,0x0000000017080000)]
  0x000000001545d000 JavaThread "C2 CompilerThread1" daemon [_thread_blocked, id=14252, stack(0x0000000016e80000,0x0000000016f80000)]
  0x000000001545a000 JavaThread "C2 CompilerThread0" daemon [_thread_blocked, id=11076, stack(0x0000000016d80000,0x0000000016e80000)]
  0x000000001540d800 JavaThread "Attach Listener" daemon [_thread_blocked, id=13072, stack(0x0000000016c80000,0x0000000016d80000)]
  0x0000000015459000 JavaThread "Signal Dispatcher" daemon [_thread_blocked, id=1664, stack(0x0000000016b80000,0x0000000016c80000)]
  0x0000000002cda800 JavaThread "Finalizer" daemon [_thread_blocked, id=13936, stack(0x0000000016680000,0x0000000016780000)]
  0x0000000002cce800 JavaThread "Reference Handler" daemon [_thread_blocked, id=5512, stack(0x0000000016580000,0x0000000016680000)]
=>0x0000000002be0800 JavaThread "main" [_thread_in_native, id=5948, stack(0x0000000002740000,0x0000000002840000)]

Other Threads:
  0x00000000153c6800 VMThread [stack: 0x0000000016480000,0x0000000016580000] [id=11996]
  0x0000000016868000 WatcherThread [stack: 0x0000000017180000,0x0000000017280000] [id=12520]

VM state:not at safepoint (normal execution)

VM Mutex/Monitor currently owned by a thread: None

Heap:
 PSYoungGen      total 18944K, used 2301K [0x00000000eac00000, 0x00000000ec100000, 0x0000000100000000)
  eden space 16384K, 14% used [0x00000000eac00000,0x00000000eae3f6f0,0x00000000ebc00000)
  from space 2560K, 0% used [0x00000000ebe80000,0x00000000ebe80000,0x00000000ec100000)
  to   space 2560K, 0% used [0x00000000ebc00000,0x00000000ebc00000,0x00000000ebe80000)
 ParOldGen       total 44032K, used 0K [0x00000000c0400000, 0x00000000c2f00000, 0x00000000eac00000)
  object space 44032K, 0% used [0x00000000c0400000,0x00000000c0400000,0x00000000c2f00000)
 Metaspace       used 3188K, capacity 4664K, committed 4864K, reserved 1056768K
  class space    used 345K, capacity 424K, committed 512K, reserved 1048576K

Card table byte_map: [0x0000000012120000,0x0000000012320000] byte_map_base: 0x0000000011b1e000

Marking Bits: (ParMarkBitMap*) 0x00000000549ca6d0
 Begin Bits: [0x0000000012880000, 0x0000000013870000)
 End Bits:   [0x0000000013870000, 0x0000000014860000)

Polling page: 0x0000000000fd0000

CodeCache: size=245760Kb used=1231Kb max_used=1235Kb free=244528Kb
 bounds [0x0000000002d60000, 0x0000000002fd0000, 0x0000000011d60000]
 total_blobs=327 nmethods=87 adapters=153
 compilation: enabled

Compilation events (10 events):
Event: 0.146 Thread 0x0000000016794800 nmethod 80 0x0000000002e91e90 code [0x0000000002e91fe0, 0x0000000002e92170]
Event: 0.147 Thread 0x000000001545a000 nmethod 81 0x0000000002e94f90 code [0x0000000002e950e0, 0x0000000002e95298]
Event: 0.153 Thread 0x0000000016794800   83  s    3       java.lang.StringBuffer::append (13 bytes)
Event: 0.153 Thread 0x0000000016794800 nmethod 83 0x0000000002e94810 code [0x0000000002e94980, 0x0000000002e94ca8]
Event: 0.156 Thread 0x0000000016794800   85   !   3       java.util.zip.ZipFile::getEntry (86 bytes)
Event: 0.157 Thread 0x0000000016794800 nmethod 85 0x0000000002e93990 code [0x0000000002e93b60, 0x0000000002e941b8]
Event: 0.157 Thread 0x0000000016794800   86       3       java.util.zip.ZStreamRef::address (5 bytes)
Event: 0.157 Thread 0x0000000016794800 nmethod 86 0x0000000002e93690 code [0x0000000002e937e0, 0x0000000002e93930]
Event: 0.157 Thread 0x0000000016794800   87       1       java.lang.ref.Reference::get (5 bytes)
Event: 0.157 Thread 0x0000000016794800 nmethod 87 0x0000000002e933d0 code [0x0000000002e93520, 0x0000000002e93630]

GC Heap History (0 events):
No events

Deoptimization events (0 events):
No events

Internal exceptions (6 events):
Event: 0.034 Thread 0x0000000002be0800 Exception <a 'java/lang/NoSuchMethodError': Method sun.misc.Unsafe.defineClass(Ljava/lang/String;[BII)Ljava/lang/Class; name or signature does not match> (0x00000000eac07cc0) thrown at [C:\re\workspace\8-2-build-windows-amd64-cygwin\jdk8u101\7261\hotspot\s¾Þ"Í©¡?
Event: 0.034 Thread 0x0000000002be0800 Exception <a 'java/lang/NoSuchMethodError': Method sun.misc.Unsafe.prefetchRead(Ljava/lang/Object;J)V name or signature does not match> (0x00000000eac07fa8) thrown at [C:\re\workspace\8-2-build-windows-amd64-cygwin\jdk8u101\7261\hotspot\src\share\vm\prims\ëË²ŸÂÀ?
Event: 0.131 Thread 0x0000000002be0800 Exception <a 'java/security/PrivilegedActionException'> (0x00000000ead73cb8) thrown at [C:\re\workspace\8-2-build-windows-amd64-cygwin\jdk8u101\7261\hotspot\src\share\vm\prims\jvm.cpp, line 1386]
Event: 0.131 Thread 0x0000000002be0800 Exception <a 'java/security/PrivilegedActionException'> (0x00000000ead73ec8) thrown at [C:\re\workspace\8-2-build-windows-amd64-cygwin\jdk8u101\7261\hotspot\src\share\vm\prims\jvm.cpp, line 1386]
Event: 0.131 Thread 0x0000000002be0800 Exception <a 'java/security/PrivilegedActionException'> (0x00000000ead76620) thrown at [C:\re\workspace\8-2-build-windows-amd64-cygwin\jdk8u101\7261\hotspot\src\share\vm\prims\jvm.cpp, line 1386]
Event: 0.131 Thread 0x0000000002be0800 Exception <a 'java/security/PrivilegedActionException'> (0x00000000ead76830) thrown at [C:\re\workspace\8-2-build-windows-amd64-cygwin\jdk8u101\7261\hotspot\src\share\vm\prims\jvm.cpp, line 1386]

Events (10 events):
Event: 0.156 loading class java/util/regex/Pattern$Start
Event: 0.156 loading class java/util/regex/Pattern$Start done
Event: 0.156 loading class java/util/regex/Pattern$TreeInfo
Event: 0.156 loading class java/util/regex/Pattern$TreeInfo done
Event: 0.156 loading class java/util/regex/Matcher
Event: 0.156 loading class java/util/regex/MatchResult
Event: 0.156 loading class java/util/regex/MatchResult done
Event: 0.156 loading class java/util/regex/Matcher done
Event: 0.156 loading class org/hyperic/sigar/NetInterfaceStat
Event: 0.156 loading class org/hyperic/sigar/NetInterfaceStat done


Dynamic libraries:
0x00007ff635ca0000 - 0x00007ff635cd7000 	D:\Java\jdk1.8.0_101\bin\javaw.exe
0x00007ffe120f0000 - 0x00007ffe122cb000 	C:\Windows\SYSTEM32\ntdll.dll
0x00007ffe11e20000 - 0x00007ffe11ece000 	C:\Windows\System32\KERNEL32.DLL
0x00007ffe0f1c0000 - 0x00007ffe0f409000 	C:\Windows\System32\KERNELBASE.dll
0x00007ffe11b80000 - 0x00007ffe11c21000 	C:\Windows\System32\ADVAPI32.dll
0x00007ffe11740000 - 0x00007ffe117dd000 	C:\Windows\System32\msvcrt.dll
0x00007ffe0fd30000 - 0x00007ffe0fd89000 	C:\Windows\System32\sechost.dll
0x00007ffe11f60000 - 0x00007ffe12085000 	C:\Windows\System32\RPCRT4.dll
0x00007ffe0fda0000 - 0x00007ffe0feea000 	C:\Windows\System32\USER32.dll
0x00007ffe0f140000 - 0x00007ffe0f15e000 	C:\Windows\System32\win32u.dll
0x00007ffe10160000 - 0x00007ffe10187000 	C:\Windows\System32\GDI32.dll
0x00007ffe0f4c0000 - 0x00007ffe0f647000 	C:\Windows\System32\gdi32full.dll
0x00007ffe0f030000 - 0x00007ffe0f0ca000 	C:\Windows\System32\msvcp_win.dll
0x00007ffe0e660000 - 0x00007ffe0e756000 	C:\Windows\System32\ucrtbase.dll
0x00007ffe00f60000 - 0x00007ffe011c7000 	C:\Windows\WinSxS\amd64_microsoft.windows.common-controls_6595b64144ccf1df_6.0.15063.483_none_26002d27e7c744a2\COMCTL32.dll
0x00007ffe11880000 - 0x00007ffe11b79000 	C:\Windows\System32\combase.dll
0x00007ffe0f0d0000 - 0x00007ffe0f13a000 	C:\Windows\System32\bcryptPrimitives.dll
0x00007ffe11ed0000 - 0x00007ffe11efd000 	C:\Windows\System32\IMM32.DLL
0x0000000054a50000 - 0x0000000054b22000 	D:\Java\jdk1.8.0_101\jre\bin\msvcr100.dll
0x00000000541b0000 - 0x0000000054a4a000 	D:\Java\jdk1.8.0_101\jre\bin\server\jvm.dll
0x00007ffe0fd90000 - 0x00007ffe0fd98000 	C:\Windows\System32\PSAPI.DLL
0x00007ffdffd10000 - 0x00007ffdffd19000 	C:\Windows\SYSTEM32\WSOCK32.dll
0x00007ffe100f0000 - 0x00007ffe1015c000 	C:\Windows\System32\WS2_32.dll
0x00007ffe0cc20000 - 0x00007ffe0cc43000 	C:\Windows\SYSTEM32\WINMM.dll
0x00007ffe08320000 - 0x00007ffe0832a000 	C:\Windows\SYSTEM32\VERSION.dll
0x00007ffe0cbc0000 - 0x00007ffe0cbeb000 	C:\Windows\SYSTEM32\WINMMBASE.dll
0x00007ffe0e610000 - 0x00007ffe0e659000 	C:\Windows\System32\cfgmgr32.dll
0x00000000541a0000 - 0x00000000541af000 	D:\Java\jdk1.8.0_101\jre\bin\verify.dll
0x0000000054170000 - 0x0000000054199000 	D:\Java\jdk1.8.0_101\jre\bin\java.dll
0x0000000054150000 - 0x0000000054166000 	D:\Java\jdk1.8.0_101\jre\bin\zip.dll
0x00007ffe10240000 - 0x00007ffe11677000 	C:\Windows\System32\SHELL32.dll
0x00007ffe10190000 - 0x00007ffe1023a000 	C:\Windows\System32\shcore.dll
0x00007ffe0e930000 - 0x00007ffe0f021000 	C:\Windows\System32\windows.storage.dll
0x00007ffe0fef0000 - 0x00007ffe0ff41000 	C:\Windows\System32\shlwapi.dll
0x00007ffe0e5d0000 - 0x00007ffe0e5e1000 	C:\Windows\System32\kernel.appcore.dll
0x00007ffe0e560000 - 0x00007ffe0e5ac000 	C:\Windows\System32\powrprof.dll
0x00007ffe0e5b0000 - 0x00007ffe0e5c5000 	C:\Windows\System32\profapi.dll
0x0000000017280000 - 0x00000000172f0000 	E:\FILE\ComputerInfo\target\classes\sigar\sigar-amd64-winnt.dll
0x00007ffe11c30000 - 0x00007ffe11d75000 	C:\Windows\System32\ole32.dll
0x00007ffe11680000 - 0x00007ffe11740000 	C:\Windows\System32\OLEAUT32.dll
0x00007ffe0b6f0000 - 0x00007ffe0b73d000 	C:\Windows\SYSTEM32\pdh.dll
0x00007ffe02ec0000 - 0x00007ffe02ed7000 	C:\Windows\SYSTEM32\NETAPI32.dll
0x00007ffe0dca0000 - 0x00007ffe0dcad000 	C:\Windows\SYSTEM32\NETUTILS.DLL
0x00007ffe02cd0000 - 0x00007ffe02cf6000 	C:\Windows\SYSTEM32\SRVCLI.DLL
0x00007ffe0dbb0000 - 0x00007ffe0dbe7000 	C:\Windows\SYSTEM32\iphlpapi.dll
0x00007ffe0fbb0000 - 0x00007ffe0fbb8000 	C:\Windows\System32\NSI.dll
0x00007ffe0a140000 - 0x00007ffe0a156000 	C:\Windows\SYSTEM32\dhcpcsvc6.DLL
0x00007ffe0a120000 - 0x00007ffe0a13a000 	C:\Windows\SYSTEM32\dhcpcsvc.DLL
0x00007ffe047b0000 - 0x00007ffe04959000 	C:\Windows\SYSTEM32\dbghelp.dll

VM Arguments:
jvm_args: -Dfile.encoding=UTF-8 
java_command: teamway.shenzhen.tms9000.ComputerTest
java_class_path (initial): D:\Java\jdk1.8.0_101\jre\lib\resources.jar;D:\Java\jdk1.8.0_101\jre\lib\rt.jar;D:\Java\jdk1.8.0_101\jre\lib\jsse.jar;D:\Java\jdk1.8.0_101\jre\lib\jce.jar;D:\Java\jdk1.8.0_101\jre\lib\charsets.jar;D:\Java\jdk1.8.0_101\jre\lib\jfr.jar;D:\Java\jdk1.8.0_101\jre\lib\ext\access-bridge-64.jar;D:\Java\jdk1.8.0_101\jre\lib\ext\cldrdata.jar;D:\Java\jdk1.8.0_101\jre\lib\ext\dnsns.jar;D:\Java\jdk1.8.0_101\jre\lib\ext\jaccess.jar;D:\Java\jdk1.8.0_101\jre\lib\ext\jfxrt.jar;D:\Java\jdk1.8.0_101\jre\lib\ext\localedata.jar;D:\Java\jdk1.8.0_101\jre\lib\ext\nashorn.jar;D:\Java\jdk1.8.0_101\jre\lib\ext\sunec.jar;D:\Java\jdk1.8.0_101\jre\lib\ext\sunjce_provider.jar;D:\Java\jdk1.8.0_101\jre\lib\ext\sunmscapi.jar;D:\Java\jdk1.8.0_101\jre\lib\ext\sunpkcs11.jar;D:\Java\jdk1.8.0_101\jre\lib\ext\zipfs.jar;E:\FILE\ComputerInfo\target\classes;D:\softwaredownload\eclipse-jee-oxygen-1a-win32-x86_64\eclipse\plugins\org.junit_4.12.0.v201504281640\junit.jar;D:\softwaredownload\eclipse-jee-oxygen-1a-win32-x86_64\eclipse\plugins\org.hamcrest.core_1.3.0.v201303031735.jar;C:\Users\28213\.m2\repository\com\google\guava\guava\18.0\guava-18.0.jar;C:\Users\28213\.m2\repository\org\fusesource\sigar\1.6.4\sigar-1.6.4.jar;C:\Users\28213\.m2\repository\log4j\log4j\1.2.15\log4j-1.2.15.jar
Launcher Type: SUN_STANDARD

Environment Variables:
PATH=D:/jre/bin/server;D:/jre/bin;D:/jre/lib/amd64;C:\ProgramData\Oracle\Java\javapath;C:\Windows\system32;C:\Windows;C:\Windows\System32\Wbem;C:\Windows\System32\WindowsPowerShell\v1.0\;D:\mysql-5.7.20-winx64\bin;C:\Users\28213\AppData\Local\Microsoft\WindowsApps;;D:\softwaredownload\eclipse-jee-oxygen-1a-win32-x86_64\eclipse;
USERNAME=HUHU
OS=Windows_NT
PROCESSOR_IDENTIFIER=Intel64 Family 6 Model 42 Stepping 7, GenuineIntel



---------------  S Y S T E M  ---------------

OS: Windows 10.0 , 64 bit Build 15063 (10.0.15063.296)

CPU:total 4 (2 cores per cpu, 2 threads per core) family 6 model 42 stepping 7, cmov, cx8, fxsr, mmx, sse, sse2, sse3, ssse3, sse4.1, sse4.2, popcnt, avx, clmul, ht, tsc, tscinvbit

Memory: 4k page, physical 4175112k(1548760k free), swap 5868132k(994532k free)

vm_info: Java HotSpot(TM) 64-Bit Server VM (25.101-b13) for windows-amd64 JRE (1.8.0_101-b13), built on Jun 22 2016 01:21:29 by "java_re" with MS VC++ 10.0 (VS2010)

time: Wed Nov 29 16:14:05 2017
elapsed time: 0 seconds (0d 0h 0m 0s)

