#
# A fatal error has been detected by the Java Runtime Environment:
#
#  EXCEPTION_ACCESS_VIOLATION (0xc0000005) at pc=0x00000000636a8018, pid=3976, tid=0x00000000000033d4
#
# JRE version: Java(TM) SE Runtime Environment (8.0_101-b13) (build 1.8.0_101-b13)
# Java VM: Java HotSpot(TM) 64-Bit Server VM (25.101-b13 mixed mode windows-amd64 compressed oops)
# Problematic frame:
# V  [jvm.dll+0x148018]
#
# Failed to write core dump. Minidumps are not enabled by default on client versions of Windows
#
# If you would like to submit a bug report, please visit:
#   http://bugreport.java.com/bugreport/crash.jsp
#

---------------  T H R E A D  ---------------

Current thread (0x0000000018c73000):  JavaThread "Thread-1" [_thread_in_vm, id=13268, stack(0x0000000019530000,0x0000000019630000)]

siginfo: ExceptionCode=0xc0000005, writing address 0x00000000e6db33c4

Registers:
RAX=0x00000000065e8054, RBX=0x0000000018c73000, RCX=0x0000000000000003, RDX=0x00000000e07cb370
RSP=0x000000001962ec90, RBP=0x000000004fee3d04, RSI=0x000000001962eee0, RDI=0x00000000065e8054
R8 =0x00000000197a0150, R9 =0x00000001000afda0, R10=0x000000001852ea00, R11=0x00000000197a76dc
R12=0x00000000197a0150, R13=0x00000000168beac8, R14=0x000000001962eee0, R15=0x0000000018c73000
RIP=0x00000000636a8018, EFLAGS=0x0000000000010246

Top of Stack: (sp=0x000000001962ec90)
0x000000001962ec90:   000000001852edd0 0000000000000000
0x000000001962eca0:   0000000018c731f8 000000001963b017
0x000000001962ecb0:   000000001852edd0 00000000636a0891
0x000000001962ecc0:   000000001962ecd0 0000000000000000
0x000000001962ecd0:   0000000000000000 00000000fffffffe
0x000000001962ece0:   0000000000200021 000000001964f46c
0x000000001962ecf0:   00000000197a6220 00000000168bead0
0x000000001962ed00:   000000001962eeb0 00000000168bead0
0x000000001962ed10:   0000000000016735 000000004fee3d04
0x000000001962ed20:   0000000000000000 0000000000000000
0x000000001962ed30:   ffffffffffffffff ffffffffffffffff
0x000000001962ed40:   00000000000ed050 00000000053e8941
0x000000001962ed50:   0000000000000000 0000000000000000
0x000000001962ed60:   ffffffffffffffff ffffffffffffffff
0x000000001962ed70:   ffffffffffffffff 0000000005f5e100
0x000000001962ed80:   00000000197a6220 000000001852edd0 

Instructions: (pc=0x00000000636a8018)
0x00000000636a7ff8:   24 30 4a 48 8b d6 c6 44 24 28 00 48 89 6c 24 60
0x00000000636a8008:   4c 89 64 24 20 e8 7e 3d 07 00 48 8b d0 48 63 c7
0x00000000636a8018:   48 89 2c 10 c7 83 70 02 00 00 07 00 00 00 83 3d
0x00000000636a8028:   cb 40 6c 00 01 75 09 80 3d 3d 33 6c 00 00 74 18 


Register to memory mapping:

RAX=0x00000000065e8054 is an unknown value
RBX=0x0000000018c73000 is a thread
RCX=0x0000000000000003 is an unknown value
RDX=0x00000000e07cb370 is an oop
org.hyperic.sigar.NetInterfaceStat 
 - klass: 'org/hyperic/sigar/NetInterfaceStat'
RSP=0x000000001962ec90 is pointing into the stack for thread: 0x0000000018c73000
RBP=0x000000004fee3d04 is an unknown value
RSI=0x000000001962eee0 is pointing into the stack for thread: 0x0000000018c73000
RDI=0x00000000065e8054 is an unknown value
R8 =0x00000000197a0150 is an unknown value
R9 =0x00000001000afda0 is pointing into metadata
R10=0x000000001852ea00 is an unknown value
R11=0x00000000197a76dc is an unknown value
R12=0x00000000197a0150 is an unknown value
R13=0x00000000168beac8 is pointing into metadata
R14=0x000000001962eee0 is pointing into the stack for thread: 0x0000000018c73000
R15=0x0000000018c73000 is a thread


Stack: [0x0000000019530000,0x0000000019630000],  sp=0x000000001962ec90,  free space=1019k
Native frames: (J=compiled Java code, j=interpreted, Vv=VM code, C=native code)
V  [jvm.dll+0x148018]
C  [sigar-amd64-winnt.dll+0x1f46c]
C  0x0000000003437f54

Java frames: (J=compiled Java code, j=interpreted, Vv=VM code)
j  org.hyperic.sigar.NetInterfaceStat.gather(Lorg/hyperic/sigar/Sigar;Ljava/lang/String;)V+0
j  org.hyperic.sigar.NetInterfaceStat.fetch(Lorg/hyperic/sigar/Sigar;Ljava/lang/String;)Lorg/hyperic/sigar/NetInterfaceStat;+11
j  org.hyperic.sigar.Sigar.getNetInterfaceStat(Ljava/lang/String;)Lorg/hyperic/sigar/NetInterfaceStat;+2
j  teamway.shenzhen.tms9000.ThreadProc.run()V+132
v  ~StubRoutines::call_stub

---------------  P R O C E S S  ---------------

Java Threads: ( => current thread )
  0x0000000018ccb800 JavaThread "Thread-2" [_thread_blocked, id=3040, stack(0x00000000197b0000,0x00000000198b0000)]
=>0x0000000018c73000 JavaThread "Thread-1" [_thread_in_vm, id=13268, stack(0x0000000019530000,0x0000000019630000)]
  0x0000000018c7a000 JavaThread "Thread-0" [_thread_blocked, id=7944, stack(0x0000000019430000,0x0000000019530000)]
  0x00000000181d0000 JavaThread "Service Thread" daemon [_thread_blocked, id=11816, stack(0x0000000018a30000,0x0000000018b30000)]
  0x000000001813c800 JavaThread "C1 CompilerThread2" daemon [_thread_blocked, id=12168, stack(0x0000000018930000,0x0000000018a30000)]
  0x0000000016dbc000 JavaThread "C2 CompilerThread1" daemon [_thread_blocked, id=2024, stack(0x0000000018830000,0x0000000018930000)]
  0x0000000016dba000 JavaThread "C2 CompilerThread0" daemon [_thread_blocked, id=5244, stack(0x0000000018730000,0x0000000018830000)]
  0x0000000016db8800 JavaThread "Attach Listener" daemon [_thread_blocked, id=6212, stack(0x0000000018630000,0x0000000018730000)]
  0x0000000016d6d800 JavaThread "Signal Dispatcher" daemon [_thread_blocked, id=5748, stack(0x0000000018530000,0x0000000018630000)]
  0x0000000016d4a800 JavaThread "Finalizer" daemon [_thread_blocked, id=3740, stack(0x0000000017fd0000,0x00000000180d0000)]
  0x000000000340f000 JavaThread "Reference Handler" daemon [_thread_blocked, id=2180, stack(0x0000000017ed0000,0x0000000017fd0000)]
  0x000000000160d800 JavaThread "main" [_thread_blocked, id=12980, stack(0x0000000002e80000,0x0000000002f80000)]

Other Threads:
  0x0000000016d26800 VMThread [stack: 0x0000000017dd0000,0x0000000017ed0000] [id=8288]
  0x00000000181f0800 WatcherThread [stack: 0x0000000018b30000,0x0000000018c30000] [id=1828]

VM state:not at safepoint (normal execution)

VM Mutex/Monitor currently owned by a thread: None

Heap:
 PSYoungGen      total 28672K, used 7874K [0x00000000e0180000, 0x00000000e2180000, 0x0000000100000000)
  eden space 24576K, 32% used [0x00000000e0180000,0x00000000e0930bc0,0x00000000e1980000)
  from space 4096K, 0% used [0x00000000e1d80000,0x00000000e1d80000,0x00000000e2180000)
  to   space 4096K, 0% used [0x00000000e1980000,0x00000000e1980000,0x00000000e1d80000)
 ParOldGen       total 65536K, used 0K [0x00000000a0400000, 0x00000000a4400000, 0x00000000e0180000)
  object space 65536K, 0% used [0x00000000a0400000,0x00000000a0400000,0x00000000a4400000)
 Metaspace       used 5832K, capacity 5984K, committed 6144K, reserved 1056768K
  class space    used 678K, capacity 760K, committed 768K, reserved 1048576K

Card table byte_map: [0x00000000127e0000,0x0000000012ae0000] byte_map_base: 0x00000000122de000

Marking Bits: (ParMarkBitMap*) 0x0000000063d7a6d0
 Begin Bits: [0x00000000130e0000, 0x00000000148d0000)
 End Bits:   [0x00000000148d0000, 0x00000000160c0000)

Polling page: 0x0000000001690000

CodeCache: size=245760Kb used=1889Kb max_used=1900Kb free=243870Kb
 bounds [0x0000000003420000, 0x0000000003690000, 0x0000000012420000]
 total_blobs=674 nmethods=369 adapters=218
 compilation: enabled

Compilation events (10 events):
Event: 4.186 Thread 0x000000001813c800  363       3       java.util.WeakHashMap::remove (133 bytes)
Event: 4.186 Thread 0x000000001813c800 nmethod 363 0x00000000035e8010 code [0x00000000035e8200, 0x00000000035e8cc8]
Event: 4.186 Thread 0x000000001813c800  362       1       java.util.zip.ZipCoder::isUTF8 (5 bytes)
Event: 4.186 Thread 0x000000001813c800 nmethod 362 0x00000000035e3850 code [0x00000000035e39a0, 0x00000000035e3ab0]
Event: 4.187 Thread 0x000000001813c800  366  s    3       sun.misc.URLClassPath::getLookupCache (98 bytes)
Event: 4.188 Thread 0x000000001813c800 nmethod 366 0x00000000035e7790 code [0x00000000035e7920, 0x00000000035e7e98]
Event: 4.189 Thread 0x0000000016dba000  367       4       sun.misc.MetaIndex::mayContain (51 bytes)
Event: 4.194 Thread 0x0000000016dba000 nmethod 367 0x00000000035e6d10 code [0x00000000035e6e60, 0x00000000035e70d8]
Event: 4.194 Thread 0x000000001813c800  369       1       sun.misc.URLClassPath$JarLoader::access$500 (5 bytes)
Event: 4.194 Thread 0x000000001813c800 nmethod 369 0x00000000035e34d0 code [0x00000000035e3620, 0x00000000035e3710]

GC Heap History (0 events):
No events

Deoptimization events (0 events):
No events

Internal exceptions (10 events):
Event: 0.033 Thread 0x000000000160d800 Exception <a 'java/lang/NoSuchMethodError': Method sun.misc.Unsafe.defineClass(Ljava/lang/String;[BII)Ljava/lang/Class; name or signature does not match> (0x00000000e0187cc0) thrown at [C:\re\workspace\8-2-build-windows-amd64-cygwin\jdk8u101\7261\hotspot\s¤­IñÌÏ ?
Event: 0.033 Thread 0x000000000160d800 Exception <a 'java/lang/NoSuchMethodError': Method sun.misc.Unsafe.prefetchRead(Ljava/lang/Object;J)V name or signature does not match> (0x00000000e0187fa8) thrown at [C:\re\workspace\8-2-build-windows-amd64-cygwin\jdk8u101\7261\hotspot\src\share\vm\prims\SÜ"·Ö
Event: 0.156 Thread 0x000000000160d800 Exception <a 'java/security/PrivilegedActionException'> (0x00000000e036ac38) thrown at [C:\re\workspace\8-2-build-windows-amd64-cygwin\jdk8u101\7261\hotspot\src\share\vm\prims\jvm.cpp, line 1386]
Event: 0.156 Thread 0x000000000160d800 Exception <a 'java/security/PrivilegedActionException'> (0x00000000e036ae48) thrown at [C:\re\workspace\8-2-build-windows-amd64-cygwin\jdk8u101\7261\hotspot\src\share\vm\prims\jvm.cpp, line 1386]
Event: 0.157 Thread 0x000000000160d800 Exception <a 'java/security/PrivilegedActionException'> (0x00000000e036d610) thrown at [C:\re\workspace\8-2-build-windows-amd64-cygwin\jdk8u101\7261\hotspot\src\share\vm\prims\jvm.cpp, line 1386]
Event: 0.157 Thread 0x000000000160d800 Exception <a 'java/security/PrivilegedActionException'> (0x00000000e036d820) thrown at [C:\re\workspace\8-2-build-windows-amd64-cygwin\jdk8u101\7261\hotspot\src\share\vm\prims\jvm.cpp, line 1386]
Event: 0.162 Thread 0x000000000160d800 Exception <a 'java/security/PrivilegedActionException'> (0x00000000e0390d90) thrown at [C:\re\workspace\8-2-build-windows-amd64-cygwin\jdk8u101\7261\hotspot\src\share\vm\prims\jvm.cpp, line 1386]
Event: 0.162 Thread 0x000000000160d800 Exception <a 'java/security/PrivilegedActionException'> (0x00000000e0390fa0) thrown at [C:\re\workspace\8-2-build-windows-amd64-cygwin\jdk8u101\7261\hotspot\src\share\vm\prims\jvm.cpp, line 1386]
Event: 0.315 Thread 0x000000000160d800 Exception <a 'java/lang/NoSuchFieldError': method resolution failed> (0x00000000e05d18d8) thrown at [C:\re\workspace\8-2-build-windows-amd64-cygwin\jdk8u101\7261\hotspot\src\share\vm\prims\methodHandles.cpp, line 1146]
Event: 0.317 Thread 0x000000000160d800 Exception <a 'java/lang/NoSuchFieldError': method resolution failed> (0x00000000e05df0b8) thrown at [C:\re\workspace\8-2-build-windows-amd64-cygwin\jdk8u101\7261\hotspot\src\share\vm\prims\methodHandles.cpp, line 1146]

Events (10 events):
Event: 4.194 loading class java/util/regex/Pattern$TreeInfo
Event: 4.194 loading class java/util/regex/Pattern$TreeInfo done
Event: 4.194 loading class java/util/regex/Matcher
Event: 4.194 loading class java/util/regex/MatchResult
Event: 4.194 loading class java/util/regex/MatchResult done
Event: 4.194 loading class java/util/regex/Matcher done
Event: 4.194 Executing VM operation: RevokeBias
Event: 4.194 loading class org/hyperic/sigar/NetInterfaceStat
Event: 4.194 loading class org/hyperic/sigar/NetInterfaceStat done
Event: 4.194 Executing VM operation: RevokeBias done


Dynamic libraries:
0x00007ff659a50000 - 0x00007ff659a87000 	D:\Java\jdk1.8.0_101\bin\javaw.exe
0x00007ffe5b550000 - 0x00007ffe5b72b000 	C:\Windows\SYSTEM32\ntdll.dll
0x00007ffe598d0000 - 0x00007ffe5997e000 	C:\Windows\System32\KERNEL32.DLL
0x00007ffe57c90000 - 0x00007ffe57ed9000 	C:\Windows\System32\KERNELBASE.dll
0x00007ffe58df0000 - 0x00007ffe58e91000 	C:\Windows\System32\ADVAPI32.dll
0x00007ffe59660000 - 0x00007ffe596fd000 	C:\Windows\System32\msvcrt.dll
0x00007ffe58ab0000 - 0x00007ffe58b09000 	C:\Windows\System32\sechost.dll
0x00007ffe594a0000 - 0x00007ffe595c5000 	C:\Windows\System32\RPCRT4.dll
0x00007ffe5ae40000 - 0x00007ffe5af8a000 	C:\Windows\System32\USER32.dll
0x00007ffe57c70000 - 0x00007ffe57c8e000 	C:\Windows\System32\win32u.dll
0x00007ffe5b3b0000 - 0x00007ffe5b3d7000 	C:\Windows\System32\GDI32.dll
0x00007ffe580b0000 - 0x00007ffe58237000 	C:\Windows\System32\gdi32full.dll
0x00007ffe582a0000 - 0x00007ffe5833a000 	C:\Windows\System32\msvcp_win.dll
0x00007ffe57b70000 - 0x00007ffe57c66000 	C:\Windows\System32\ucrtbase.dll
0x00007ffe4c3b0000 - 0x00007ffe4c617000 	C:\Windows\WinSxS\amd64_microsoft.windows.common-controls_6595b64144ccf1df_6.0.15063.483_none_26002d27e7c744a2\COMCTL32.dll
0x00007ffe5b000000 - 0x00007ffe5b2f9000 	C:\Windows\System32\combase.dll
0x00007ffe58340000 - 0x00007ffe583aa000 	C:\Windows\System32\bcryptPrimitives.dll
0x00007ffe59630000 - 0x00007ffe5965d000 	C:\Windows\System32\IMM32.DLL
0x0000000063e00000 - 0x0000000063ed2000 	D:\Java\jdk1.8.0_101\jre\bin\msvcr100.dll
0x0000000063560000 - 0x0000000063dfa000 	D:\Java\jdk1.8.0_101\jre\bin\server\jvm.dll
0x00007ffe58de0000 - 0x00007ffe58de8000 	C:\Windows\System32\PSAPI.DLL
0x00007ffe53280000 - 0x00007ffe5328a000 	C:\Windows\SYSTEM32\VERSION.dll
0x00007ffe55e80000 - 0x00007ffe55ea3000 	C:\Windows\SYSTEM32\WINMM.dll
0x00007ffe54ba0000 - 0x00007ffe54ba9000 	C:\Windows\SYSTEM32\WSOCK32.dll
0x00007ffe5af90000 - 0x00007ffe5affc000 	C:\Windows\System32\WS2_32.dll
0x00007ffe55b90000 - 0x00007ffe55bbb000 	C:\Windows\SYSTEM32\WINMMBASE.dll
0x00007ffe57a70000 - 0x00007ffe57ab9000 	C:\Windows\System32\cfgmgr32.dll
0x0000000063550000 - 0x000000006355f000 	D:\Java\jdk1.8.0_101\jre\bin\verify.dll
0x0000000063520000 - 0x0000000063549000 	D:\Java\jdk1.8.0_101\jre\bin\java.dll
0x0000000063500000 - 0x0000000063516000 	D:\Java\jdk1.8.0_101\jre\bin\zip.dll
0x00007ffe59980000 - 0x00007ffe5adb7000 	C:\Windows\System32\SHELL32.dll
0x00007ffe5b300000 - 0x00007ffe5b3aa000 	C:\Windows\System32\shcore.dll
0x00007ffe583b0000 - 0x00007ffe58aa1000 	C:\Windows\System32\windows.storage.dll
0x00007ffe595d0000 - 0x00007ffe59621000 	C:\Windows\System32\shlwapi.dll
0x00007ffe57a50000 - 0x00007ffe57a61000 	C:\Windows\System32\kernel.appcore.dll
0x00007ffe57a00000 - 0x00007ffe57a4c000 	C:\Windows\System32\powrprof.dll
0x00007ffe579e0000 - 0x00007ffe579f5000 	C:\Windows\System32\profapi.dll
0x00000000634e0000 - 0x00000000634fa000 	D:\Java\jdk1.8.0_101\jre\bin\net.dll
0x00007ffe572d0000 - 0x00007ffe5732c000 	C:\Windows\system32\mswsock.dll
0x00000000634c0000 - 0x00000000634d1000 	D:\Java\jdk1.8.0_101\jre\bin\nio.dll
0x00007ffe57480000 - 0x00007ffe57497000 	C:\Windows\SYSTEM32\CRYPTSP.dll
0x00007ffe56ef0000 - 0x00007ffe56f24000 	C:\Windows\system32\rsaenh.dll
0x00007ffe57580000 - 0x00007ffe575a5000 	C:\Windows\SYSTEM32\bcrypt.dll
0x00007ffe578f0000 - 0x00007ffe57919000 	C:\Windows\SYSTEM32\USERENV.dll
0x00007ffe57470000 - 0x00007ffe5747b000 	C:\Windows\SYSTEM32\CRYPTBASE.dll
0x00007ffe57070000 - 0x00007ffe570a7000 	C:\Windows\SYSTEM32\IPHLPAPI.DLL
0x00007ffe59700000 - 0x00007ffe59708000 	C:\Windows\System32\NSI.dll
0x00007ffe54100000 - 0x00007ffe54116000 	C:\Windows\SYSTEM32\dhcpcsvc6.DLL
0x00007ffe53a10000 - 0x00007ffe53a2a000 	C:\Windows\SYSTEM32\dhcpcsvc.DLL
0x0000000019630000 - 0x00000000196a0000 	E:\FILE\ComputerInfo\target\classes\sigar\sigar-amd64-winnt.dll
0x00007ffe58b10000 - 0x00007ffe58c55000 	C:\Windows\System32\ole32.dll
0x00007ffe59340000 - 0x00007ffe59400000 	C:\Windows\System32\OLEAUT32.dll
0x00007ffe4b5a0000 - 0x00007ffe4b5b7000 	C:\Windows\SYSTEM32\NETAPI32.dll
0x00007ffe4a460000 - 0x00007ffe4a4ad000 	C:\Windows\SYSTEM32\pdh.dll
0x00007ffe57160000 - 0x00007ffe5716d000 	C:\Windows\SYSTEM32\NETUTILS.DLL
0x00007ffe4b420000 - 0x00007ffe4b446000 	C:\Windows\SYSTEM32\SRVCLI.DLL
0x00007ffe4c8d0000 - 0x00007ffe4ca79000 	C:\Windows\SYSTEM32\dbghelp.dll

VM Arguments:
jvm_args: -Dfile.encoding=UTF-8 
java_command: teamway.shenzhen.tms9000.ComputerServer
java_class_path (initial): D:\Java\jdk1.8.0_101\jre\lib\resources.jar;D:\Java\jdk1.8.0_101\jre\lib\rt.jar;D:\Java\jdk1.8.0_101\jre\lib\jsse.jar;D:\Java\jdk1.8.0_101\jre\lib\jce.jar;D:\Java\jdk1.8.0_101\jre\lib\charsets.jar;D:\Java\jdk1.8.0_101\jre\lib\jfr.jar;D:\Java\jdk1.8.0_101\jre\lib\ext\access-bridge-64.jar;D:\Java\jdk1.8.0_101\jre\lib\ext\cldrdata.jar;D:\Java\jdk1.8.0_101\jre\lib\ext\dnsns.jar;D:\Java\jdk1.8.0_101\jre\lib\ext\jaccess.jar;D:\Java\jdk1.8.0_101\jre\lib\ext\jfxrt.jar;D:\Java\jdk1.8.0_101\jre\lib\ext\localedata.jar;D:\Java\jdk1.8.0_101\jre\lib\ext\nashorn.jar;D:\Java\jdk1.8.0_101\jre\lib\ext\sunec.jar;D:\Java\jdk1.8.0_101\jre\lib\ext\sunjce_provider.jar;D:\Java\jdk1.8.0_101\jre\lib\ext\sunmscapi.jar;D:\Java\jdk1.8.0_101\jre\lib\ext\sunpkcs11.jar;D:\Java\jdk1.8.0_101\jre\lib\ext\zipfs.jar;E:\FILE\ComputerInfo\target\classes;D:\softwaredownload\eclipse-jee-oxygen-1a-win32-x86_64\eclipse\plugins\org.junit_4.12.0.v201504281640\junit.jar;D:\softwaredownload\eclipse-jee-oxygen-1a-win32-x86_64\eclipse\plugins\org.hamcrest.core_1.3.0.v201303031735.jar;C:\Users\28213\.m2\repository\com\google\guava\guava\18.0\guava-18.0.jar;C:\Users\28213\.m2\repository\org\fusesource\sigar\1.6.4\sigar-1.6.4.jar;C:\Users\28213\.m2\repository\log4j\log4j\1.2.15\log4j-1.2.15.jar;C:\Users\28213\.m2\repository\org\apache\thrift\libthrift\0.10.0\libthrift-0.10.0.jar;C:\Users\28213\.m2\repository\org\slf4j\slf4j-api\1.7.12\slf4j-api-1.7.12.jar;C:\Users\28213\.m2\repository\org\apache\httpcomponents\httpclient\4.4.1\httpclient-4.4.1.jar;C:\Users\28213\.m2\repository\commons-logging\commons-logging\1.2\commons-logging-1.2.jar;C:\Users\28213\.m2\repository\commons-codec\commons-codec\1.9\commons-codec-1.9.jar;C:\Users\28213\.m2\repository\org\apache\httpcomponents\httpcore\4.4.1\httpcore-4.4.1.jar;C:\Users\28213\.m2\repository\org\slf4j\slf4j-log4j12\1.6.1\slf4j-log4j12-1.6.1.jar;C:\Users\28213\.m2\repository\com\mchange\c3p0\0.9.2\c3p0-0.9.2.jar;C:\Users\28213\.m2\repository\com\
Launcher Type: SUN_STANDARD

Environment Variables:
PATH=D:/jre/bin/server;D:/jre/bin;D:/jre/lib/amd64;C:\ProgramData\Oracle\Java\javapath;C:\Windows\system32;C:\Windows;C:\Windows\System32\Wbem;C:\Windows\System32\WindowsPowerShell\v1.0\;D:\mysql-5.7.20-winx64\bin;C:\Users\28213\AppData\Local\Microsoft\WindowsApps;;D:\softwaredownload\eclipse-jee-oxygen-1a-win32-x86_64\eclipse;
USERNAME=HUHU
OS=Windows_NT
PROCESSOR_IDENTIFIER=Intel64 Family 6 Model 42 Stepping 7, GenuineIntel



---------------  S Y S T E M  ---------------

OS: Windows 10.0 , 64 bit Build 15063 (10.0.15063.296)

CPU:total 4 (2 cores per cpu, 2 threads per core) family 6 model 42 stepping 7, cmov, cx8, fxsr, mmx, sse, sse2, sse3, ssse3, sse4.1, sse4.2, popcnt, avx, clmul, ht, tsc, tscinvbit

Memory: 4k page, physical 6272264k(3208200k free), swap 9549064k(4624756k free)

vm_info: Java HotSpot(TM) 64-Bit Server VM (25.101-b13) for windows-amd64 JRE (1.8.0_101-b13), built on Jun 22 2016 01:21:29 by "java_re" with MS VC++ 10.0 (VS2010)

time: Mon Dec 04 14:49:41 2017
elapsed time: 4 seconds (0d 0h 0m 4s)

