#
# A fatal error has been detected by the Java Runtime Environment:
#
#  EXCEPTION_ACCESS_VIOLATION (0xc0000005) at pc=0x0000000069f9351d, pid=11784, tid=0x0000000000003378
#
# JRE version: Java(TM) SE Runtime Environment (8.0_101-b13) (build 1.8.0_101-b13)
# Java VM: Java HotSpot(TM) 64-Bit Server VM (25.101-b13 mixed mode windows-amd64 compressed oops)
# Problematic frame:
# V  [jvm.dll+0x351d]
#
# Failed to write core dump. Minidumps are not enabled by default on client versions of Windows
#
# If you would like to submit a bug report, please visit:
#   http://bugreport.java.com/bugreport/crash.jsp
#

---------------  T H R E A D  ---------------

Current thread (0x0000000017a1d800):  JavaThread "Timer-0" [_thread_in_vm, id=13176, stack(0x0000000018370000,0x0000000018470000)]

siginfo: ExceptionCode=0xc0000005, writing address 0x00000000f131f81c

Registers:
RAX=0x00000000eb2c42d8, RBX=0x00000000f131f81c, RCX=0x0000000000000000, RDX=0x00000000eb2c42d8
RSP=0x000000001846ebc0, RBP=0x00000000179f8610, RSI=0x00000000eb2c42d8, RDI=0x00000000eb2c42d8
R8 =0x000000001816d850, R9 =0x00000001000b9100, R10=0x0000000000000004, R11=0x0000000000000004
R12=0x000000001846efa0, R13=0x000000001816d850, R14=0x000000001846efa0, R15=0x0000000017a1d800
RIP=0x0000000069f9351d, EFLAGS=0x0000000000010206

Top of Stack: (sp=0x000000001846ebc0)
0x000000001846ebc0:   0000000017a1d9f8 0000000069ffe8a9
0x000000001846ebd0:   000000001846ef70 0000000016dcf398
0x000000001846ebe0:   000000000605b614 000000006a0ee96b
0x000000001846ebf0:   0000000017a1d800 000000006a0d0815
0x000000001846ec00:   000000001846ec80 0000000017a1d800
0x000000001846ec10:   000000001846ef70 000000006a0d0891
0x000000001846ec20:   0000000017a1d800 0000000000000000
0x000000001846ec30:   000000001558b8f0 0000000000000000
0x000000001846ec40:   00000000033080e0 000000000309bb78
0x000000001846ec50:   000000001846ef70 000000001558b8f8
0x000000001846ec60:   000000001846ef70 0000000000200021
0x000000001846ec70:   0000000016dcf398 0000000016dcf3a0
0x000000001846ec80:   0000000030687465 0000000000000000
0x000000001846ec90:   74656e7265687445 0000000000000000
0x000000001846eca0:   0000000000000000 0000000000000000
0x000000001846ecb0:   0000000000000000 0000000000000000 

Instructions: (pc=0x0000000069f9351d)
0x0000000069f934fd:   d3 ff 50 58 48 85 ff 75 04 33 c0 eb 13 8b 0d 80
0x0000000069f9350d:   b2 79 00 48 8b c7 48 2b 05 6e b2 79 00 48 d3 e8
0x0000000069f9351d:   89 03 48 8b 0d c2 73 80 00 83 79 0c 01 75 19 48
0x0000000069f9352d:   c1 eb 09 48 03 99 90 00 00 00 c6 03 00 48 8b 5c 


Register to memory mapping:

RAX=0x00000000eb2c42d8 is an oop
java.lang.String 
 - klass: 'java/lang/String'
RBX=0x00000000f131f81c is an unallocated location in the heap
RCX=0x0000000000000000 is an unknown value
RDX=0x00000000eb2c42d8 is an oop
java.lang.String 
 - klass: 'java/lang/String'
RSP=0x000000001846ebc0 is pointing into the stack for thread: 0x0000000017a1d800
RBP=0x00000000179f8610 is an unknown value
RSI=0x00000000eb2c42d8 is an oop
java.lang.String 
 - klass: 'java/lang/String'
RDI=0x00000000eb2c42d8 is an oop
java.lang.String 
 - klass: 'java/lang/String'
R8 =0x000000001816d850 is an unknown value
R9 =0x00000001000b9100 is pointing into metadata
R10=0x0000000000000004 is an unknown value
R11=0x0000000000000004 is an unknown value
R12=0x000000001846efa0 is pointing into the stack for thread: 0x0000000017a1d800
R13=0x000000001816d850 is an unknown value
R14=0x000000001846efa0 is pointing into the stack for thread: 0x0000000017a1d800
R15=0x0000000017a1d800 is a thread


Stack: [0x0000000018370000,0x0000000018470000],  sp=0x000000001846ebc0,  free space=1018k
Native frames: (J=compiled Java code, j=interpreted, Vv=VM code, C=native code)
V  [jvm.dll+0x351d]
V  [jvm.dll+0x15e96b]
C  [sigar-amd64-winnt.dll+0x1bb78]
C  0x0000000003317f54

Java frames: (J=compiled Java code, j=interpreted, Vv=VM code)
j  org.hyperic.sigar.NetInterfaceConfig.gather(Lorg/hyperic/sigar/Sigar;Ljava/lang/String;)V+0
j  org.hyperic.sigar.NetInterfaceConfig.fetch(Lorg/hyperic/sigar/Sigar;Ljava/lang/String;)Lorg/hyperic/sigar/NetInterfaceConfig;+11
j  org.hyperic.sigar.Sigar.getNetInterfaceConfig(Ljava/lang/String;)Lorg/hyperic/sigar/NetInterfaceConfig;+2
j  teamway.shenzhen.tms9000.ComputerInfo.getNet(Ljava/lang/String;)V+41
j  teamway.shenzhen.tms9000.ComputerInfo$1.run()V+8
j  java.util.TimerThread.mainLoop()V+221
j  java.util.TimerThread.run()V+1
v  ~StubRoutines::call_stub

---------------  P R O C E S S  ---------------

Java Threads: ( => current thread )
=>0x0000000017a1d800 JavaThread "Timer-0" [_thread_in_vm, id=13176, stack(0x0000000018370000,0x0000000018470000)]
  0x0000000016e5f000 JavaThread "ReaderThread" [_thread_in_native, id=8080, stack(0x0000000017800000,0x0000000017900000)]
  0x0000000016d9b800 JavaThread "Service Thread" daemon [_thread_blocked, id=12592, stack(0x0000000017600000,0x0000000017700000)]
  0x0000000016d10000 JavaThread "C1 CompilerThread2" daemon [_thread_blocked, id=12056, stack(0x0000000017500000,0x0000000017600000)]
  0x00000000159fd000 JavaThread "C2 CompilerThread1" daemon [_thread_blocked, id=8172, stack(0x0000000017400000,0x0000000017500000)]
  0x00000000159fb000 JavaThread "C2 CompilerThread0" daemon [_thread_blocked, id=1452, stack(0x0000000017300000,0x0000000017400000)]
  0x00000000159b1000 JavaThread "Attach Listener" daemon [_thread_blocked, id=9400, stack(0x0000000017200000,0x0000000017300000)]
  0x00000000159b0000 JavaThread "Signal Dispatcher" daemon [_thread_blocked, id=8528, stack(0x0000000017100000,0x0000000017200000)]
  0x00000000032fc800 JavaThread "Finalizer" daemon [_thread_blocked, id=2388, stack(0x0000000016c00000,0x0000000016d00000)]
  0x00000000032f0800 JavaThread "Reference Handler" daemon [_thread_blocked, id=11716, stack(0x0000000016b00000,0x0000000016c00000)]
  0x00000000030fd800 JavaThread "main" [_thread_blocked, id=3768, stack(0x0000000003100000,0x0000000003200000)]

Other Threads:
  0x0000000015966800 VMThread [stack: 0x0000000016a00000,0x0000000016b00000] [id=1772]
  0x0000000016dc5800 WatcherThread [stack: 0x0000000017700000,0x0000000017800000] [id=13164]

VM state:not at safepoint (normal execution)

VM Mutex/Monitor currently owned by a thread: None

Heap:
 PSYoungGen      total 18944K, used 7254K [0x00000000eac00000, 0x00000000ec100000, 0x0000000100000000)
  eden space 16384K, 44% used [0x00000000eac00000,0x00000000eb315bb0,0x00000000ebc00000)
  from space 2560K, 0% used [0x00000000ebe80000,0x00000000ebe80000,0x00000000ec100000)
  to   space 2560K, 0% used [0x00000000ebc00000,0x00000000ebc00000,0x00000000ebe80000)
 ParOldGen       total 44032K, used 0K [0x00000000c0400000, 0x00000000c2f00000, 0x00000000eac00000)
  object space 44032K, 0% used [0x00000000c0400000,0x00000000c0400000,0x00000000c2f00000)
 Metaspace       used 6367K, capacity 6548K, committed 6656K, reserved 1056768K
  class space    used 723K, capacity 755K, committed 768K, reserved 1048576K

Card table byte_map: [0x00000000126c0000,0x00000000128c0000] byte_map_base: 0x00000000120be000

Marking Bits: (ParMarkBitMap*) 0x000000006a7aa6d0
 Begin Bits: [0x0000000012e20000, 0x0000000013e10000)
 End Bits:   [0x0000000013e10000, 0x0000000014e00000)

Polling page: 0x0000000002b60000

CodeCache: size=245760Kb used=1944Kb max_used=1953Kb free=243815Kb
 bounds [0x0000000003300000, 0x0000000003570000, 0x0000000012300000]
 total_blobs=645 nmethods=350 adapters=208
 compilation: enabled

Compilation events (10 events):
Event: 0.413 Thread 0x0000000016d10000  346       1       java.util.jar.Manifest::getMainAttributes (5 bytes)
Event: 0.413 Thread 0x0000000016d10000 nmethod 346 0x00000000034e3b50 code [0x00000000034e3ca0, 0x00000000034e3db0]
Event: 0.417 Thread 0x00000000159fd000 nmethod 345 0x00000000034e1e10 code [0x00000000034e1f60, 0x00000000034e2318]
Event: 0.436 Thread 0x00000000159fb000 nmethod 344 0x00000000034e8ad0 code [0x00000000034e8d20, 0x00000000034ea2c0]
Event: 0.915 Thread 0x0000000016d10000  347       3       java.lang.ClassLoader::loadClass (7 bytes)
Event: 0.915 Thread 0x0000000016d10000 nmethod 347 0x00000000034e1610 code [0x00000000034e1780, 0x00000000034e19a8]
Event: 0.919 Thread 0x0000000016d10000  349       3       java.util.jar.JarFile::maybeInstantiateVerifier (96 bytes)
Event: 0.921 Thread 0x0000000016d10000 nmethod 349 0x00000000034e2650 code [0x00000000034e2880, 0x00000000034e3508]
Event: 0.926 Thread 0x0000000016d10000  350       1       java.util.jar.JarFile::access$300 (5 bytes)
Event: 0.926 Thread 0x0000000016d10000 nmethod 350 0x00000000034e1350 code [0x00000000034e14a0, 0x00000000034e1590]

GC Heap History (0 events):
No events

Deoptimization events (1 events):
Event: 0.291 Thread 0x00000000030fd800 Uncommon trap: reason=unstable_if action=reinterpret pc=0x0000000003440768 method=java.lang.String.startsWith(Ljava/lang/String;I)Z @ 25

Internal exceptions (6 events):
Event: 0.060 Thread 0x00000000030fd800 Exception <a 'java/lang/NoSuchMethodError': Method sun.misc.Unsafe.defineClass(Ljava/lang/String;[BII)Ljava/lang/Class; name or signature does not match> (0x00000000eac07cc0) thrown at [C:\re\workspace\8-2-build-windows-amd64-cygwin\jdk8u101\7261\hotspot\sê0]ú¥Æ?
Event: 0.060 Thread 0x00000000030fd800 Exception <a 'java/lang/NoSuchMethodError': Method sun.misc.Unsafe.prefetchRead(Ljava/lang/Object;J)V name or signature does not match> (0x00000000eac07fa8) thrown at [C:\re\workspace\8-2-build-windows-amd64-cygwin\jdk8u101\7261\hotspot\src\share\vm\prims\seÕã˚’?
Event: 0.343 Thread 0x00000000030fd800 Exception <a 'java/security/PrivilegedActionException'> (0x00000000eb127c80) thrown at [C:\re\workspace\8-2-build-windows-amd64-cygwin\jdk8u101\7261\hotspot\src\share\vm\prims\jvm.cpp, line 1386]
Event: 0.344 Thread 0x00000000030fd800 Exception <a 'java/security/PrivilegedActionException'> (0x00000000eb128078) thrown at [C:\re\workspace\8-2-build-windows-amd64-cygwin\jdk8u101\7261\hotspot\src\share\vm\prims\jvm.cpp, line 1386]
Event: 0.344 Thread 0x00000000030fd800 Exception <a 'java/security/PrivilegedActionException'> (0x00000000eb12abc0) thrown at [C:\re\workspace\8-2-build-windows-amd64-cygwin\jdk8u101\7261\hotspot\src\share\vm\prims\jvm.cpp, line 1386]
Event: 0.344 Thread 0x00000000030fd800 Exception <a 'java/security/PrivilegedActionException'> (0x00000000eb12afb8) thrown at [C:\re\workspace\8-2-build-windows-amd64-cygwin\jdk8u101\7261\hotspot\src\share\vm\prims\jvm.cpp, line 1386]

Events (10 events):
Event: 0.916 loading class java/util/TaskQueue done
Event: 0.916 loading class java/util/TimerThread
Event: 0.916 loading class java/util/TimerThread done
Event: 0.916 loading class java/util/Timer$1
Event: 0.916 loading class java/util/Timer$1 done
Event: 0.916 Thread 0x0000000017a1d800 Thread added: 0x0000000017a1d800
Event: 0.919 loading class org/hyperic/sigar/NetInterfaceConfig
Event: 0.919 loading class org/hyperic/sigar/NetInterfaceConfig done
Event: 0.925 loading class org/hyperic/sigar/NetInterfaceStat
Event: 0.925 loading class org/hyperic/sigar/NetInterfaceStat done


Dynamic libraries:
0x00007ff7cc120000 - 0x00007ff7cc157000 	D:\Java\jdk1.8.0_101\bin\javaw.exe
0x00007ffec97a0000 - 0x00007ffec997b000 	C:\Windows\SYSTEM32\ntdll.dll
0x00007ffec8860000 - 0x00007ffec890e000 	C:\Windows\System32\KERNEL32.DLL
0x00007ffec5de0000 - 0x00007ffec6029000 	C:\Windows\System32\KERNELBASE.dll
0x00007ffec7070000 - 0x00007ffec7111000 	C:\Windows\System32\ADVAPI32.dll
0x00007ffec7120000 - 0x00007ffec71bd000 	C:\Windows\System32\msvcrt.dll
0x00007ffec9740000 - 0x00007ffec9799000 	C:\Windows\System32\sechost.dll
0x00007ffec8af0000 - 0x00007ffec8c15000 	C:\Windows\System32\RPCRT4.dll
0x00007ffec8660000 - 0x00007ffec87aa000 	C:\Windows\System32\USER32.dll
0x00007ffec5dc0000 - 0x00007ffec5dde000 	C:\Windows\System32\win32u.dll
0x00007ffec8630000 - 0x00007ffec8657000 	C:\Windows\System32\GDI32.dll
0x00007ffec62b0000 - 0x00007ffec6437000 	C:\Windows\System32\gdi32full.dll
0x00007ffec6bf0000 - 0x00007ffec6c8a000 	C:\Windows\System32\msvcp_win.dll
0x00007ffec5cc0000 - 0x00007ffec5db6000 	C:\Windows\System32\ucrtbase.dll
0x00007ffeb9b00000 - 0x00007ffeb9d67000 	C:\Windows\WinSxS\amd64_microsoft.windows.common-controls_6595b64144ccf1df_6.0.15063.483_none_26002d27e7c744a2\COMCTL32.dll
0x00007ffec9440000 - 0x00007ffec9739000 	C:\Windows\System32\combase.dll
0x00007ffec6c90000 - 0x00007ffec6cfa000 	C:\Windows\System32\bcryptPrimitives.dll
0x00007ffec71c0000 - 0x00007ffec71ed000 	C:\Windows\System32\IMM32.DLL
0x000000006a830000 - 0x000000006a902000 	D:\Java\jdk1.8.0_101\jre\bin\msvcr100.dll
0x0000000069f90000 - 0x000000006a82a000 	D:\Java\jdk1.8.0_101\jre\bin\server\jvm.dll
0x00007ffec8d00000 - 0x00007ffec8d08000 	C:\Windows\System32\PSAPI.DLL
0x00007ffec40a0000 - 0x00007ffec40c3000 	C:\Windows\SYSTEM32\WINMM.dll
0x00007ffebe540000 - 0x00007ffebe549000 	C:\Windows\SYSTEM32\WSOCK32.dll
0x00007ffec8a80000 - 0x00007ffec8aec000 	C:\Windows\System32\WS2_32.dll
0x00007ffec1210000 - 0x00007ffec121a000 	C:\Windows\SYSTEM32\VERSION.dll
0x00007ffec4070000 - 0x00007ffec409b000 	C:\Windows\SYSTEM32\winmmbase.dll
0x00007ffec64a0000 - 0x00007ffec64e9000 	C:\Windows\System32\cfgmgr32.dll
0x0000000069f80000 - 0x0000000069f8f000 	D:\Java\jdk1.8.0_101\jre\bin\verify.dll
0x0000000069f50000 - 0x0000000069f79000 	D:\Java\jdk1.8.0_101\jre\bin\java.dll
0x0000000069f30000 - 0x0000000069f46000 	D:\Java\jdk1.8.0_101\jre\bin\zip.dll
0x00007ffec71f0000 - 0x00007ffec8627000 	C:\Windows\System32\SHELL32.dll
0x00007ffec6d70000 - 0x00007ffec6e1a000 	C:\Windows\System32\shcore.dll
0x00007ffec64f0000 - 0x00007ffec6be1000 	C:\Windows\System32\windows.storage.dll
0x00007ffec6e20000 - 0x00007ffec6e71000 	C:\Windows\System32\shlwapi.dll
0x00007ffec5c60000 - 0x00007ffec5c71000 	C:\Windows\System32\kernel.appcore.dll
0x00007ffec5c10000 - 0x00007ffec5c5c000 	C:\Windows\System32\powrprof.dll
0x00007ffec5c80000 - 0x00007ffec5c95000 	C:\Windows\System32\profapi.dll
0x0000000069f10000 - 0x0000000069f2a000 	D:\Java\jdk1.8.0_101\jre\bin\net.dll
0x00007ffec5520000 - 0x00007ffec557c000 	C:\Windows\system32\mswsock.dll
0x0000000003080000 - 0x00000000030f0000 	E:\FILE\ComputerInfo\target\classes\sigar\sigar-amd64-winnt.dll
0x00007ffec9150000 - 0x00007ffec9295000 	C:\Windows\System32\ole32.dll
0x00007ffec8c40000 - 0x00007ffec8d00000 	C:\Windows\System32\OLEAUT32.dll
0x00007ffeba8c0000 - 0x00007ffeba8d7000 	C:\Windows\SYSTEM32\NETAPI32.dll
0x00007ffeb22d0000 - 0x00007ffeb231d000 	C:\Windows\SYSTEM32\pdh.dll
0x00007ffec53b0000 - 0x00007ffec53bd000 	C:\Windows\SYSTEM32\NETUTILS.DLL
0x00007ffeb7670000 - 0x00007ffeb7696000 	C:\Windows\SYSTEM32\SRVCLI.DLL
0x00007ffebdff0000 - 0x00007ffebdffe000 	C:\Windows\System32\perfos.dll
0x00007ffec52c0000 - 0x00007ffec52f7000 	C:\Windows\SYSTEM32\iphlpapi.dll
0x00007ffec87b0000 - 0x00007ffec87b8000 	C:\Windows\System32\NSI.dll
0x00007ffec06b0000 - 0x00007ffec06c6000 	C:\Windows\SYSTEM32\dhcpcsvc6.DLL
0x00007ffec0690000 - 0x00007ffec06aa000 	C:\Windows\SYSTEM32\dhcpcsvc.DLL
0x00007ffebb620000 - 0x00007ffebb7c9000 	C:\Windows\SYSTEM32\dbghelp.dll

VM Arguments:
jvm_args: -ea -Dfile.encoding=UTF-8 
java_command: org.eclipse.jdt.internal.junit.runner.RemoteTestRunner -version 3 -port 57841 -testLoaderClass org.eclipse.jdt.internal.junit4.runner.JUnit4TestLoader -loaderpluginname org.eclipse.jdt.junit4.runtime -classNames com.zhao.test.Student
java_class_path (initial): D:\Java\jdk1.8.0_101\jre\lib\resources.jar;D:\Java\jdk1.8.0_101\jre\lib\rt.jar;D:\Java\jdk1.8.0_101\jre\lib\jsse.jar;D:\Java\jdk1.8.0_101\jre\lib\jce.jar;D:\Java\jdk1.8.0_101\jre\lib\charsets.jar;D:\Java\jdk1.8.0_101\jre\lib\jfr.jar;D:\Java\jdk1.8.0_101\jre\lib\ext\access-bridge-64.jar;D:\Java\jdk1.8.0_101\jre\lib\ext\cldrdata.jar;D:\Java\jdk1.8.0_101\jre\lib\ext\dnsns.jar;D:\Java\jdk1.8.0_101\jre\lib\ext\jaccess.jar;D:\Java\jdk1.8.0_101\jre\lib\ext\jfxrt.jar;D:\Java\jdk1.8.0_101\jre\lib\ext\localedata.jar;D:\Java\jdk1.8.0_101\jre\lib\ext\nashorn.jar;D:\Java\jdk1.8.0_101\jre\lib\ext\sunec.jar;D:\Java\jdk1.8.0_101\jre\lib\ext\sunjce_provider.jar;D:\Java\jdk1.8.0_101\jre\lib\ext\sunmscapi.jar;D:\Java\jdk1.8.0_101\jre\lib\ext\sunpkcs11.jar;D:\Java\jdk1.8.0_101\jre\lib\ext\zipfs.jar;E:\FILE\ComputerInfo\target\test-classes;E:\FILE\ComputerInfo\target\classes;D:\softwaredownload\eclipse-jee-oxygen-1a-win32-x86_64\eclipse\plugins\org.junit_4.12.0.v201504281640\junit.jar;D:\softwaredownload\eclipse-jee-oxygen-1a-win32-x86_64\eclipse\plugins\org.hamcrest.core_1.3.0.v201303031735.jar;C:\Users\28213\.m2\repository\com\google\guava\guava\18.0\guava-18.0.jar;C:\Users\28213\.m2\repository\org\fusesource\sigar\1.6.4\sigar-1.6.4.jar;C:\Users\28213\.m2\repository\log4j\log4j\1.2.15\log4j-1.2.15.jar;D:\softwaredownload\eclipse-jee-oxygen-1a-win32-x86_64\eclipse\configuration\org.eclipse.osgi\413\0\.cp;D:\softwaredownload\eclipse-jee-oxygen-1a-win32-x86_64\eclipse\configuration\org.eclipse.osgi\412\0\.cp
Launcher Type: SUN_STANDARD

Environment Variables:
PATH=D:/jre/bin/server;D:/jre/bin;D:/jre/lib/amd64;C:\ProgramData\Oracle\Java\javapath;C:\Windows\system32;C:\Windows;C:\Windows\System32\Wbem;C:\Windows\System32\WindowsPowerShell\v1.0\;D:\mysql-5.7.20-winx64\bin;C:\Users\28213\AppData\Local\Microsoft\WindowsApps;;D:\softwaredownload\eclipse-jee-oxygen-1a-win32-x86_64\eclipse;
USERNAME=HUHU
OS=Windows_NT
PROCESSOR_IDENTIFIER=Intel64 Family 6 Model 42 Stepping 7, GenuineIntel



---------------  S Y S T E M  ---------------

OS: Windows 10.0 , 64 bit Build 15063 (10.0.15063.296)

CPU:total 4 (2 cores per cpu, 2 threads per core) family 6 model 42 stepping 7, cmov, cx8, fxsr, mmx, sse, sse2, sse3, ssse3, sse4.1, sse4.2, popcnt, avx, clmul, ht, tsc, tscinvbit

Memory: 4k page, physical 4175112k(1461172k free), swap 7526744k(1226044k free)

vm_info: Java HotSpot(TM) 64-Bit Server VM (25.101-b13) for windows-amd64 JRE (1.8.0_101-b13), built on Jun 22 2016 01:21:29 by "java_re" with MS VC++ 10.0 (VS2010)

time: Mon Nov 27 16:11:54 2017
elapsed time: 1 seconds (0d 0h 0m 1s)

