#
# A fatal error has been detected by the Java Runtime Environment:
#
#  EXCEPTION_ACCESS_VIOLATION (0xc0000005) at pc=0x0000000063698018, pid=8564, tid=0x0000000000001edc
#
# JRE version: Java(TM) SE Runtime Environment (8.0_101-b13) (build 1.8.0_101-b13)
# Java VM: Java HotSpot(TM) 64-Bit Server VM (25.101-b13 mixed mode windows-amd64 compressed oops)
# Problematic frame:
# V  [jvm.dll+0x148018]
#
# Failed to write core dump. Minidumps are not enabled by default on client versions of Windows
#
# If you would like to submit a bug report, please visit:
#   http://bugreport.java.com/bugreport/crash.jsp
#

---------------  T H R E A D  ---------------

Current thread (0x0000000018cc6000):  JavaThread "Thread-2" [_thread_in_vm, id=7900, stack(0x0000000019680000,0x0000000019780000)]

siginfo: ExceptionCode=0xc0000005, writing address 0x00000000e6ea4428

Registers:
RAX=0x00000000065e0c50, RBX=0x0000000018cc6000, RCX=0x0000000000000003, RDX=0x00000000e08c37d8
RSP=0x000000001977f080, RBP=0x000000004cad92ef, RSI=0x000000001977f2d0, RDI=0x00000000065e0c50
R8 =0x0000000019783140, R9 =0x00000001000afb50, R10=0x0000000018bb1660, R11=0x000000001967d8dc
R12=0x0000000019783140, R13=0x000000001687d588, R14=0x000000001977f2d0, R15=0x0000000018cc6000
RIP=0x0000000063698018, EFLAGS=0x0000000000010246

Top of Stack: (sp=0x000000001977f080)
0x000000001977f080:   0000000018bb1970 0000000000000000
0x000000001977f090:   0000000018cc61f8 0000000002c8b017
0x000000001977f0a0:   0000000018bb1970 0000000063690891
0x000000001977f0b0:   000000001977f0c0 0000000000000000
0x000000001977f0c0:   0000000000000000 00000000fffffffe
0x000000001977f0d0:   0000000000200021 0000000002c9f46c
0x000000001977f0e0:   0000000019676220 000000001687d590
0x000000001977f0f0:   000000001977f2a0 000000001687d590
0x000000001977f100:   0000000000064231 000000004cad92ef
0x000000001977f110:   0000000000000000 0000000000000000
0x000000001977f120:   ffffffffffffffff ffffffffffffffff
0x000000001977f130:   00000000000e29a2 0000000004e9bc31
0x000000001977f140:   0000000000000000 0000000000000000
0x000000001977f150:   ffffffffffffffff ffffffffffffffff
0x000000001977f160:   ffffffffffffffff 0000000005f5e100
0x000000001977f170:   0000000019676220 0000000018bb1970 

Instructions: (pc=0x0000000063698018)
0x0000000063697ff8:   24 30 4a 48 8b d6 c6 44 24 28 00 48 89 6c 24 60
0x0000000063698008:   4c 89 64 24 20 e8 7e 3d 07 00 48 8b d0 48 63 c7
0x0000000063698018:   48 89 2c 10 c7 83 70 02 00 00 07 00 00 00 83 3d
0x0000000063698028:   cb 40 6c 00 01 75 09 80 3d 3d 33 6c 00 00 74 18 


Register to memory mapping:

RAX=0x00000000065e0c50 is an unknown value
RBX=0x0000000018cc6000 is a thread
RCX=0x0000000000000003 is an unknown value
RDX=0x00000000e08c37d8 is an oop
org.hyperic.sigar.NetInterfaceStat 
 - klass: 'org/hyperic/sigar/NetInterfaceStat'
RSP=0x000000001977f080 is pointing into the stack for thread: 0x0000000018cc6000
RBP=0x000000004cad92ef is an unknown value
RSI=0x000000001977f2d0 is pointing into the stack for thread: 0x0000000018cc6000
RDI=0x00000000065e0c50 is an unknown value
R8 =0x0000000019783140 is an unknown value
R9 =0x00000001000afb50 is pointing into metadata
R10=0x0000000018bb1660 is an unknown value
R11=0x000000001967d8dc is an unknown value
R12=0x0000000019783140 is an unknown value
R13=0x000000001687d588 is pointing into metadata
R14=0x000000001977f2d0 is pointing into the stack for thread: 0x0000000018cc6000
R15=0x0000000018cc6000 is a thread


Stack: [0x0000000019680000,0x0000000019780000],  sp=0x000000001977f080,  free space=1020k
Native frames: (J=compiled Java code, j=interpreted, Vv=VM code, C=native code)
V  [jvm.dll+0x148018]
C  [sigar-amd64-winnt.dll+0x1f46c]
C  0x00000000033f7f54

Java frames: (J=compiled Java code, j=interpreted, Vv=VM code)
j  org.hyperic.sigar.NetInterfaceStat.gather(Lorg/hyperic/sigar/Sigar;Ljava/lang/String;)V+0
j  org.hyperic.sigar.NetInterfaceStat.fetch(Lorg/hyperic/sigar/Sigar;Ljava/lang/String;)Lorg/hyperic/sigar/NetInterfaceStat;+11
j  org.hyperic.sigar.Sigar.getNetInterfaceStat(Ljava/lang/String;)Lorg/hyperic/sigar/NetInterfaceStat;+2
j  teamway.shenzhen.tms9000.ThreadProc.run()V+132
v  ~StubRoutines::call_stub

---------------  P R O C E S S  ---------------

Java Threads: ( => current thread )
=>0x0000000018cc6000 JavaThread "Thread-2" [_thread_in_vm, id=7900, stack(0x0000000019680000,0x0000000019780000)]
  0x000000001834d800 JavaThread "Thread-1" [_thread_blocked, id=5848, stack(0x0000000019480000,0x0000000019580000)]
  0x0000000018c2f000 JavaThread "Thread-0" [_thread_blocked, id=2416, stack(0x0000000019380000,0x0000000019480000)]
  0x000000001811c000 JavaThread "Service Thread" daemon [_thread_blocked, id=6944, stack(0x0000000018980000,0x0000000018a80000)]
  0x0000000018098800 JavaThread "C1 CompilerThread2" daemon [_thread_blocked, id=13180, stack(0x0000000018880000,0x0000000018980000)]
  0x0000000018089000 JavaThread "C2 CompilerThread1" daemon [_thread_blocked, id=4040, stack(0x0000000018780000,0x0000000018880000)]
  0x0000000016d7d000 JavaThread "C2 CompilerThread0" daemon [_thread_blocked, id=7396, stack(0x0000000018680000,0x0000000018780000)]
  0x0000000016d7c800 JavaThread "Attach Listener" daemon [_thread_blocked, id=7892, stack(0x0000000018580000,0x0000000018680000)]
  0x0000000018088800 JavaThread "Signal Dispatcher" daemon [_thread_blocked, id=9192, stack(0x0000000018480000,0x0000000018580000)]
  0x0000000016d0a800 JavaThread "Finalizer" daemon [_thread_blocked, id=4092, stack(0x0000000017f80000,0x0000000018080000)]
  0x00000000033d0800 JavaThread "Reference Handler" daemon [_thread_blocked, id=2772, stack(0x0000000017e80000,0x0000000017f80000)]
  0x0000000002d4d800 JavaThread "main" [_thread_blocked, id=2612, stack(0x00000000031e0000,0x00000000032e0000)]

Other Threads:
  0x0000000016ce6800 VMThread [stack: 0x0000000017d80000,0x0000000017e80000] [id=5448]
  0x0000000018150800 WatcherThread [stack: 0x0000000018a80000,0x0000000018b80000] [id=6888]

VM state:not at safepoint (normal execution)

VM Mutex/Monitor currently owned by a thread: None

Heap:
 PSYoungGen      total 28672K, used 7877K [0x00000000e0180000, 0x00000000e2180000, 0x0000000100000000)
  eden space 24576K, 32% used [0x00000000e0180000,0x00000000e09317e0,0x00000000e1980000)
  from space 4096K, 0% used [0x00000000e1d80000,0x00000000e1d80000,0x00000000e2180000)
  to   space 4096K, 0% used [0x00000000e1980000,0x00000000e1980000,0x00000000e1d80000)
 ParOldGen       total 65536K, used 0K [0x00000000a0400000, 0x00000000a4400000, 0x00000000e0180000)
  object space 65536K, 0% used [0x00000000a0400000,0x00000000a0400000,0x00000000a4400000)
 Metaspace       used 5822K, capacity 5984K, committed 6144K, reserved 1056768K
  class space    used 678K, capacity 760K, committed 768K, reserved 1048576K

Card table byte_map: [0x00000000127a0000,0x0000000012aa0000] byte_map_base: 0x000000001229e000

Marking Bits: (ParMarkBitMap*) 0x0000000063d6a6d0
 Begin Bits: [0x00000000130a0000, 0x0000000014890000)
 End Bits:   [0x0000000014890000, 0x0000000016080000)

Polling page: 0x00000000013f0000

CodeCache: size=245760Kb used=1875Kb max_used=1875Kb free=243884Kb
 bounds [0x00000000033e0000, 0x0000000003650000, 0x00000000123e0000]
 total_blobs=671 nmethods=366 adapters=218
 compilation: enabled

Compilation events (10 events):
Event: 5.307 Thread 0x0000000018098800  361       3       java.net.URLStreamHandler::parseURL (1158 bytes)
Event: 5.314 Thread 0x0000000018089000  364       4       java.util.Arrays::copyOfRange (63 bytes)
Event: 5.317 Thread 0x0000000018089000 nmethod 364 0x00000000035a1810 code [0x00000000035a1960, 0x00000000035a1b58]
Event: 5.318 Thread 0x0000000018098800 nmethod 361 0x00000000035a6650 code [0x00000000035a7160, 0x00000000035b0a98]
Event: 5.318 Thread 0x0000000018098800  363       3       java.util.WeakHashMap::remove (133 bytes)
Event: 5.319 Thread 0x0000000018098800 nmethod 363 0x00000000035a5510 code [0x00000000035a5700, 0x00000000035a61c8]
Event: 5.319 Thread 0x0000000018098800  362       1       java.util.zip.ZipCoder::isUTF8 (5 bytes)
Event: 5.319 Thread 0x0000000018098800 nmethod 362 0x00000000035a1550 code [0x00000000035a16a0, 0x00000000035a17b0]
Event: 5.320 Thread 0x0000000018098800  365  s    3       sun.misc.URLClassPath::getLookupCache (98 bytes)
Event: 5.321 Thread 0x0000000018098800 nmethod 365 0x00000000035a0cd0 code [0x00000000035a0e60, 0x00000000035a13d8]

GC Heap History (0 events):
No events

Deoptimization events (0 events):
No events

Internal exceptions (10 events):
Event: 0.039 Thread 0x0000000002d4d800 Exception <a 'java/lang/NoSuchMethodError': Method sun.misc.Unsafe.defineClass(Ljava/lang/String;[BII)Ljava/lang/Class; name or signature does not match> (0x00000000e0187cc0) thrown at [C:\re\workspace\8-2-build-windows-amd64-cygwin\jdk8u101\7261\hotspot\s6\¿ïÊ£?
Event: 0.039 Thread 0x0000000002d4d800 Exception <a 'java/lang/NoSuchMethodError': Method sun.misc.Unsafe.prefetchRead(Ljava/lang/Object;J)V name or signature does not match> (0x00000000e0187fa8) thrown at [C:\re\workspace\8-2-build-windows-amd64-cygwin\jdk8u101\7261\hotspot\src\share\vm\prims\‹√XM‡≈?
Event: 0.171 Thread 0x0000000002d4d800 Exception <a 'java/security/PrivilegedActionException'> (0x00000000e036ac38) thrown at [C:\re\workspace\8-2-build-windows-amd64-cygwin\jdk8u101\7261\hotspot\src\share\vm\prims\jvm.cpp, line 1386]
Event: 0.171 Thread 0x0000000002d4d800 Exception <a 'java/security/PrivilegedActionException'> (0x00000000e036ae48) thrown at [C:\re\workspace\8-2-build-windows-amd64-cygwin\jdk8u101\7261\hotspot\src\share\vm\prims\jvm.cpp, line 1386]
Event: 0.171 Thread 0x0000000002d4d800 Exception <a 'java/security/PrivilegedActionException'> (0x00000000e036d610) thrown at [C:\re\workspace\8-2-build-windows-amd64-cygwin\jdk8u101\7261\hotspot\src\share\vm\prims\jvm.cpp, line 1386]
Event: 0.171 Thread 0x0000000002d4d800 Exception <a 'java/security/PrivilegedActionException'> (0x00000000e036d820) thrown at [C:\re\workspace\8-2-build-windows-amd64-cygwin\jdk8u101\7261\hotspot\src\share\vm\prims\jvm.cpp, line 1386]
Event: 0.178 Thread 0x0000000002d4d800 Exception <a 'java/security/PrivilegedActionException'> (0x00000000e0390d90) thrown at [C:\re\workspace\8-2-build-windows-amd64-cygwin\jdk8u101\7261\hotspot\src\share\vm\prims\jvm.cpp, line 1386]
Event: 0.178 Thread 0x0000000002d4d800 Exception <a 'java/security/PrivilegedActionException'> (0x00000000e0390fa0) thrown at [C:\re\workspace\8-2-build-windows-amd64-cygwin\jdk8u101\7261\hotspot\src\share\vm\prims\jvm.cpp, line 1386]
Event: 0.346 Thread 0x0000000002d4d800 Exception <a 'java/lang/NoSuchFieldError': method resolution failed> (0x00000000e05d1458) thrown at [C:\re\workspace\8-2-build-windows-amd64-cygwin\jdk8u101\7261\hotspot\src\share\vm\prims\methodHandles.cpp, line 1146]
Event: 0.348 Thread 0x0000000002d4d800 Exception <a 'java/lang/NoSuchFieldError': method resolution failed> (0x00000000e05debc0) thrown at [C:\re\workspace\8-2-build-windows-amd64-cygwin\jdk8u101\7261\hotspot\src\share\vm\prims\methodHandles.cpp, line 1146]

Events (10 events):
Event: 5.324 loading class java/util/regex/Pattern$TreeInfo
Event: 5.324 loading class java/util/regex/Pattern$TreeInfo done
Event: 5.324 loading class java/util/regex/Matcher
Event: 5.324 loading class java/util/regex/MatchResult
Event: 5.324 loading class java/util/regex/MatchResult done
Event: 5.324 loading class java/util/regex/Matcher done
Event: 5.325 Executing VM operation: RevokeBias
Event: 5.325 loading class org/hyperic/sigar/NetInterfaceStat
Event: 5.325 loading class org/hyperic/sigar/NetInterfaceStat done
Event: 5.325 Executing VM operation: RevokeBias done


Dynamic libraries:
0x00007ff659a50000 - 0x00007ff659a87000 	D:\Java\jdk1.8.0_101\bin\javaw.exe
0x00007ffe5b550000 - 0x00007ffe5b72b000 	C:\Windows\SYSTEM32\ntdll.dll
0x00007ffe598d0000 - 0x00007ffe5997e000 	C:\Windows\System32\KERNEL32.DLL
0x00007ffe57c90000 - 0x00007ffe57ed9000 	C:\Windows\System32\KERNELBASE.dll
0x00007ffe58df0000 - 0x00007ffe58e91000 	C:\Windows\System32\ADVAPI32.dll
0x00007ffe59660000 - 0x00007ffe596fd000 	C:\Windows\System32\msvcrt.dll
0x00007ffe58ab0000 - 0x00007ffe58b09000 	C:\Windows\System32\sechost.dll
0x00007ffe594a0000 - 0x00007ffe595c5000 	C:\Windows\System32\RPCRT4.dll
0x00007ffe5ae40000 - 0x00007ffe5af8a000 	C:\Windows\System32\USER32.dll
0x00007ffe57c70000 - 0x00007ffe57c8e000 	C:\Windows\System32\win32u.dll
0x00007ffe5b3b0000 - 0x00007ffe5b3d7000 	C:\Windows\System32\GDI32.dll
0x00007ffe580b0000 - 0x00007ffe58237000 	C:\Windows\System32\gdi32full.dll
0x00007ffe582a0000 - 0x00007ffe5833a000 	C:\Windows\System32\msvcp_win.dll
0x00007ffe57b70000 - 0x00007ffe57c66000 	C:\Windows\System32\ucrtbase.dll
0x00007ffe4c3b0000 - 0x00007ffe4c617000 	C:\Windows\WinSxS\amd64_microsoft.windows.common-controls_6595b64144ccf1df_6.0.15063.483_none_26002d27e7c744a2\COMCTL32.dll
0x00007ffe5b000000 - 0x00007ffe5b2f9000 	C:\Windows\System32\combase.dll
0x00007ffe58340000 - 0x00007ffe583aa000 	C:\Windows\System32\bcryptPrimitives.dll
0x00007ffe59630000 - 0x00007ffe5965d000 	C:\Windows\System32\IMM32.DLL
0x0000000063df0000 - 0x0000000063ec2000 	D:\Java\jdk1.8.0_101\jre\bin\msvcr100.dll
0x0000000063550000 - 0x0000000063dea000 	D:\Java\jdk1.8.0_101\jre\bin\server\jvm.dll
0x00007ffe58de0000 - 0x00007ffe58de8000 	C:\Windows\System32\PSAPI.DLL
0x00007ffe55e80000 - 0x00007ffe55ea3000 	C:\Windows\SYSTEM32\WINMM.dll
0x00007ffe53280000 - 0x00007ffe5328a000 	C:\Windows\SYSTEM32\VERSION.dll
0x00007ffe55b90000 - 0x00007ffe55bbb000 	C:\Windows\SYSTEM32\WINMMBASE.dll
0x00007ffe57a70000 - 0x00007ffe57ab9000 	C:\Windows\System32\cfgmgr32.dll
0x00007ffe54ba0000 - 0x00007ffe54ba9000 	C:\Windows\SYSTEM32\WSOCK32.dll
0x00007ffe5af90000 - 0x00007ffe5affc000 	C:\Windows\System32\WS2_32.dll
0x0000000063540000 - 0x000000006354f000 	D:\Java\jdk1.8.0_101\jre\bin\verify.dll
0x0000000063510000 - 0x0000000063539000 	D:\Java\jdk1.8.0_101\jre\bin\java.dll
0x00000000634f0000 - 0x0000000063506000 	D:\Java\jdk1.8.0_101\jre\bin\zip.dll
0x00007ffe59980000 - 0x00007ffe5adb7000 	C:\Windows\System32\SHELL32.dll
0x00007ffe5b300000 - 0x00007ffe5b3aa000 	C:\Windows\System32\shcore.dll
0x00007ffe583b0000 - 0x00007ffe58aa1000 	C:\Windows\System32\windows.storage.dll
0x00007ffe595d0000 - 0x00007ffe59621000 	C:\Windows\System32\shlwapi.dll
0x00007ffe57a50000 - 0x00007ffe57a61000 	C:\Windows\System32\kernel.appcore.dll
0x00007ffe57a00000 - 0x00007ffe57a4c000 	C:\Windows\System32\powrprof.dll
0x00007ffe579e0000 - 0x00007ffe579f5000 	C:\Windows\System32\profapi.dll
0x00000000634d0000 - 0x00000000634ea000 	D:\Java\jdk1.8.0_101\jre\bin\net.dll
0x00007ffe572d0000 - 0x00007ffe5732c000 	C:\Windows\system32\mswsock.dll
0x00000000634b0000 - 0x00000000634c1000 	D:\Java\jdk1.8.0_101\jre\bin\nio.dll
0x00007ffe57480000 - 0x00007ffe57497000 	C:\Windows\SYSTEM32\CRYPTSP.dll
0x00007ffe56ef0000 - 0x00007ffe56f24000 	C:\Windows\system32\rsaenh.dll
0x00007ffe57580000 - 0x00007ffe575a5000 	C:\Windows\SYSTEM32\bcrypt.dll
0x00007ffe578f0000 - 0x00007ffe57919000 	C:\Windows\SYSTEM32\USERENV.dll
0x00007ffe57470000 - 0x00007ffe5747b000 	C:\Windows\SYSTEM32\CRYPTBASE.dll
0x00007ffe57070000 - 0x00007ffe570a7000 	C:\Windows\SYSTEM32\IPHLPAPI.DLL
0x00007ffe59700000 - 0x00007ffe59708000 	C:\Windows\System32\NSI.dll
0x00007ffe54100000 - 0x00007ffe54116000 	C:\Windows\SYSTEM32\dhcpcsvc6.DLL
0x00007ffe53a10000 - 0x00007ffe53a2a000 	C:\Windows\SYSTEM32\dhcpcsvc.DLL
0x0000000002c80000 - 0x0000000002cf0000 	E:\FILE\ComputerInfo\target\classes\sigar\sigar-amd64-winnt.dll
0x00007ffe58b10000 - 0x00007ffe58c55000 	C:\Windows\System32\ole32.dll
0x00007ffe59340000 - 0x00007ffe59400000 	C:\Windows\System32\OLEAUT32.dll
0x00007ffe4b5a0000 - 0x00007ffe4b5b7000 	C:\Windows\SYSTEM32\NETAPI32.dll
0x00007ffe51040000 - 0x00007ffe5108d000 	C:\Windows\SYSTEM32\pdh.dll
0x00007ffe57160000 - 0x00007ffe5716d000 	C:\Windows\SYSTEM32\NETUTILS.DLL
0x00007ffe4b420000 - 0x00007ffe4b446000 	C:\Windows\SYSTEM32\SRVCLI.DLL
0x00007ffe4c8d0000 - 0x00007ffe4ca79000 	C:\Windows\SYSTEM32\dbghelp.dll

VM Arguments:
jvm_args: -Dfile.encoding=UTF-8 
java_command: teamway.shenzhen.tms9000.ComputerServer
java_class_path (initial): D:\Java\jdk1.8.0_101\jre\lib\resources.jar;D:\Java\jdk1.8.0_101\jre\lib\rt.jar;D:\Java\jdk1.8.0_101\jre\lib\jsse.jar;D:\Java\jdk1.8.0_101\jre\lib\jce.jar;D:\Java\jdk1.8.0_101\jre\lib\charsets.jar;D:\Java\jdk1.8.0_101\jre\lib\jfr.jar;D:\Java\jdk1.8.0_101\jre\lib\ext\access-bridge-64.jar;D:\Java\jdk1.8.0_101\jre\lib\ext\cldrdata.jar;D:\Java\jdk1.8.0_101\jre\lib\ext\dnsns.jar;D:\Java\jdk1.8.0_101\jre\lib\ext\jaccess.jar;D:\Java\jdk1.8.0_101\jre\lib\ext\jfxrt.jar;D:\Java\jdk1.8.0_101\jre\lib\ext\localedata.jar;D:\Java\jdk1.8.0_101\jre\lib\ext\nashorn.jar;D:\Java\jdk1.8.0_101\jre\lib\ext\sunec.jar;D:\Java\jdk1.8.0_101\jre\lib\ext\sunjce_provider.jar;D:\Java\jdk1.8.0_101\jre\lib\ext\sunmscapi.jar;D:\Java\jdk1.8.0_101\jre\lib\ext\sunpkcs11.jar;D:\Java\jdk1.8.0_101\jre\lib\ext\zipfs.jar;E:\FILE\ComputerInfo\target\classes;D:\softwaredownload\eclipse-jee-oxygen-1a-win32-x86_64\eclipse\plugins\org.junit_4.12.0.v201504281640\junit.jar;D:\softwaredownload\eclipse-jee-oxygen-1a-win32-x86_64\eclipse\plugins\org.hamcrest.core_1.3.0.v201303031735.jar;C:\Users\28213\.m2\repository\com\google\guava\guava\18.0\guava-18.0.jar;C:\Users\28213\.m2\repository\org\fusesource\sigar\1.6.4\sigar-1.6.4.jar;C:\Users\28213\.m2\repository\log4j\log4j\1.2.15\log4j-1.2.15.jar;C:\Users\28213\.m2\repository\org\apache\thrift\libthrift\0.10.0\libthrift-0.10.0.jar;C:\Users\28213\.m2\repository\org\slf4j\slf4j-api\1.7.12\slf4j-api-1.7.12.jar;C:\Users\28213\.m2\repository\org\apache\httpcomponents\httpclient\4.4.1\httpclient-4.4.1.jar;C:\Users\28213\.m2\repository\commons-logging\commons-logging\1.2\commons-logging-1.2.jar;C:\Users\28213\.m2\repository\commons-codec\commons-codec\1.9\commons-codec-1.9.jar;C:\Users\28213\.m2\repository\org\apache\httpcomponents\httpcore\4.4.1\httpcore-4.4.1.jar;C:\Users\28213\.m2\repository\org\slf4j\slf4j-log4j12\1.6.1\slf4j-log4j12-1.6.1.jar;C:\Users\28213\.m2\repository\com\mchange\c3p0\0.9.2\c3p0-0.9.2.jar;C:\Users\28213\.m2\repository\com\
Launcher Type: SUN_STANDARD

Environment Variables:
PATH=D:/jre/bin/server;D:/jre/bin;D:/jre/lib/amd64;C:\ProgramData\Oracle\Java\javapath;C:\Windows\system32;C:\Windows;C:\Windows\System32\Wbem;C:\Windows\System32\WindowsPowerShell\v1.0\;D:\mysql-5.7.20-winx64\bin;C:\Users\28213\AppData\Local\Microsoft\WindowsApps;;D:\softwaredownload\eclipse-jee-oxygen-1a-win32-x86_64\eclipse;
USERNAME=HUHU
OS=Windows_NT
PROCESSOR_IDENTIFIER=Intel64 Family 6 Model 42 Stepping 7, GenuineIntel



---------------  S Y S T E M  ---------------

OS: Windows 10.0 , 64 bit Build 15063 (10.0.15063.296)

CPU:total 4 (2 cores per cpu, 2 threads per core) family 6 model 42 stepping 7, cmov, cx8, fxsr, mmx, sse, sse2, sse3, ssse3, sse4.1, sse4.2, popcnt, avx, clmul, ht, tsc, tscinvbit

Memory: 4k page, physical 6272264k(3231340k free), swap 9549064k(4849688k free)

vm_info: Java HotSpot(TM) 64-Bit Server VM (25.101-b13) for windows-amd64 JRE (1.8.0_101-b13), built on Jun 22 2016 01:21:29 by "java_re" with MS VC++ 10.0 (VS2010)

time: Mon Dec 04 11:57:01 2017
elapsed time: 5 seconds (0d 0h 0m 5s)

