#
# A fatal error has been detected by the Java Runtime Environment:
#
#  EXCEPTION_ACCESS_VIOLATION (0xc0000005) at pc=0x000000006356351d, pid=13720, tid=0x00000000000035f8
#
# JRE version: Java(TM) SE Runtime Environment (8.0_101-b13) (build 1.8.0_101-b13)
# Java VM: Java HotSpot(TM) 64-Bit Server VM (25.101-b13 mixed mode windows-amd64 compressed oops)
# Problematic frame:
# V  [jvm.dll+0x351d]
#
# Failed to write core dump. Minidumps are not enabled by default on client versions of Windows
#
# If you would like to submit a bug report, please visit:
#   http://bugreport.java.com/bugreport/crash.jsp
#

---------------  T H R E A D  ---------------

Current thread (0x0000000018426000):  JavaThread "Thread-3" [_thread_in_vm, id=13816, stack(0x0000000018f00000,0x0000000019000000)]

siginfo: ExceptionCode=0xc0000005, writing address 0x00000000e6d09e00

Registers:
RAX=0x00000000e08c29a0, RBX=0x00000000e6d09e00, RCX=0x0000000000000000, RDX=0x00000000e08c29a0
RSP=0x0000000018ffee40, RBP=0x0000000018415698, RSI=0x00000000e08c29a0, RDI=0x00000000e08c29a0
R8 =0x000000001911d4c0, R9 =0x00000001000b8500, R10=0x0000000000000004, R11=0x0000000000000004
R12=0x0000000018fff220, R13=0x000000001911d4c0, R14=0x0000000018fff220, R15=0x0000000018426000
RIP=0x000000006356351d, EFLAGS=0x0000000000010206

Top of Stack: (sp=0x0000000018ffee40)
0x0000000018ffee40:   00000000184261f8 00000000635ce8a9
0x0000000018ffee50:   0000000018fff1f0 000000001840fcc8
0x0000000018ffee60:   0000000006447530 00000000636be96b
0x0000000018ffee70:   0000000018426000 00000000636a0815
0x0000000018ffee80:   0000000018ffef00 0000000018426000
0x0000000018ffee90:   0000000018fff1f0 00000000636a0891
0x0000000018ffeea0:   0000000018426000 0000000000000000
0x0000000018ffeeb0:   0000000015fad480 0000000000000000
0x0000000018ffeec0:   0000000002af80e0 000000001901bb78
0x0000000018ffeed0:   0000000018fff1f0 0000000015fad488
0x0000000018ffeee0:   0000000018fff1f0 0000000000200021
0x0000000018ffeef0:   0000000015fad488 0000000018426000
0x0000000018ffef00:   0000000030687465 0000000000000000
0x0000000018ffef10:   74656e7265687445 0000000000000000
0x0000000018ffef20:   0000000000000000 0000000000000000
0x0000000018ffef30:   0000000000000000 0000000000000000 

Instructions: (pc=0x000000006356351d)
0x00000000635634fd:   d3 ff 50 58 48 85 ff 75 04 33 c0 eb 13 8b 0d 80
0x000000006356350d:   b2 79 00 48 8b c7 48 2b 05 6e b2 79 00 48 d3 e8
0x000000006356351d:   89 03 48 8b 0d c2 73 80 00 83 79 0c 01 75 19 48
0x000000006356352d:   c1 eb 09 48 03 99 90 00 00 00 c6 03 00 48 8b 5c 


Register to memory mapping:

RAX=0x00000000e08c29a0 is an oop
java.lang.String 
 - klass: 'java/lang/String'
RBX=0x00000000e6d09e00 is an unallocated location in the heap
RCX=0x0000000000000000 is an unknown value
RDX=0x00000000e08c29a0 is an oop
java.lang.String 
 - klass: 'java/lang/String'
RSP=0x0000000018ffee40 is pointing into the stack for thread: 0x0000000018426000
RBP=0x0000000018415698 is an unknown value
RSI=0x00000000e08c29a0 is an oop
java.lang.String 
 - klass: 'java/lang/String'
RDI=0x00000000e08c29a0 is an oop
java.lang.String 
 - klass: 'java/lang/String'
R8 =0x000000001911d4c0 is an unknown value
R9 =0x00000001000b8500 is pointing into metadata
R10=0x0000000000000004 is an unknown value
R11=0x0000000000000004 is an unknown value
R12=0x0000000018fff220 is pointing into the stack for thread: 0x0000000018426000
R13=0x000000001911d4c0 is an unknown value
R14=0x0000000018fff220 is pointing into the stack for thread: 0x0000000018426000
R15=0x0000000018426000 is a thread


Stack: [0x0000000018f00000,0x0000000019000000],  sp=0x0000000018ffee40,  free space=1019k
Native frames: (J=compiled Java code, j=interpreted, Vv=VM code, C=native code)
V  [jvm.dll+0x351d]
V  [jvm.dll+0x15e96b]
C  [sigar-amd64-winnt.dll+0x1bb78]
C  0x0000000002b07f54

Java frames: (J=compiled Java code, j=interpreted, Vv=VM code)
j  org.hyperic.sigar.NetInterfaceConfig.gather(Lorg/hyperic/sigar/Sigar;Ljava/lang/String;)V+0
j  org.hyperic.sigar.NetInterfaceConfig.fetch(Lorg/hyperic/sigar/Sigar;Ljava/lang/String;)Lorg/hyperic/sigar/NetInterfaceConfig;+11
j  org.hyperic.sigar.Sigar.getNetInterfaceConfig(Ljava/lang/String;)Lorg/hyperic/sigar/NetInterfaceConfig;+2
j  teamway.shenzhen.tms9000.ThreadProc.run()V+80
v  ~StubRoutines::call_stub

---------------  P R O C E S S  ---------------

Java Threads: ( => current thread )
  0x0000000018479800 JavaThread "Thread-4" [_thread_blocked, id=4488, stack(0x0000000019120000,0x0000000019220000)]
=>0x0000000018426000 JavaThread "Thread-3" [_thread_in_vm, id=13816, stack(0x0000000018f00000,0x0000000019000000)]
  0x0000000017b91000 JavaThread "pool-1-thread-1" [_thread_blocked, id=13352, stack(0x0000000018e00000,0x0000000018f00000)]
  0x0000000017b90000 JavaThread "Thread-2" [_thread_in_native, id=12440, stack(0x0000000018d00000,0x0000000018e00000)]
  0x0000000017b8d800 JavaThread "Thread-1" [_thread_in_native, id=7892, stack(0x0000000018c00000,0x0000000018d00000)]
  0x0000000017b8c800 JavaThread "Thread-0" [_thread_in_native, id=9984, stack(0x0000000018b00000,0x0000000018c00000)]
  0x000000001788d000 JavaThread "Service Thread" daemon [_thread_blocked, id=14080, stack(0x00000000180e0000,0x00000000181e0000)]
  0x00000000177f1800 JavaThread "C1 CompilerThread2" daemon [_thread_blocked, id=14024, stack(0x0000000017fe0000,0x00000000180e0000)]
  0x000000001648d000 JavaThread "C2 CompilerThread1" daemon [_thread_blocked, id=5336, stack(0x0000000017ee0000,0x0000000017fe0000)]
  0x000000001648b000 JavaThread "C2 CompilerThread0" daemon [_thread_blocked, id=5392, stack(0x0000000017de0000,0x0000000017ee0000)]
  0x0000000016489800 JavaThread "Attach Listener" daemon [_thread_blocked, id=464, stack(0x0000000017ce0000,0x0000000017de0000)]
  0x000000001643e800 JavaThread "Signal Dispatcher" daemon [_thread_blocked, id=11116, stack(0x0000000017be0000,0x0000000017ce0000)]
  0x0000000002aec000 JavaThread "Finalizer" daemon [_thread_blocked, id=10676, stack(0x0000000017680000,0x0000000017780000)]
  0x0000000002adf000 JavaThread "Reference Handler" daemon [_thread_blocked, id=6524, stack(0x0000000017580000,0x0000000017680000)]
  0x00000000029ed800 JavaThread "main" [_thread_blocked, id=8252, stack(0x00000000028c0000,0x00000000029c0000)]

Other Threads:
  0x00000000163f6800 VMThread [stack: 0x0000000017480000,0x0000000017580000] [id=12444]
  0x00000000178a9000 WatcherThread [stack: 0x00000000181e0000,0x00000000182e0000] [id=360]

VM state:not at safepoint (normal execution)

VM Mutex/Monitor currently owned by a thread: None

Heap:
 PSYoungGen      total 28672K, used 8860K [0x00000000e0180000, 0x00000000e2180000, 0x0000000100000000)
  eden space 24576K, 36% used [0x00000000e0180000,0x00000000e0a27010,0x00000000e1980000)
  from space 4096K, 0% used [0x00000000e1d80000,0x00000000e1d80000,0x00000000e2180000)
  to   space 4096K, 0% used [0x00000000e1980000,0x00000000e1980000,0x00000000e1d80000)
 ParOldGen       total 65536K, used 0K [0x00000000a0400000, 0x00000000a4400000, 0x00000000e0180000)
  object space 65536K, 0% used [0x00000000a0400000,0x00000000a0400000,0x00000000a4400000)
 Metaspace       used 6010K, capacity 6160K, committed 6400K, reserved 1056768K
  class space    used 702K, capacity 760K, committed 768K, reserved 1048576K

Card table byte_map: [0x0000000011eb0000,0x00000000121b0000] byte_map_base: 0x00000000119ae000

Marking Bits: (ParMarkBitMap*) 0x0000000063d7a6d0
 Begin Bits: [0x00000000127b0000, 0x0000000013fa0000)
 End Bits:   [0x0000000013fa0000, 0x0000000015790000)

Polling page: 0x0000000002520000

CodeCache: size=245760Kb used=1876Kb max_used=1878Kb free=243883Kb
 bounds [0x0000000002af0000, 0x0000000002d60000, 0x0000000011af0000]
 total_blobs=677 nmethods=369 adapters=221
 compilation: enabled

Compilation events (10 events):
Event: 5.143 Thread 0x00000000177f1800 nmethod 360 0x0000000002cba810 code [0x0000000002cba9a0, 0x0000000002cbaf18]
Event: 5.143 Thread 0x00000000177f1800  358       1       java.util.zip.ZipCoder::isUTF8 (5 bytes)
Event: 5.143 Thread 0x00000000177f1800 nmethod 358 0x0000000002cbb090 code [0x0000000002cbb1e0, 0x0000000002cbb2f0]
Event: 5.143 Thread 0x00000000177f1800  361       1       sun.misc.URLClassPath$JarLoader::access$500 (5 bytes)
Event: 5.143 Thread 0x00000000177f1800 nmethod 361 0x0000000002cbb350 code [0x0000000002cbb4a0, 0x0000000002cbb590]
Event: 5.144 Thread 0x000000001648b000 nmethod 362 0x0000000002cbe410 code [0x0000000002cbe560, 0x0000000002cbe758]
Event: 5.147 Thread 0x000000001648d000  363       4       sun.misc.MetaIndex::mayContain (51 bytes)
Event: 5.148 Thread 0x00000000177f1800  364   !   3       java.net.URL::set (114 bytes)
Event: 5.149 Thread 0x00000000177f1800 nmethod 364 0x0000000002cbcd10 code [0x0000000002cbcf00, 0x0000000002cbda38]
Event: 5.149 Thread 0x00000000177f1800  365   !   3       java.net.URL::<init> (543 bytes)

GC Heap History (0 events):
No events

Deoptimization events (0 events):
No events

Internal exceptions (10 events):
Event: 0.029 Thread 0x00000000029ed800 Exception <a 'java/lang/NoSuchMethodError': Method sun.misc.Unsafe.defineClass(Ljava/lang/String;[BII)Ljava/lang/Class; name or signature does not match> (0x00000000e0187cc0) thrown at [C:\re\workspace\8-2-build-windows-amd64-cygwin\jdk8u101\7261\hotspot\s˙ΩeŸVrù?
Event: 0.029 Thread 0x00000000029ed800 Exception <a 'java/lang/NoSuchMethodError': Method sun.misc.Unsafe.prefetchRead(Ljava/lang/Object;J)V name or signature does not match> (0x00000000e0187fa8) thrown at [C:\re\workspace\8-2-build-windows-amd64-cygwin\jdk8u101\7261\hotspot\src\share\vm\prims\EéM 
<¬?
Event: 0.142 Thread 0x00000000029ed800 Exception <a 'java/security/PrivilegedActionException'> (0x00000000e034e2f8) thrown at [C:\re\workspace\8-2-build-windows-amd64-cygwin\jdk8u101\7261\hotspot\src\share\vm\prims\jvm.cpp, line 1386]
Event: 0.142 Thread 0x00000000029ed800 Exception <a 'java/security/PrivilegedActionException'> (0x00000000e034e508) thrown at [C:\re\workspace\8-2-build-windows-amd64-cygwin\jdk8u101\7261\hotspot\src\share\vm\prims\jvm.cpp, line 1386]
Event: 0.143 Thread 0x00000000029ed800 Exception <a 'java/security/PrivilegedActionException'> (0x00000000e0350c60) thrown at [C:\re\workspace\8-2-build-windows-amd64-cygwin\jdk8u101\7261\hotspot\src\share\vm\prims\jvm.cpp, line 1386]
Event: 0.143 Thread 0x00000000029ed800 Exception <a 'java/security/PrivilegedActionException'> (0x00000000e0350e70) thrown at [C:\re\workspace\8-2-build-windows-amd64-cygwin\jdk8u101\7261\hotspot\src\share\vm\prims\jvm.cpp, line 1386]
Event: 0.147 Thread 0x00000000029ed800 Exception <a 'java/security/PrivilegedActionException'> (0x00000000e0374488) thrown at [C:\re\workspace\8-2-build-windows-amd64-cygwin\jdk8u101\7261\hotspot\src\share\vm\prims\jvm.cpp, line 1386]
Event: 0.147 Thread 0x00000000029ed800 Exception <a 'java/security/PrivilegedActionException'> (0x00000000e0374698) thrown at [C:\re\workspace\8-2-build-windows-amd64-cygwin\jdk8u101\7261\hotspot\src\share\vm\prims\jvm.cpp, line 1386]
Event: 0.307 Thread 0x00000000029ed800 Exception <a 'java/lang/NoSuchFieldError': method resolution failed> (0x00000000e05e51d0) thrown at [C:\re\workspace\8-2-build-windows-amd64-cygwin\jdk8u101\7261\hotspot\src\share\vm\prims\methodHandles.cpp, line 1146]
Event: 0.309 Thread 0x00000000029ed800 Exception <a 'java/lang/NoSuchFieldError': method resolution failed> (0x00000000e05f28f0) thrown at [C:\re\workspace\8-2-build-windows-amd64-cygwin\jdk8u101\7261\hotspot\src\share\vm\prims\methodHandles.cpp, line 1146]

Events (10 events):
Event: 5.141 loading class java/net/URLEncoder done
Event: 5.147 Thread 0x0000000018479800 Thread added: 0x0000000018479800
Event: 5.147 Executing VM operation: RevokeBias
Event: 5.148 Executing VM operation: RevokeBias done
Event: 5.148 loading class org/hyperic/sigar/Cpu
Event: 5.148 loading class org/hyperic/sigar/Cpu done
Event: 5.148 loading class org/hyperic/sigar/NetInterfaceConfig
Event: 5.148 loading class org/hyperic/sigar/NetInterfaceConfig done
Event: 5.149 Executing VM operation: RevokeBias
Event: 5.149 Executing VM operation: RevokeBias done


Dynamic libraries:
0x00007ff659a50000 - 0x00007ff659a87000 	D:\Java\jdk1.8.0_101\bin\javaw.exe
0x00007ffe5b550000 - 0x00007ffe5b72b000 	C:\Windows\SYSTEM32\ntdll.dll
0x00007ffe598d0000 - 0x00007ffe5997e000 	C:\Windows\System32\KERNEL32.DLL
0x00007ffe57c90000 - 0x00007ffe57ed9000 	C:\Windows\System32\KERNELBASE.dll
0x00007ffe58df0000 - 0x00007ffe58e91000 	C:\Windows\System32\ADVAPI32.dll
0x00007ffe59660000 - 0x00007ffe596fd000 	C:\Windows\System32\msvcrt.dll
0x00007ffe58ab0000 - 0x00007ffe58b09000 	C:\Windows\System32\sechost.dll
0x00007ffe594a0000 - 0x00007ffe595c5000 	C:\Windows\System32\RPCRT4.dll
0x00007ffe5ae40000 - 0x00007ffe5af8a000 	C:\Windows\System32\USER32.dll
0x00007ffe57c70000 - 0x00007ffe57c8e000 	C:\Windows\System32\win32u.dll
0x00007ffe5b3b0000 - 0x00007ffe5b3d7000 	C:\Windows\System32\GDI32.dll
0x00007ffe580b0000 - 0x00007ffe58237000 	C:\Windows\System32\gdi32full.dll
0x00007ffe582a0000 - 0x00007ffe5833a000 	C:\Windows\System32\msvcp_win.dll
0x00007ffe57b70000 - 0x00007ffe57c66000 	C:\Windows\System32\ucrtbase.dll
0x00007ffe4c3b0000 - 0x00007ffe4c617000 	C:\Windows\WinSxS\amd64_microsoft.windows.common-controls_6595b64144ccf1df_6.0.15063.483_none_26002d27e7c744a2\COMCTL32.dll
0x00007ffe5b000000 - 0x00007ffe5b2f9000 	C:\Windows\System32\combase.dll
0x00007ffe58340000 - 0x00007ffe583aa000 	C:\Windows\System32\bcryptPrimitives.dll
0x00007ffe59630000 - 0x00007ffe5965d000 	C:\Windows\System32\IMM32.DLL
0x0000000063e00000 - 0x0000000063ed2000 	D:\Java\jdk1.8.0_101\jre\bin\msvcr100.dll
0x0000000063560000 - 0x0000000063dfa000 	D:\Java\jdk1.8.0_101\jre\bin\server\jvm.dll
0x00007ffe58de0000 - 0x00007ffe58de8000 	C:\Windows\System32\PSAPI.DLL
0x00007ffe54ba0000 - 0x00007ffe54ba9000 	C:\Windows\SYSTEM32\WSOCK32.dll
0x00007ffe55e80000 - 0x00007ffe55ea3000 	C:\Windows\SYSTEM32\WINMM.dll
0x00007ffe5af90000 - 0x00007ffe5affc000 	C:\Windows\System32\WS2_32.dll
0x00007ffe53280000 - 0x00007ffe5328a000 	C:\Windows\SYSTEM32\VERSION.dll
0x00007ffe55b90000 - 0x00007ffe55bbb000 	C:\Windows\SYSTEM32\winmmbase.dll
0x00007ffe57a70000 - 0x00007ffe57ab9000 	C:\Windows\System32\cfgmgr32.dll
0x0000000063550000 - 0x000000006355f000 	D:\Java\jdk1.8.0_101\jre\bin\verify.dll
0x0000000063520000 - 0x0000000063549000 	D:\Java\jdk1.8.0_101\jre\bin\java.dll
0x0000000063500000 - 0x0000000063516000 	D:\Java\jdk1.8.0_101\jre\bin\zip.dll
0x00007ffe59980000 - 0x00007ffe5adb7000 	C:\Windows\System32\SHELL32.dll
0x00007ffe5b300000 - 0x00007ffe5b3aa000 	C:\Windows\System32\shcore.dll
0x00007ffe583b0000 - 0x00007ffe58aa1000 	C:\Windows\System32\windows.storage.dll
0x00007ffe595d0000 - 0x00007ffe59621000 	C:\Windows\System32\shlwapi.dll
0x00007ffe57a50000 - 0x00007ffe57a61000 	C:\Windows\System32\kernel.appcore.dll
0x00007ffe57a00000 - 0x00007ffe57a4c000 	C:\Windows\System32\powrprof.dll
0x00007ffe579e0000 - 0x00007ffe579f5000 	C:\Windows\System32\profapi.dll
0x00000000634e0000 - 0x00000000634fa000 	D:\Java\jdk1.8.0_101\jre\bin\net.dll
0x00007ffe572d0000 - 0x00007ffe5732c000 	C:\Windows\system32\mswsock.dll
0x00000000634c0000 - 0x00000000634d1000 	D:\Java\jdk1.8.0_101\jre\bin\nio.dll
0x00007ffe57480000 - 0x00007ffe57497000 	C:\Windows\SYSTEM32\CRYPTSP.dll
0x00007ffe56ef0000 - 0x00007ffe56f24000 	C:\Windows\system32\rsaenh.dll
0x00007ffe57580000 - 0x00007ffe575a5000 	C:\Windows\SYSTEM32\bcrypt.dll
0x00007ffe578f0000 - 0x00007ffe57919000 	C:\Windows\SYSTEM32\USERENV.dll
0x00007ffe57470000 - 0x00007ffe5747b000 	C:\Windows\SYSTEM32\CRYPTBASE.dll
0x00007ffe57070000 - 0x00007ffe570a7000 	C:\Windows\SYSTEM32\IPHLPAPI.DLL
0x00007ffe59700000 - 0x00007ffe59708000 	C:\Windows\System32\NSI.dll
0x00007ffe54100000 - 0x00007ffe54116000 	C:\Windows\SYSTEM32\dhcpcsvc6.DLL
0x00007ffe53a10000 - 0x00007ffe53a2a000 	C:\Windows\SYSTEM32\dhcpcsvc.DLL
0x0000000019000000 - 0x0000000019070000 	E:\FILE\ComputerInfo\target\classes\sigar\sigar-amd64-winnt.dll
0x00007ffe58b10000 - 0x00007ffe58c55000 	C:\Windows\System32\ole32.dll
0x00007ffe59340000 - 0x00007ffe59400000 	C:\Windows\System32\OLEAUT32.dll
0x00007ffe4b5a0000 - 0x00007ffe4b5b7000 	C:\Windows\SYSTEM32\NETAPI32.dll
0x00007ffe4a460000 - 0x00007ffe4a4ad000 	C:\Windows\SYSTEM32\pdh.dll
0x00007ffe57160000 - 0x00007ffe5716d000 	C:\Windows\SYSTEM32\NETUTILS.DLL
0x00007ffe4b420000 - 0x00007ffe4b446000 	C:\Windows\SYSTEM32\SRVCLI.DLL
0x00007ffe4c8d0000 - 0x00007ffe4ca79000 	C:\Windows\SYSTEM32\dbghelp.dll

VM Arguments:
jvm_args: -Dfile.encoding=UTF-8 
java_command: teamway.shenzhen.tms9000.ComputerServer
java_class_path (initial): D:\Java\jdk1.8.0_101\jre\lib\resources.jar;D:\Java\jdk1.8.0_101\jre\lib\rt.jar;D:\Java\jdk1.8.0_101\jre\lib\jsse.jar;D:\Java\jdk1.8.0_101\jre\lib\jce.jar;D:\Java\jdk1.8.0_101\jre\lib\charsets.jar;D:\Java\jdk1.8.0_101\jre\lib\jfr.jar;D:\Java\jdk1.8.0_101\jre\lib\ext\access-bridge-64.jar;D:\Java\jdk1.8.0_101\jre\lib\ext\cldrdata.jar;D:\Java\jdk1.8.0_101\jre\lib\ext\dnsns.jar;D:\Java\jdk1.8.0_101\jre\lib\ext\jaccess.jar;D:\Java\jdk1.8.0_101\jre\lib\ext\jfxrt.jar;D:\Java\jdk1.8.0_101\jre\lib\ext\localedata.jar;D:\Java\jdk1.8.0_101\jre\lib\ext\nashorn.jar;D:\Java\jdk1.8.0_101\jre\lib\ext\sunec.jar;D:\Java\jdk1.8.0_101\jre\lib\ext\sunjce_provider.jar;D:\Java\jdk1.8.0_101\jre\lib\ext\sunmscapi.jar;D:\Java\jdk1.8.0_101\jre\lib\ext\sunpkcs11.jar;D:\Java\jdk1.8.0_101\jre\lib\ext\zipfs.jar;E:\FILE\ComputerInfo\target\classes;D:\softwaredownload\eclipse-jee-oxygen-1a-win32-x86_64\eclipse\plugins\org.junit_4.12.0.v201504281640\junit.jar;D:\softwaredownload\eclipse-jee-oxygen-1a-win32-x86_64\eclipse\plugins\org.hamcrest.core_1.3.0.v201303031735.jar;C:\Users\28213\.m2\repository\com\google\guava\guava\18.0\guava-18.0.jar;C:\Users\28213\.m2\repository\org\fusesource\sigar\1.6.4\sigar-1.6.4.jar;C:\Users\28213\.m2\repository\log4j\log4j\1.2.15\log4j-1.2.15.jar;C:\Users\28213\.m2\repository\org\apache\thrift\libthrift\0.10.0\libthrift-0.10.0.jar;C:\Users\28213\.m2\repository\org\slf4j\slf4j-api\1.7.12\slf4j-api-1.7.12.jar;C:\Users\28213\.m2\repository\org\apache\httpcomponents\httpclient\4.4.1\httpclient-4.4.1.jar;C:\Users\28213\.m2\repository\commons-logging\commons-logging\1.2\commons-logging-1.2.jar;C:\Users\28213\.m2\repository\commons-codec\commons-codec\1.9\commons-codec-1.9.jar;C:\Users\28213\.m2\repository\org\apache\httpcomponents\httpcore\4.4.1\httpcore-4.4.1.jar;C:\Users\28213\.m2\repository\org\slf4j\slf4j-log4j12\1.6.1\slf4j-log4j12-1.6.1.jar;C:\Users\28213\.m2\repository\com\mchange\c3p0\0.9.2\c3p0-0.9.2.jar;C:\Users\28213\.m2\repository\com\
Launcher Type: SUN_STANDARD

Environment Variables:
PATH=D:/jre/bin/server;D:/jre/bin;D:/jre/lib/amd64;C:\ProgramData\Oracle\Java\javapath;C:\Windows\system32;C:\Windows;C:\Windows\System32\Wbem;C:\Windows\System32\WindowsPowerShell\v1.0\;D:\mysql-5.7.20-winx64\bin;C:\Users\28213\AppData\Local\Microsoft\WindowsApps;;D:\softwaredownload\eclipse-jee-oxygen-1a-win32-x86_64\eclipse;
USERNAME=HUHU
OS=Windows_NT
PROCESSOR_IDENTIFIER=Intel64 Family 6 Model 42 Stepping 7, GenuineIntel



---------------  S Y S T E M  ---------------

OS: Windows 10.0 , 64 bit Build 15063 (10.0.15063.296)

CPU:total 4 (2 cores per cpu, 2 threads per core) family 6 model 42 stepping 7, cmov, cx8, fxsr, mmx, sse, sse2, sse3, ssse3, sse4.1, sse4.2, popcnt, avx, clmul, ht, tsc, tscinvbit

Memory: 4k page, physical 6272264k(3199492k free), swap 9549064k(4446096k free)

vm_info: Java HotSpot(TM) 64-Bit Server VM (25.101-b13) for windows-amd64 JRE (1.8.0_101-b13), built on Jun 22 2016 01:21:29 by "java_re" with MS VC++ 10.0 (VS2010)

time: Mon Dec 04 18:41:16 2017
elapsed time: 5 seconds (0d 0h 0m 5s)

