#
# A fatal error has been detected by the Java Runtime Environment:
#
#  EXCEPTION_ACCESS_VIOLATION (0xc0000005) at pc=0x000000001839f44b, pid=9556, tid=0x00000000000015d4
#
# JRE version: Java(TM) SE Runtime Environment (8.0_101-b13) (build 1.8.0_101-b13)
# Java VM: Java HotSpot(TM) 64-Bit Server VM (25.101-b13 mixed mode windows-amd64 compressed oops)
# Problematic frame:
# C  [sigar-amd64-winnt.dll+0x1f44b]
#
# Failed to write core dump. Minidumps are not enabled by default on client versions of Windows
#
# If you would like to submit a bug report, please visit:
#   http://bugreport.java.com/bugreport/crash.jsp
# The crash happened outside the Java Virtual Machine in native code.
# See problematic frame for where to report the bug.
#

---------------  T H R E A D  ---------------

Current thread (0x0000000017c9e800):  JavaThread "Timer-0" [_thread_in_native, id=5588, stack(0x0000000018650000,0x0000000018750000)]

siginfo: ExceptionCode=0xc0000005, reading address 0x0000000000000000

Registers:
RAX=0x0000000000000000, RBX=0x000000001581d2a0, RCX=0x000000006a72ed50, RDX=0x0000000000000000
RSP=0x000000001874ee50, RBP=0x000000001874f010, RSI=0x0000000000200021, RDI=0x000000000359835d
R8 =0x0000000002f124c0, R9 =0x0000000000000000, R10=0x0000000017278000, R11=0x00000000187590ec
R12=0x0000000000000000, R13=0x000000001581d298, R14=0x000000001874f040, R15=0x0000000017c9e800
RIP=0x000000001839f44b, EFLAGS=0x0000000000010202

Top of Stack: (sp=0x000000001874ee50)
0x000000001874ee50:   00000000184460d0 00000000172780c0
0x000000001874ee60:   000000001874ee70 000000001581d2a0
0x000000001874ee70:   0000000000000000 0000000000000000
0x000000001874ee80:   0000000000000000 0000000000000000
0x000000001874ee90:   ffffffffffffffff ffffffffffffffff
0x000000001874eea0:   0000000000000000 0000000000000000
0x000000001874eeb0:   0000000000000000 0000000000000000
0x000000001874eec0:   ffffffffffffffff ffffffffffffffff
0x000000001874eed0:   ffffffffffffffff 0000000040000000
0x000000001874eee0:   00000000184460d0 00000000172780c0
0x000000001874eef0:   0000000017cb31d8 0000000018440c30
0x000000001874ef00:   0000000000000000 00000000172780c0
0x000000001874ef10:   000000006a72ed50 0000000017c9e800
0x000000001874ef20:   000000000000000e 0000000017c9e800
0x000000001874ef30:   000000001581d2a0 0000000017c9e800
0x000000001874ef40:   000000001581d2a0 0000000017c9e800 

Instructions: (pc=0x000000001839f44b)
0x000000001839f42b:   f8 00 00 00 48 8b 40 08 48 8b 8c 24 40 01 00 00
0x000000001839f43b:   48 8b 09 48 89 8c 24 c0 00 00 00 4c 8b 4c 24 28
0x000000001839f44b:   4c 8b 00 48 8b 94 24 48 01 00 00 48 8b 8c 24 40
0x000000001839f45b:   01 00 00 48 8b 84 24 c0 00 00 00 ff 90 70 03 00 


Register to memory mapping:

RAX=0x0000000000000000 is an unknown value
RBX={method} {0x000000001581d2a8} 'gather' '(Lorg/hyperic/sigar/Sigar;Ljava/lang/String;)V' in 'org/hyperic/sigar/NetInterfaceStat'
RCX=0x000000006a72ed50 is an unknown value
RDX=0x0000000000000000 is an unknown value
RSP=0x000000001874ee50 is pointing into the stack for thread: 0x0000000017c9e800
RBP=0x000000001874f010 is pointing into the stack for thread: 0x0000000017c9e800
RSI=0x0000000000200021 is an unknown value
RDI=0x000000000359835d is at code_begin+2301 in an Interpreter codelet
invoke return entry points  [0x0000000003597a60, 0x0000000003598440]  2528 bytes
R8 =0x0000000002f124c0 is an unknown value
R9 =0x0000000000000000 is an unknown value
R10=0x0000000017278000 is an unknown value
R11=0x00000000187590ec is an unknown value
R12=0x0000000000000000 is an unknown value
R13=0x000000001581d298 is pointing into metadata
R14=0x000000001874f040 is pointing into the stack for thread: 0x0000000017c9e800
R15=0x0000000017c9e800 is a thread


Stack: [0x0000000018650000,0x0000000018750000],  sp=0x000000001874ee50,  free space=1019k
Native frames: (J=compiled Java code, j=interpreted, Vv=VM code, C=native code)
C  [sigar-amd64-winnt.dll+0x1f44b]
C  0x00000000035a7f54

Java frames: (J=compiled Java code, j=interpreted, Vv=VM code)
j  org.hyperic.sigar.NetInterfaceStat.gather(Lorg/hyperic/sigar/Sigar;Ljava/lang/String;)V+0
j  org.hyperic.sigar.NetInterfaceStat.fetch(Lorg/hyperic/sigar/Sigar;Ljava/lang/String;)Lorg/hyperic/sigar/NetInterfaceStat;+11
j  org.hyperic.sigar.Sigar.getNetInterfaceStat(Ljava/lang/String;)Lorg/hyperic/sigar/NetInterfaceStat;+2
j  teamway.shenzhen.tms9000.ComputerInfo.getNet(Ljava/lang/String;)V+83
j  teamway.shenzhen.tms9000.ComputerInfo$1.run()V+8
j  java.util.TimerThread.mainLoop()V+221
j  java.util.TimerThread.run()V+1
v  ~StubRoutines::call_stub

---------------  P R O C E S S  ---------------

Java Threads: ( => current thread )
=>0x0000000017c9e800 JavaThread "Timer-0" [_thread_in_native, id=5588, stack(0x0000000018650000,0x0000000018750000)]
  0x00000000170ba800 JavaThread "ReaderThread" [_thread_in_native, id=3172, stack(0x0000000017a80000,0x0000000017b80000)]
  0x0000000017012800 JavaThread "Service Thread" daemon [_thread_blocked, id=6864, stack(0x0000000017880000,0x0000000017980000)]
  0x0000000016f95800 JavaThread "C1 CompilerThread2" daemon [_thread_blocked, id=7852, stack(0x0000000017780000,0x0000000017880000)]
  0x0000000015c8c000 JavaThread "C2 CompilerThread1" daemon [_thread_blocked, id=7140, stack(0x0000000017680000,0x0000000017780000)]
  0x0000000015c8a000 JavaThread "C2 CompilerThread0" daemon [_thread_blocked, id=11728, stack(0x0000000017580000,0x0000000017680000)]
  0x0000000015c88800 JavaThread "Attach Listener" daemon [_thread_blocked, id=12264, stack(0x0000000017480000,0x0000000017580000)]
  0x0000000016f88800 JavaThread "Signal Dispatcher" daemon [_thread_blocked, id=11816, stack(0x0000000017380000,0x0000000017480000)]
  0x0000000015c1a800 JavaThread "Finalizer" daemon [_thread_blocked, id=6172, stack(0x0000000016e80000,0x0000000016f80000)]
  0x000000000357e800 JavaThread "Reference Handler" daemon [_thread_blocked, id=12520, stack(0x0000000016d80000,0x0000000016e80000)]
  0x000000000338d800 JavaThread "main" [_thread_blocked, id=10624, stack(0x0000000003390000,0x0000000003490000)]

Other Threads:
  0x0000000015bf6800 VMThread [stack: 0x0000000016c80000,0x0000000016d80000] [id=11384]
  0x0000000017067000 WatcherThread [stack: 0x0000000017980000,0x0000000017a80000] [id=6792]

VM state:not at safepoint (normal execution)

VM Mutex/Monitor currently owned by a thread: None

Heap:
 PSYoungGen      total 18944K, used 7256K [0x00000000eac00000, 0x00000000ec100000, 0x0000000100000000)
  eden space 16384K, 44% used [0x00000000eac00000,0x00000000eb316048,0x00000000ebc00000)
  from space 2560K, 0% used [0x00000000ebe80000,0x00000000ebe80000,0x00000000ec100000)
  to   space 2560K, 0% used [0x00000000ebc00000,0x00000000ebc00000,0x00000000ebe80000)
 ParOldGen       total 44032K, used 0K [0x00000000c0400000, 0x00000000c2f00000, 0x00000000eac00000)
  object space 44032K, 0% used [0x00000000c0400000,0x00000000c0400000,0x00000000c2f00000)
 Metaspace       used 6376K, capacity 6548K, committed 6656K, reserved 1056768K
  class space    used 723K, capacity 755K, committed 768K, reserved 1048576K

Card table byte_map: [0x0000000012950000,0x0000000012b50000] byte_map_base: 0x000000001234e000

Marking Bits: (ParMarkBitMap*) 0x000000006a7aa6d0
 Begin Bits: [0x00000000130b0000, 0x00000000140a0000)
 End Bits:   [0x00000000140a0000, 0x0000000015090000)

Polling page: 0x0000000002f30000

CodeCache: size=245760Kb used=1940Kb max_used=1940Kb free=243819Kb
 bounds [0x0000000003590000, 0x0000000003800000, 0x0000000012590000]
 total_blobs=642 nmethods=347 adapters=208
 compilation: enabled

Compilation events (10 events):
Event: 0.383 Thread 0x0000000016f95800  341       1       java.util.jar.Manifest::getMainAttributes (5 bytes)
Event: 0.383 Thread 0x0000000016f95800 nmethod 341 0x0000000003771290 code [0x00000000037713e0, 0x00000000037714f0]
Event: 0.387 Thread 0x0000000015c8c000 nmethod 340 0x00000000037709d0 code [0x0000000003770b20, 0x0000000003770f58]
Event: 0.885 Thread 0x0000000016f95800  342       3       java.lang.ClassLoader::loadClass (7 bytes)
Event: 0.885 Thread 0x0000000016f95800 nmethod 342 0x0000000003777e50 code [0x0000000003777fc0, 0x00000000037781e8]
Event: 0.890 Thread 0x0000000016f95800  344       3       java.util.jar.JarFile::maybeInstantiateVerifier (96 bytes)
Event: 0.891 Thread 0x0000000016f95800 nmethod 344 0x0000000003776950 code [0x0000000003776b80, 0x0000000003777808]
Event: 0.896 Thread 0x0000000016f95800  345       3       sun.misc.Launcher$AppClassLoader::loadClass (85 bytes)
Event: 0.897 Thread 0x0000000016f95800 nmethod 345 0x0000000003775550 code [0x0000000003775780, 0x00000000037764a8]
Event: 0.897 Thread 0x0000000016f95800  346  s    3       sun.misc.URLClassPath::knownToNotExist (24 bytes)

GC Heap History (0 events):
No events

Deoptimization events (1 events):
Event: 0.240 Thread 0x000000000338d800 Uncommon trap: reason=unstable_if action=reinterpret pc=0x00000000036ce6a8 method=java.lang.String.startsWith(Ljava/lang/String;I)Z @ 25

Internal exceptions (6 events):
Event: 0.032 Thread 0x000000000338d800 Exception <a 'java/lang/NoSuchMethodError': Method sun.misc.Unsafe.defineClass(Ljava/lang/String;[BII)Ljava/lang/Class; name or signature does not match> (0x00000000eac07cc0) thrown at [C:\re\workspace\8-2-build-windows-amd64-cygwin\jdk8u101\7261\hotspot\s:Q£ÿ
\†?
Event: 0.032 Thread 0x000000000338d800 Exception <a 'java/lang/NoSuchMethodError': Method sun.misc.Unsafe.prefetchRead(Ljava/lang/Object;J)V name or signature does not match> (0x00000000eac07fa8) thrown at [C:\re\workspace\8-2-build-windows-amd64-cygwin\jdk8u101\7261\hotspot\src\share\vm\prims\›+
∏’‰”?
Event: 0.311 Thread 0x000000000338d800 Exception <a 'java/security/PrivilegedActionException'> (0x00000000eb128118) thrown at [C:\re\workspace\8-2-build-windows-amd64-cygwin\jdk8u101\7261\hotspot\src\share\vm\prims\jvm.cpp, line 1386]
Event: 0.311 Thread 0x000000000338d800 Exception <a 'java/security/PrivilegedActionException'> (0x00000000eb128510) thrown at [C:\re\workspace\8-2-build-windows-amd64-cygwin\jdk8u101\7261\hotspot\src\share\vm\prims\jvm.cpp, line 1386]
Event: 0.311 Thread 0x000000000338d800 Exception <a 'java/security/PrivilegedActionException'> (0x00000000eb12b058) thrown at [C:\re\workspace\8-2-build-windows-amd64-cygwin\jdk8u101\7261\hotspot\src\share\vm\prims\jvm.cpp, line 1386]
Event: 0.311 Thread 0x000000000338d800 Exception <a 'java/security/PrivilegedActionException'> (0x00000000eb12b450) thrown at [C:\re\workspace\8-2-build-windows-amd64-cygwin\jdk8u101\7261\hotspot\src\share\vm\prims\jvm.cpp, line 1386]

Events (10 events):
Event: 0.886 loading class java/util/TaskQueue done
Event: 0.886 loading class java/util/TimerThread
Event: 0.886 loading class java/util/TimerThread done
Event: 0.886 loading class java/util/Timer$1
Event: 0.886 loading class java/util/Timer$1 done
Event: 0.886 Thread 0x0000000017c9e800 Thread added: 0x0000000017c9e800
Event: 0.889 loading class org/hyperic/sigar/NetInterfaceConfig
Event: 0.889 loading class org/hyperic/sigar/NetInterfaceConfig done
Event: 0.896 loading class org/hyperic/sigar/NetInterfaceStat
Event: 0.896 loading class org/hyperic/sigar/NetInterfaceStat done


Dynamic libraries:
0x00007ff7cc120000 - 0x00007ff7cc157000 	D:\Java\jdk1.8.0_101\bin\javaw.exe
0x00007ffec97a0000 - 0x00007ffec997b000 	C:\Windows\SYSTEM32\ntdll.dll
0x00007ffec8860000 - 0x00007ffec890e000 	C:\Windows\System32\KERNEL32.DLL
0x00007ffec5de0000 - 0x00007ffec6029000 	C:\Windows\System32\KERNELBASE.dll
0x00007ffec7070000 - 0x00007ffec7111000 	C:\Windows\System32\ADVAPI32.dll
0x00007ffec7120000 - 0x00007ffec71bd000 	C:\Windows\System32\msvcrt.dll
0x00007ffec9740000 - 0x00007ffec9799000 	C:\Windows\System32\sechost.dll
0x00007ffec8af0000 - 0x00007ffec8c15000 	C:\Windows\System32\RPCRT4.dll
0x00007ffec8660000 - 0x00007ffec87aa000 	C:\Windows\System32\USER32.dll
0x00007ffec5dc0000 - 0x00007ffec5dde000 	C:\Windows\System32\win32u.dll
0x00007ffec8630000 - 0x00007ffec8657000 	C:\Windows\System32\GDI32.dll
0x00007ffec62b0000 - 0x00007ffec6437000 	C:\Windows\System32\gdi32full.dll
0x00007ffec6bf0000 - 0x00007ffec6c8a000 	C:\Windows\System32\msvcp_win.dll
0x00007ffec5cc0000 - 0x00007ffec5db6000 	C:\Windows\System32\ucrtbase.dll
0x00007ffeb9b00000 - 0x00007ffeb9d67000 	C:\Windows\WinSxS\amd64_microsoft.windows.common-controls_6595b64144ccf1df_6.0.15063.483_none_26002d27e7c744a2\COMCTL32.dll
0x00007ffec9440000 - 0x00007ffec9739000 	C:\Windows\System32\combase.dll
0x00007ffec6c90000 - 0x00007ffec6cfa000 	C:\Windows\System32\bcryptPrimitives.dll
0x00007ffec71c0000 - 0x00007ffec71ed000 	C:\Windows\System32\IMM32.DLL
0x000000006a830000 - 0x000000006a902000 	D:\Java\jdk1.8.0_101\jre\bin\msvcr100.dll
0x0000000069f90000 - 0x000000006a82a000 	D:\Java\jdk1.8.0_101\jre\bin\server\jvm.dll
0x00007ffec8d00000 - 0x00007ffec8d08000 	C:\Windows\System32\PSAPI.DLL
0x00007ffec1210000 - 0x00007ffec121a000 	C:\Windows\SYSTEM32\VERSION.dll
0x00007ffec40a0000 - 0x00007ffec40c3000 	C:\Windows\SYSTEM32\WINMM.dll
0x00007ffebe540000 - 0x00007ffebe549000 	C:\Windows\SYSTEM32\WSOCK32.dll
0x00007ffec8a80000 - 0x00007ffec8aec000 	C:\Windows\System32\WS2_32.dll
0x00007ffec4070000 - 0x00007ffec409b000 	C:\Windows\SYSTEM32\WINMMBASE.dll
0x00007ffec64a0000 - 0x00007ffec64e9000 	C:\Windows\System32\cfgmgr32.dll
0x0000000069f80000 - 0x0000000069f8f000 	D:\Java\jdk1.8.0_101\jre\bin\verify.dll
0x0000000069f50000 - 0x0000000069f79000 	D:\Java\jdk1.8.0_101\jre\bin\java.dll
0x0000000069f30000 - 0x0000000069f46000 	D:\Java\jdk1.8.0_101\jre\bin\zip.dll
0x00007ffec71f0000 - 0x00007ffec8627000 	C:\Windows\System32\SHELL32.dll
0x00007ffec6d70000 - 0x00007ffec6e1a000 	C:\Windows\System32\shcore.dll
0x00007ffec64f0000 - 0x00007ffec6be1000 	C:\Windows\System32\windows.storage.dll
0x00007ffec6e20000 - 0x00007ffec6e71000 	C:\Windows\System32\shlwapi.dll
0x00007ffec5c60000 - 0x00007ffec5c71000 	C:\Windows\System32\kernel.appcore.dll
0x00007ffec5c10000 - 0x00007ffec5c5c000 	C:\Windows\System32\powrprof.dll
0x00007ffec5c80000 - 0x00007ffec5c95000 	C:\Windows\System32\profapi.dll
0x0000000069f10000 - 0x0000000069f2a000 	D:\Java\jdk1.8.0_101\jre\bin\net.dll
0x00007ffec5520000 - 0x00007ffec557c000 	C:\Windows\system32\mswsock.dll
0x0000000018380000 - 0x00000000183f0000 	E:\FILE\ComputerInfo\target\classes\sigar\sigar-amd64-winnt.dll
0x00007ffec9150000 - 0x00007ffec9295000 	C:\Windows\System32\ole32.dll
0x00007ffec8c40000 - 0x00007ffec8d00000 	C:\Windows\System32\OLEAUT32.dll
0x00007ffeba8c0000 - 0x00007ffeba8d7000 	C:\Windows\SYSTEM32\NETAPI32.dll
0x00007ffeb22d0000 - 0x00007ffeb231d000 	C:\Windows\SYSTEM32\pdh.dll
0x00007ffec53b0000 - 0x00007ffec53bd000 	C:\Windows\SYSTEM32\NETUTILS.DLL
0x00007ffeb7670000 - 0x00007ffeb7696000 	C:\Windows\SYSTEM32\SRVCLI.DLL
0x00007ffebdff0000 - 0x00007ffebdffe000 	C:\Windows\System32\perfos.dll
0x00007ffec52c0000 - 0x00007ffec52f7000 	C:\Windows\SYSTEM32\iphlpapi.dll
0x00007ffec87b0000 - 0x00007ffec87b8000 	C:\Windows\System32\NSI.dll
0x00007ffec06b0000 - 0x00007ffec06c6000 	C:\Windows\SYSTEM32\dhcpcsvc6.DLL
0x00007ffec0690000 - 0x00007ffec06aa000 	C:\Windows\SYSTEM32\dhcpcsvc.DLL
0x00007ffebb620000 - 0x00007ffebb7c9000 	C:\Windows\SYSTEM32\dbghelp.dll

VM Arguments:
jvm_args: -ea -Dfile.encoding=UTF-8 
java_command: org.eclipse.jdt.internal.junit.runner.RemoteTestRunner -version 3 -port 57877 -testLoaderClass org.eclipse.jdt.internal.junit4.runner.JUnit4TestLoader -loaderpluginname org.eclipse.jdt.junit4.runtime -classNames com.zhao.test.Student
java_class_path (initial): D:\Java\jdk1.8.0_101\jre\lib\resources.jar;D:\Java\jdk1.8.0_101\jre\lib\rt.jar;D:\Java\jdk1.8.0_101\jre\lib\jsse.jar;D:\Java\jdk1.8.0_101\jre\lib\jce.jar;D:\Java\jdk1.8.0_101\jre\lib\charsets.jar;D:\Java\jdk1.8.0_101\jre\lib\jfr.jar;D:\Java\jdk1.8.0_101\jre\lib\ext\access-bridge-64.jar;D:\Java\jdk1.8.0_101\jre\lib\ext\cldrdata.jar;D:\Java\jdk1.8.0_101\jre\lib\ext\dnsns.jar;D:\Java\jdk1.8.0_101\jre\lib\ext\jaccess.jar;D:\Java\jdk1.8.0_101\jre\lib\ext\jfxrt.jar;D:\Java\jdk1.8.0_101\jre\lib\ext\localedata.jar;D:\Java\jdk1.8.0_101\jre\lib\ext\nashorn.jar;D:\Java\jdk1.8.0_101\jre\lib\ext\sunec.jar;D:\Java\jdk1.8.0_101\jre\lib\ext\sunjce_provider.jar;D:\Java\jdk1.8.0_101\jre\lib\ext\sunmscapi.jar;D:\Java\jdk1.8.0_101\jre\lib\ext\sunpkcs11.jar;D:\Java\jdk1.8.0_101\jre\lib\ext\zipfs.jar;E:\FILE\ComputerInfo\target\test-classes;E:\FILE\ComputerInfo\target\classes;D:\softwaredownload\eclipse-jee-oxygen-1a-win32-x86_64\eclipse\plugins\org.junit_4.12.0.v201504281640\junit.jar;D:\softwaredownload\eclipse-jee-oxygen-1a-win32-x86_64\eclipse\plugins\org.hamcrest.core_1.3.0.v201303031735.jar;C:\Users\28213\.m2\repository\com\google\guava\guava\18.0\guava-18.0.jar;C:\Users\28213\.m2\repository\org\fusesource\sigar\1.6.4\sigar-1.6.4.jar;C:\Users\28213\.m2\repository\log4j\log4j\1.2.15\log4j-1.2.15.jar;D:\softwaredownload\eclipse-jee-oxygen-1a-win32-x86_64\eclipse\configuration\org.eclipse.osgi\413\0\.cp;D:\softwaredownload\eclipse-jee-oxygen-1a-win32-x86_64\eclipse\configuration\org.eclipse.osgi\412\0\.cp
Launcher Type: SUN_STANDARD

Environment Variables:
PATH=D:/jre/bin/server;D:/jre/bin;D:/jre/lib/amd64;C:\ProgramData\Oracle\Java\javapath;C:\Windows\system32;C:\Windows;C:\Windows\System32\Wbem;C:\Windows\System32\WindowsPowerShell\v1.0\;D:\mysql-5.7.20-winx64\bin;C:\Users\28213\AppData\Local\Microsoft\WindowsApps;;D:\softwaredownload\eclipse-jee-oxygen-1a-win32-x86_64\eclipse;
USERNAME=HUHU
OS=Windows_NT
PROCESSOR_IDENTIFIER=Intel64 Family 6 Model 42 Stepping 7, GenuineIntel



---------------  S Y S T E M  ---------------

OS: Windows 10.0 , 64 bit Build 15063 (10.0.15063.296)

CPU:total 4 (2 cores per cpu, 2 threads per core) family 6 model 42 stepping 7, cmov, cx8, fxsr, mmx, sse, sse2, sse3, ssse3, sse4.1, sse4.2, popcnt, avx, clmul, ht, tsc, tscinvbit

Memory: 4k page, physical 4175112k(1518984k free), swap 7526744k(1247180k free)

vm_info: Java HotSpot(TM) 64-Bit Server VM (25.101-b13) for windows-amd64 JRE (1.8.0_101-b13), built on Jun 22 2016 01:21:29 by "java_re" with MS VC++ 10.0 (VS2010)

time: Mon Nov 27 16:14:25 2017
elapsed time: 0 seconds (0d 0h 0m 0s)

