#
# A fatal error has been detected by the Java Runtime Environment:
#
#  EXCEPTION_ACCESS_VIOLATION (0xc0000005) at pc=0x0000000018f3f44b, pid=9716, tid=0x00000000000023ac
#
# JRE version: Java(TM) SE Runtime Environment (8.0_101-b13) (build 1.8.0_101-b13)
# Java VM: Java HotSpot(TM) 64-Bit Server VM (25.101-b13 mixed mode windows-amd64 compressed oops)
# Problematic frame:
# C  [sigar-amd64-winnt.dll+0x1f44b]
#
# Failed to write core dump. Minidumps are not enabled by default on client versions of Windows
#
# If you would like to submit a bug report, please visit:
#   http://bugreport.java.com/bugreport/crash.jsp
# The crash happened outside the Java Virtual Machine in native code.
# See problematic frame for where to report the bug.
#

---------------  T H R E A D  ---------------

Current thread (0x000000001843e000):  JavaThread "Thread-0" [_thread_in_native, id=9132, stack(0x0000000018e20000,0x0000000018f20000)]

siginfo: ExceptionCode=0xc0000005, reading address 0x0000000000000000

Registers:
RAX=0x0000000000000000, RBX=0x00000000169dfc60, RCX=0x0000000063cfed50, RDX=0x0000000000000064
RSP=0x0000000018f1f210, RBP=0x0000000018f1f3d0, RSI=0x0000000000200021, RDI=0x00000000e0310028
R8 =0x00000000033b1140, R9 =0x000000004fecf139, R10=0x00000000034fe670, R11=0x00000000190c76fc
R12=0x0000000000000000, R13=0x00000000169dfc58, R14=0x0000000018f1f400, R15=0x000000001843e000
RIP=0x0000000018f3f44b, EFLAGS=0x0000000000010206

Top of Stack: (sp=0x0000000018f1f210)
0x0000000018f1f210:   00000000190c6220 00000000034fe850
0x0000000018f1f220:   0000000018f1f230 00000000169dfc60
0x0000000018f1f230:   0000000000016362 000000004fecf139
0x0000000018f1f240:   0000000000000000 0000000000000000
0x0000000018f1f250:   ffffffffffffffff ffffffffffffffff
0x0000000018f1f260:   00000000000ecf92 00000000053dfe5c
0x0000000018f1f270:   0000000000000000 0000000000000000
0x0000000018f1f280:   ffffffffffffffff ffffffffffffffff
0x0000000018f1f290:   ffffffffffffffff 0000000005f5e100
0x0000000018f1f2a0:   00000000190c6220 00000000034fe850
0x0000000018f1f2b0:   00000000183d4a08 00000000190c0c30
0x0000000018f1f2c0:   0000000000000000 00000000034fe850
0x0000000018f1f2d0:   0000000063cfed50 000000001843e000
0x0000000018f1f2e0:   000000000000000e 000000001843e000
0x0000000018f1f2f0:   00000000169dfc60 000000001843e000
0x0000000018f1f300:   00000000169dfc60 000000001843e000 

Instructions: (pc=0x0000000018f3f44b)
0x0000000018f3f42b:   f8 00 00 00 48 8b 40 08 48 8b 8c 24 40 01 00 00
0x0000000018f3f43b:   48 8b 09 48 89 8c 24 c0 00 00 00 4c 8b 4c 24 28
0x0000000018f3f44b:   4c 8b 00 48 8b 94 24 48 01 00 00 48 8b 8c 24 40
0x0000000018f3f45b:   01 00 00 48 8b 84 24 c0 00 00 00 ff 90 70 03 00 


Register to memory mapping:

RAX=0x0000000000000000 is an unknown value
RBX={method} {0x00000000169dfc68} 'gather' '(Lorg/hyperic/sigar/Sigar;Ljava/lang/String;)V' in 'org/hyperic/sigar/NetInterfaceStat'
RCX=0x0000000063cfed50 is an unknown value
RDX=0x0000000000000064 is an unknown value
RSP=0x0000000018f1f210 is pointing into the stack for thread: 0x000000001843e000
RBP=0x0000000018f1f3d0 is pointing into the stack for thread: 0x000000001843e000
RSI=0x0000000000200021 is an unknown value
RDI=0x00000000e0310028 is an oop
[C 
 - klass: {type array char}
 - length: 17
R8 =0x00000000033b1140 is an unknown value
R9 =0x000000004fecf139 is an unknown value
R10=0x00000000034fe670 is an unknown value
R11=0x00000000190c76fc is an unknown value
R12=0x0000000000000000 is an unknown value
R13=0x00000000169dfc58 is pointing into metadata
R14=0x0000000018f1f400 is pointing into the stack for thread: 0x000000001843e000
R15=0x000000001843e000 is a thread


Stack: [0x0000000018e20000,0x0000000018f20000],  sp=0x0000000018f1f210,  free space=1020k
Native frames: (J=compiled Java code, j=interpreted, Vv=VM code, C=native code)
C  [sigar-amd64-winnt.dll+0x1f44b]
C  0x0000000003617f54

Java frames: (J=compiled Java code, j=interpreted, Vv=VM code)
j  org.hyperic.sigar.NetInterfaceStat.gather(Lorg/hyperic/sigar/Sigar;Ljava/lang/String;)V+0
j  org.hyperic.sigar.NetInterfaceStat.fetch(Lorg/hyperic/sigar/Sigar;Ljava/lang/String;)Lorg/hyperic/sigar/NetInterfaceStat;+11
j  org.hyperic.sigar.Sigar.getNetInterfaceStat(Ljava/lang/String;)Lorg/hyperic/sigar/NetInterfaceStat;+2
j  teamway.shenzhen.tms9000.ThreadProc.run()V+132
v  ~StubRoutines::call_stub

---------------  P R O C E S S  ---------------

Java Threads: ( => current thread )
  0x000000001848d800 JavaThread "Thread-1" [_thread_blocked, id=5996, stack(0x0000000018fb0000,0x00000000190b0000)]
=>0x000000001843e000 JavaThread "Thread-0" [_thread_in_native, id=9132, stack(0x0000000018e20000,0x0000000018f20000)]
  0x00000000183cc800 JavaThread "Service Thread" daemon [_thread_blocked, id=1560, stack(0x0000000018c20000,0x0000000018d20000)]
  0x0000000018331000 JavaThread "C1 CompilerThread2" daemon [_thread_blocked, id=11552, stack(0x0000000018b20000,0x0000000018c20000)]
  0x0000000016fbc800 JavaThread "C2 CompilerThread1" daemon [_thread_blocked, id=4016, stack(0x0000000018a20000,0x0000000018b20000)]
  0x0000000016fba800 JavaThread "C2 CompilerThread0" daemon [_thread_blocked, id=8296, stack(0x0000000018920000,0x0000000018a20000)]
  0x0000000016f70000 JavaThread "Attach Listener" daemon [_thread_blocked, id=1140, stack(0x0000000018820000,0x0000000018920000)]
  0x0000000016f6f000 JavaThread "Signal Dispatcher" daemon [_thread_blocked, id=8692, stack(0x0000000018720000,0x0000000018820000)]
  0x0000000016f4a800 JavaThread "Finalizer" daemon [_thread_blocked, id=6252, stack(0x00000000181b0000,0x00000000182b0000)]
  0x00000000035e0800 JavaThread "Reference Handler" daemon [_thread_blocked, id=11548, stack(0x00000000180b0000,0x00000000181b0000)]
  0x00000000033ad800 JavaThread "main" [_thread_blocked, id=1524, stack(0x00000000033d0000,0x00000000034d0000)]

Other Threads:
  0x0000000016f26800 VMThread [stack: 0x0000000017fb0000,0x00000000180b0000] [id=7640]
  0x00000000183ec000 WatcherThread [stack: 0x0000000018d20000,0x0000000018e20000] [id=10856]

VM state:not at safepoint (normal execution)

VM Mutex/Monitor currently owned by a thread: None

Heap:
 PSYoungGen      total 28672K, used 3443K [0x00000000e0180000, 0x00000000e2180000, 0x0000000100000000)
  eden space 24576K, 14% used [0x00000000e0180000,0x00000000e04dccf0,0x00000000e1980000)
  from space 4096K, 0% used [0x00000000e1d80000,0x00000000e1d80000,0x00000000e2180000)
  to   space 4096K, 0% used [0x00000000e1980000,0x00000000e1980000,0x00000000e1d80000)
 ParOldGen       total 65536K, used 0K [0x00000000a0400000, 0x00000000a4400000, 0x00000000e0180000)
  object space 65536K, 0% used [0x00000000a0400000,0x00000000a0400000,0x00000000a4400000)
 Metaspace       used 3191K, capacity 4664K, committed 4864K, reserved 1056768K
  class space    used 344K, capacity 424K, committed 512K, reserved 1048576K

Card table byte_map: [0x00000000129c0000,0x0000000012cc0000] byte_map_base: 0x00000000124be000

Marking Bits: (ParMarkBitMap*) 0x0000000063d7a6d0
 Begin Bits: [0x00000000132c0000, 0x0000000014ab0000)
 End Bits:   [0x0000000014ab0000, 0x00000000162a0000)

Polling page: 0x00000000034d0000

CodeCache: size=245760Kb used=1260Kb max_used=1260Kb free=244499Kb
 bounds [0x0000000003600000, 0x0000000003870000, 0x0000000012600000]
 total_blobs=332 nmethods=94 adapters=151
 compilation: enabled

Compilation events (10 events):
Event: 0.175 Thread 0x0000000018331000   89       1       java.io.File::getPrefixLength (5 bytes)
Event: 0.175 Thread 0x0000000018331000 nmethod 89 0x000000000372fd10 code [0x000000000372fe60, 0x000000000372ff70]
Event: 0.175 Thread 0x0000000018331000   91       3       java.util.HashMap::putVal (300 bytes)
Event: 0.176 Thread 0x0000000018331000 nmethod 91 0x0000000003738b10 code [0x0000000003738d80, 0x000000000373a038]
Event: 0.177 Thread 0x0000000018331000   90       3       java.util.HashMap::put (13 bytes)
Event: 0.177 Thread 0x0000000018331000 nmethod 90 0x000000000373a710 code [0x000000000373a8a0, 0x000000000373ac58]
Event: 0.182 Thread 0x0000000018331000   93       3       java.util.zip.ZStreamRef::address (5 bytes)
Event: 0.182 Thread 0x0000000018331000 nmethod 93 0x000000000373b110 code [0x000000000373b260, 0x000000000373b3b0]
Event: 0.182 Thread 0x0000000018331000   94       1       java.lang.ref.Reference::get (5 bytes)
Event: 0.182 Thread 0x0000000018331000 nmethod 94 0x000000000373b410 code [0x000000000373b560, 0x000000000373b670]

GC Heap History (0 events):
No events

Deoptimization events (0 events):
No events

Internal exceptions (6 events):
Event: 0.039 Thread 0x00000000033ad800 Exception <a 'java/lang/NoSuchMethodError': Method sun.misc.Unsafe.defineClass(Ljava/lang/String;[BII)Ljava/lang/Class; name or signature does not match> (0x00000000e0187cc0) thrown at [C:\re\workspace\8-2-build-windows-amd64-cygwin\jdk8u101\7261\hotspot\sf#—©A2¤?
Event: 0.039 Thread 0x00000000033ad800 Exception <a 'java/lang/NoSuchMethodError': Method sun.misc.Unsafe.prefetchRead(Ljava/lang/Object;J)V name or signature does not match> (0x00000000e0187fa8) thrown at [C:\re\workspace\8-2-build-windows-amd64-cygwin\jdk8u101\7261\hotspot\src\share\vm\prims\žx½âeÄ?
Event: 0.159 Thread 0x000000001843e000 Exception <a 'java/security/PrivilegedActionException'> (0x00000000e02ffa28) thrown at [C:\re\workspace\8-2-build-windows-amd64-cygwin\jdk8u101\7261\hotspot\src\share\vm\prims\jvm.cpp, line 1386]
Event: 0.159 Thread 0x000000001843e000 Exception <a 'java/security/PrivilegedActionException'> (0x00000000e02ffc38) thrown at [C:\re\workspace\8-2-build-windows-amd64-cygwin\jdk8u101\7261\hotspot\src\share\vm\prims\jvm.cpp, line 1386]
Event: 0.160 Thread 0x000000001843e000 Exception <a 'java/security/PrivilegedActionException'> (0x00000000e0302390) thrown at [C:\re\workspace\8-2-build-windows-amd64-cygwin\jdk8u101\7261\hotspot\src\share\vm\prims\jvm.cpp, line 1386]
Event: 0.160 Thread 0x000000001843e000 Exception <a 'java/security/PrivilegedActionException'> (0x00000000e03025a0) thrown at [C:\re\workspace\8-2-build-windows-amd64-cygwin\jdk8u101\7261\hotspot\src\share\vm\prims\jvm.cpp, line 1386]

Events (10 events):
Event: 0.184 loading class java/util/regex/Pattern$Start
Event: 0.184 loading class java/util/regex/Pattern$Start done
Event: 0.184 loading class java/util/regex/Pattern$TreeInfo
Event: 0.184 loading class java/util/regex/Pattern$TreeInfo done
Event: 0.184 loading class java/util/regex/Matcher
Event: 0.184 loading class java/util/regex/MatchResult
Event: 0.184 loading class java/util/regex/MatchResult done
Event: 0.184 loading class java/util/regex/Matcher done
Event: 0.184 loading class org/hyperic/sigar/NetInterfaceStat
Event: 0.184 loading class org/hyperic/sigar/NetInterfaceStat done


Dynamic libraries:
0x00007ff659a50000 - 0x00007ff659a87000 	D:\Java\jdk1.8.0_101\bin\javaw.exe
0x00007ffe5b550000 - 0x00007ffe5b72b000 	C:\Windows\SYSTEM32\ntdll.dll
0x00007ffe598d0000 - 0x00007ffe5997e000 	C:\Windows\System32\KERNEL32.DLL
0x00007ffe57c90000 - 0x00007ffe57ed9000 	C:\Windows\System32\KERNELBASE.dll
0x00007ffe58df0000 - 0x00007ffe58e91000 	C:\Windows\System32\ADVAPI32.dll
0x00007ffe59660000 - 0x00007ffe596fd000 	C:\Windows\System32\msvcrt.dll
0x00007ffe58ab0000 - 0x00007ffe58b09000 	C:\Windows\System32\sechost.dll
0x00007ffe594a0000 - 0x00007ffe595c5000 	C:\Windows\System32\RPCRT4.dll
0x00007ffe5ae40000 - 0x00007ffe5af8a000 	C:\Windows\System32\USER32.dll
0x00007ffe57c70000 - 0x00007ffe57c8e000 	C:\Windows\System32\win32u.dll
0x00007ffe5b3b0000 - 0x00007ffe5b3d7000 	C:\Windows\System32\GDI32.dll
0x00007ffe580b0000 - 0x00007ffe58237000 	C:\Windows\System32\gdi32full.dll
0x00007ffe582a0000 - 0x00007ffe5833a000 	C:\Windows\System32\msvcp_win.dll
0x00007ffe57b70000 - 0x00007ffe57c66000 	C:\Windows\System32\ucrtbase.dll
0x00007ffe4c3b0000 - 0x00007ffe4c617000 	C:\Windows\WinSxS\amd64_microsoft.windows.common-controls_6595b64144ccf1df_6.0.15063.483_none_26002d27e7c744a2\COMCTL32.dll
0x00007ffe5b000000 - 0x00007ffe5b2f9000 	C:\Windows\System32\combase.dll
0x00007ffe58340000 - 0x00007ffe583aa000 	C:\Windows\System32\bcryptPrimitives.dll
0x00007ffe59630000 - 0x00007ffe5965d000 	C:\Windows\System32\IMM32.DLL
0x0000000063e00000 - 0x0000000063ed2000 	D:\Java\jdk1.8.0_101\jre\bin\msvcr100.dll
0x0000000063560000 - 0x0000000063dfa000 	D:\Java\jdk1.8.0_101\jre\bin\server\jvm.dll
0x00007ffe58de0000 - 0x00007ffe58de8000 	C:\Windows\System32\PSAPI.DLL
0x00007ffe55e80000 - 0x00007ffe55ea3000 	C:\Windows\SYSTEM32\WINMM.dll
0x00007ffe54ba0000 - 0x00007ffe54ba9000 	C:\Windows\SYSTEM32\WSOCK32.dll
0x00007ffe5af90000 - 0x00007ffe5affc000 	C:\Windows\System32\WS2_32.dll
0x00007ffe55b90000 - 0x00007ffe55bbb000 	C:\Windows\SYSTEM32\WINMMBASE.dll
0x00007ffe53280000 - 0x00007ffe5328a000 	C:\Windows\SYSTEM32\VERSION.dll
0x00007ffe57a70000 - 0x00007ffe57ab9000 	C:\Windows\System32\cfgmgr32.dll
0x0000000063550000 - 0x000000006355f000 	D:\Java\jdk1.8.0_101\jre\bin\verify.dll
0x0000000063520000 - 0x0000000063549000 	D:\Java\jdk1.8.0_101\jre\bin\java.dll
0x0000000063500000 - 0x0000000063516000 	D:\Java\jdk1.8.0_101\jre\bin\zip.dll
0x00007ffe59980000 - 0x00007ffe5adb7000 	C:\Windows\System32\SHELL32.dll
0x00007ffe5b300000 - 0x00007ffe5b3aa000 	C:\Windows\System32\shcore.dll
0x00007ffe583b0000 - 0x00007ffe58aa1000 	C:\Windows\System32\windows.storage.dll
0x00007ffe595d0000 - 0x00007ffe59621000 	C:\Windows\System32\shlwapi.dll
0x00007ffe57a50000 - 0x00007ffe57a61000 	C:\Windows\System32\kernel.appcore.dll
0x00007ffe57a00000 - 0x00007ffe57a4c000 	C:\Windows\System32\powrprof.dll
0x00007ffe579e0000 - 0x00007ffe579f5000 	C:\Windows\System32\profapi.dll
0x0000000018f20000 - 0x0000000018f90000 	E:\FILE\ComputerInfo\target\classes\sigar\sigar-amd64-winnt.dll
0x00007ffe58b10000 - 0x00007ffe58c55000 	C:\Windows\System32\ole32.dll
0x00007ffe59340000 - 0x00007ffe59400000 	C:\Windows\System32\OLEAUT32.dll
0x00007ffe4b5a0000 - 0x00007ffe4b5b7000 	C:\Windows\SYSTEM32\NETAPI32.dll
0x00007ffe43ce0000 - 0x00007ffe43d2d000 	C:\Windows\SYSTEM32\pdh.dll
0x00007ffe57160000 - 0x00007ffe5716d000 	C:\Windows\SYSTEM32\NETUTILS.DLL
0x00007ffe4b420000 - 0x00007ffe4b446000 	C:\Windows\SYSTEM32\SRVCLI.DLL
0x00007ffe57070000 - 0x00007ffe570a7000 	C:\Windows\SYSTEM32\iphlpapi.dll
0x00007ffe59700000 - 0x00007ffe59708000 	C:\Windows\System32\NSI.dll
0x00007ffe54100000 - 0x00007ffe54116000 	C:\Windows\SYSTEM32\dhcpcsvc6.DLL
0x00007ffe53a10000 - 0x00007ffe53a2a000 	C:\Windows\SYSTEM32\dhcpcsvc.DLL
0x00007ffe4c8d0000 - 0x00007ffe4ca79000 	C:\Windows\SYSTEM32\dbghelp.dll

VM Arguments:
jvm_args: -Dfile.encoding=UTF-8 
java_command: teamway.shenzhen.tms9000.TestCode
java_class_path (initial): D:\Java\jdk1.8.0_101\jre\lib\resources.jar;D:\Java\jdk1.8.0_101\jre\lib\rt.jar;D:\Java\jdk1.8.0_101\jre\lib\jsse.jar;D:\Java\jdk1.8.0_101\jre\lib\jce.jar;D:\Java\jdk1.8.0_101\jre\lib\charsets.jar;D:\Java\jdk1.8.0_101\jre\lib\jfr.jar;D:\Java\jdk1.8.0_101\jre\lib\ext\access-bridge-64.jar;D:\Java\jdk1.8.0_101\jre\lib\ext\cldrdata.jar;D:\Java\jdk1.8.0_101\jre\lib\ext\dnsns.jar;D:\Java\jdk1.8.0_101\jre\lib\ext\jaccess.jar;D:\Java\jdk1.8.0_101\jre\lib\ext\jfxrt.jar;D:\Java\jdk1.8.0_101\jre\lib\ext\localedata.jar;D:\Java\jdk1.8.0_101\jre\lib\ext\nashorn.jar;D:\Java\jdk1.8.0_101\jre\lib\ext\sunec.jar;D:\Java\jdk1.8.0_101\jre\lib\ext\sunjce_provider.jar;D:\Java\jdk1.8.0_101\jre\lib\ext\sunmscapi.jar;D:\Java\jdk1.8.0_101\jre\lib\ext\sunpkcs11.jar;D:\Java\jdk1.8.0_101\jre\lib\ext\zipfs.jar;E:\FILE\ComputerInfo\target\classes;D:\softwaredownload\eclipse-jee-oxygen-1a-win32-x86_64\eclipse\plugins\org.junit_4.12.0.v201504281640\junit.jar;D:\softwaredownload\eclipse-jee-oxygen-1a-win32-x86_64\eclipse\plugins\org.hamcrest.core_1.3.0.v201303031735.jar;C:\Users\28213\.m2\repository\com\google\guava\guava\18.0\guava-18.0.jar;C:\Users\28213\.m2\repository\org\fusesource\sigar\1.6.4\sigar-1.6.4.jar;C:\Users\28213\.m2\repository\log4j\log4j\1.2.15\log4j-1.2.15.jar;C:\Users\28213\.m2\repository\org\apache\thrift\libthrift\0.10.0\libthrift-0.10.0.jar;C:\Users\28213\.m2\repository\org\slf4j\slf4j-api\1.7.12\slf4j-api-1.7.12.jar;C:\Users\28213\.m2\repository\org\apache\httpcomponents\httpclient\4.4.1\httpclient-4.4.1.jar;C:\Users\28213\.m2\repository\commons-logging\commons-logging\1.2\commons-logging-1.2.jar;C:\Users\28213\.m2\repository\commons-codec\commons-codec\1.9\commons-codec-1.9.jar;C:\Users\28213\.m2\repository\org\apache\httpcomponents\httpcore\4.4.1\httpcore-4.4.1.jar;C:\Users\28213\.m2\repository\org\slf4j\slf4j-log4j12\1.6.1\slf4j-log4j12-1.6.1.jar;C:\Users\28213\.m2\repository\com\mchange\c3p0\0.9.2\c3p0-0.9.2.jar;C:\Users\28213\.m2\repository\com\
Launcher Type: SUN_STANDARD

Environment Variables:
PATH=D:/jre/bin/server;D:/jre/bin;D:/jre/lib/amd64;C:\ProgramData\Oracle\Java\javapath;C:\Windows\system32;C:\Windows;C:\Windows\System32\Wbem;C:\Windows\System32\WindowsPowerShell\v1.0\;D:\mysql-5.7.20-winx64\bin;C:\Users\28213\AppData\Local\Microsoft\WindowsApps;;D:\softwaredownload\eclipse-jee-oxygen-1a-win32-x86_64\eclipse;
USERNAME=HUHU
OS=Windows_NT
PROCESSOR_IDENTIFIER=Intel64 Family 6 Model 42 Stepping 7, GenuineIntel



---------------  S Y S T E M  ---------------

OS: Windows 10.0 , 64 bit Build 15063 (10.0.15063.296)

CPU:total 4 (2 cores per cpu, 2 threads per core) family 6 model 42 stepping 7, cmov, cx8, fxsr, mmx, sse, sse2, sse3, ssse3, sse4.1, sse4.2, popcnt, avx, clmul, ht, tsc, tscinvbit

Memory: 4k page, physical 6272264k(3087684k free), swap 9549064k(3888140k free)

vm_info: Java HotSpot(TM) 64-Bit Server VM (25.101-b13) for windows-amd64 JRE (1.8.0_101-b13), built on Jun 22 2016 01:21:29 by "java_re" with MS VC++ 10.0 (VS2010)

time: Mon Dec 04 14:48:28 2017
elapsed time: 0 seconds (0d 0h 0m 0s)

