#
# A fatal error has been detected by the Java Runtime Environment:
#
#  EXCEPTION_ACCESS_VIOLATION (0xc0000005) at pc=0x00000000541b351d, pid=13360, tid=0x0000000000001624
#
# JRE version: Java(TM) SE Runtime Environment (8.0_101-b13) (build 1.8.0_101-b13)
# Java VM: Java HotSpot(TM) 64-Bit Server VM (25.101-b13 mixed mode windows-amd64 compressed oops)
# Problematic frame:
# V  [jvm.dll+0x351d]
#
# Failed to write core dump. Minidumps are not enabled by default on client versions of Windows
#
# If you would like to submit a bug report, please visit:
#   http://bugreport.java.com/bugreport/crash.jsp
#

---------------  T H R E A D  ---------------

Current thread (0x0000000016522800):  JavaThread "Timer-0" [_thread_in_vm, id=5668, stack(0x0000000016e90000,0x0000000016f90000)]

siginfo: ExceptionCode=0xc0000005, writing address 0x00000000f09fa72c

Registers:
RAX=0x00000000eadf3ae0, RBX=0x00000000f09fa72c, RCX=0x0000000000000000, RDX=0x00000000eadf3ae0
RSP=0x0000000016f8eb00, RBP=0x0000000016414668, RSI=0x00000000eadf3ae0, RDI=0x00000000eadf3ae0
R8 =0x000000001701b470, R9 =0x0000000100063ed0, R10=0x0000000000000004, R11=0x0000000000000004
R12=0x0000000016f8eed8, R13=0x000000001701b470, R14=0x0000000016f8eed8, R15=0x0000000016522800
RIP=0x00000000541b351d, EFLAGS=0x0000000000010202

Top of Stack: (sp=0x0000000016f8eb00)
0x0000000016f8eb00:   00000000165229f8 000000005421e8a9
0x0000000016f8eb10:   0000000016f8eea8 000000001647ce58
0x0000000016f8eb20:   0000000005c06d1c 000000005430e96b
0x0000000016f8eb30:   0000000016522800 00000000542f0815
0x0000000016f8eb40:   0000000016f8ebc0 0000000016522800
0x0000000016f8eb50:   0000000016f8eea8 00000000542f0891
0x0000000016f8eb60:   0000000016522800 0000000000000000
0x0000000016f8eb70:   0000000014abdb58 0000000000000000
0x0000000016f8eb80:   00000000029a80e0 00000000028bbb78
0x0000000016f8eb90:   0000000016f8eea8 0000000014abdb60
0x0000000016f8eba0:   0000000016f8eea8 0000000000200021
0x0000000016f8ebb0:   0000000014abdb60 0000000016522800
0x0000000016f8ebc0:   0000000030687465 0000000000000000
0x0000000016f8ebd0:   74656e7265687445 0000000000000000
0x0000000016f8ebe0:   0000000000000000 0000000000000000
0x0000000016f8ebf0:   0000000000000000 0000000000000000 

Instructions: (pc=0x00000000541b351d)
0x00000000541b34fd:   d3 ff 50 58 48 85 ff 75 04 33 c0 eb 13 8b 0d 80
0x00000000541b350d:   b2 79 00 48 8b c7 48 2b 05 6e b2 79 00 48 d3 e8
0x00000000541b351d:   89 03 48 8b 0d c2 73 80 00 83 79 0c 01 75 19 48
0x00000000541b352d:   c1 eb 09 48 03 99 90 00 00 00 c6 03 00 48 8b 5c 


Register to memory mapping:

RAX=0x00000000eadf3ae0 is an oop
java.lang.String 
 - klass: 'java/lang/String'
RBX=0x00000000f09fa72c is an unallocated location in the heap
RCX=0x0000000000000000 is an unknown value
RDX=0x00000000eadf3ae0 is an oop
java.lang.String 
 - klass: 'java/lang/String'
RSP=0x0000000016f8eb00 is pointing into the stack for thread: 0x0000000016522800
RBP=0x0000000016414668 is an unknown value
RSI=0x00000000eadf3ae0 is an oop
java.lang.String 
 - klass: 'java/lang/String'
RDI=0x00000000eadf3ae0 is an oop
java.lang.String 
 - klass: 'java/lang/String'
R8 =0x000000001701b470 is an unknown value
R9 =0x0000000100063ed0 is pointing into metadata
R10=0x0000000000000004 is an unknown value
R11=0x0000000000000004 is an unknown value
R12=0x0000000016f8eed8 is pointing into the stack for thread: 0x0000000016522800
R13=0x000000001701b470 is an unknown value
R14=0x0000000016f8eed8 is pointing into the stack for thread: 0x0000000016522800
R15=0x0000000016522800 is a thread


Stack: [0x0000000016e90000,0x0000000016f90000],  sp=0x0000000016f8eb00,  free space=1018k
Native frames: (J=compiled Java code, j=interpreted, Vv=VM code, C=native code)
V  [jvm.dll+0x351d]
V  [jvm.dll+0x15e96b]
C  [sigar-amd64-winnt.dll+0x1bb78]
C  0x00000000029b7f54

Java frames: (J=compiled Java code, j=interpreted, Vv=VM code)
j  org.hyperic.sigar.NetInterfaceConfig.gather(Lorg/hyperic/sigar/Sigar;Ljava/lang/String;)V+0
j  org.hyperic.sigar.NetInterfaceConfig.fetch(Lorg/hyperic/sigar/Sigar;Ljava/lang/String;)Lorg/hyperic/sigar/NetInterfaceConfig;+11
j  org.hyperic.sigar.Sigar.getNetInterfaceConfig(Ljava/lang/String;)Lorg/hyperic/sigar/NetInterfaceConfig;+2
j  teamway.shenzhen.tms9000.ComputerInfo.getNet(Ljava/lang/String;)D+46
j  teamway.shenzhen.tms9000.ComputerInfo$1.run()V+8
j  java.util.TimerThread.mainLoop()V+221
j  java.util.TimerThread.run()V+1
v  ~StubRoutines::call_stub

---------------  P R O C E S S  ---------------

Java Threads: ( => current thread )
=>0x0000000016522800 JavaThread "Timer-0" [_thread_in_vm, id=5668, stack(0x0000000016e90000,0x0000000016f90000)]
  0x0000000016412800 JavaThread "Service Thread" daemon [_thread_blocked, id=9844, stack(0x0000000016c90000,0x0000000016d90000)]
  0x000000001639f000 JavaThread "C1 CompilerThread2" daemon [_thread_blocked, id=8692, stack(0x0000000016b90000,0x0000000016c90000)]
  0x000000001509d000 JavaThread "C2 CompilerThread1" daemon [_thread_blocked, id=13760, stack(0x0000000016a90000,0x0000000016b90000)]
  0x000000001509a000 JavaThread "C2 CompilerThread0" daemon [_thread_blocked, id=5548, stack(0x0000000016990000,0x0000000016a90000)]
  0x000000001504d800 JavaThread "Attach Listener" daemon [_thread_blocked, id=12332, stack(0x0000000016890000,0x0000000016990000)]
  0x0000000015099000 JavaThread "Signal Dispatcher" daemon [_thread_blocked, id=10348, stack(0x0000000016790000,0x0000000016890000)]
  0x000000000289a800 JavaThread "Finalizer" daemon [_thread_blocked, id=9020, stack(0x0000000016290000,0x0000000016390000)]
  0x000000000288e800 JavaThread "Reference Handler" daemon [_thread_blocked, id=10984, stack(0x0000000016190000,0x0000000016290000)]
  0x00000000027a0800 JavaThread "main" [_thread_blocked, id=2312, stack(0x0000000002260000,0x0000000002360000)]

Other Threads:
  0x0000000015006800 VMThread [stack: 0x0000000016090000,0x0000000016190000] [id=13572]
  0x000000001647a000 WatcherThread [stack: 0x0000000016d90000,0x0000000016e90000] [id=3808]

VM state:not at safepoint (normal execution)

VM Mutex/Monitor currently owned by a thread: None

Heap:
 PSYoungGen      total 18944K, used 2301K [0x00000000eac00000, 0x00000000ec100000, 0x0000000100000000)
  eden space 16384K, 14% used [0x00000000eac00000,0x00000000eae3f728,0x00000000ebc00000)
  from space 2560K, 0% used [0x00000000ebe80000,0x00000000ebe80000,0x00000000ec100000)
  to   space 2560K, 0% used [0x00000000ebc00000,0x00000000ebc00000,0x00000000ebe80000)
 ParOldGen       total 44032K, used 0K [0x00000000c0400000, 0x00000000c2f00000, 0x00000000eac00000)
  object space 44032K, 0% used [0x00000000c0400000,0x00000000c0400000,0x00000000c2f00000)
 Metaspace       used 3192K, capacity 4664K, committed 4864K, reserved 1056768K
  class space    used 345K, capacity 424K, committed 512K, reserved 1048576K

Card table byte_map: [0x0000000011d60000,0x0000000011f60000] byte_map_base: 0x000000001175e000

Marking Bits: (ParMarkBitMap*) 0x00000000549ca6d0
 Begin Bits: [0x00000000124c0000, 0x00000000134b0000)
 End Bits:   [0x00000000134b0000, 0x00000000144a0000)

Polling page: 0x0000000000670000

CodeCache: size=245760Kb used=1248Kb max_used=1254Kb free=244511Kb
 bounds [0x00000000029a0000, 0x0000000002c10000, 0x00000000119a0000]
 total_blobs=328 nmethods=88 adapters=153
 compilation: enabled

Compilation events (10 events):
Event: 0.135 Thread 0x000000001639f000   80       3       java.util.zip.ZipFile::ensureOpen (37 bytes)
Event: 0.135 Thread 0x000000001639f000 nmethod 80 0x0000000002ad1410 code [0x0000000002ad15a0, 0x0000000002ad1918]
Event: 0.135 Thread 0x000000001639f000   81       3       java.util.zip.ZipCoder::getBytes (192 bytes)
Event: 0.136 Thread 0x000000001509a000   84       4       java.lang.String::indexOf (70 bytes)
Event: 0.137 Thread 0x000000001639f000 nmethod 81 0x0000000002ad1a90 code [0x0000000002ad1e40, 0x0000000002ad4178]
Event: 0.137 Thread 0x000000001639f000   83  s    3       java.lang.StringBuffer::append (13 bytes)
Event: 0.137 Thread 0x000000001639f000 nmethod 83 0x0000000002ad5310 code [0x0000000002ad5480, 0x0000000002ad57a8]
Event: 0.137 Thread 0x000000001639f000   82       3       java.io.WinNTFileSystem::prefixLength (91 bytes)
Event: 0.138 Thread 0x000000001639f000 nmethod 82 0x0000000002ad5890 code [0x0000000002ad5a80, 0x0000000002ad6608]
Event: 0.139 Thread 0x000000001509a000 nmethod 84 0x0000000002ad9850 code [0x0000000002ad99a0, 0x0000000002ad9b58]

GC Heap History (0 events):
No events

Deoptimization events (0 events):
No events

Internal exceptions (6 events):
Event: 0.034 Thread 0x00000000027a0800 Exception <a 'java/lang/NoSuchMethodError': Method sun.misc.Unsafe.defineClass(Ljava/lang/String;[BII)Ljava/lang/Class; name or signature does not match> (0x00000000eac07cc0) thrown at [C:\re\workspace\8-2-build-windows-amd64-cygwin\jdk8u101\7261\hotspot\s¢7ù—%C¡?
Event: 0.034 Thread 0x00000000027a0800 Exception <a 'java/lang/NoSuchMethodError': Method sun.misc.Unsafe.prefetchRead(Ljava/lang/Object;J)V name or signature does not match> (0x00000000eac07fa8) thrown at [C:\re\workspace\8-2-build-windows-amd64-cygwin\jdk8u101\7261\hotspot\src\share\vm\prims\g“™ô¸Ø¿?
Event: 0.124 Thread 0x00000000027a0800 Exception <a 'java/security/PrivilegedActionException'> (0x00000000ead73cb8) thrown at [C:\re\workspace\8-2-build-windows-amd64-cygwin\jdk8u101\7261\hotspot\src\share\vm\prims\jvm.cpp, line 1386]
Event: 0.124 Thread 0x00000000027a0800 Exception <a 'java/security/PrivilegedActionException'> (0x00000000ead73ec8) thrown at [C:\re\workspace\8-2-build-windows-amd64-cygwin\jdk8u101\7261\hotspot\src\share\vm\prims\jvm.cpp, line 1386]
Event: 0.125 Thread 0x00000000027a0800 Exception <a 'java/security/PrivilegedActionException'> (0x00000000ead76620) thrown at [C:\re\workspace\8-2-build-windows-amd64-cygwin\jdk8u101\7261\hotspot\src\share\vm\prims\jvm.cpp, line 1386]
Event: 0.125 Thread 0x00000000027a0800 Exception <a 'java/security/PrivilegedActionException'> (0x00000000ead76830) thrown at [C:\re\workspace\8-2-build-windows-amd64-cygwin\jdk8u101\7261\hotspot\src\share\vm\prims\jvm.cpp, line 1386]

Events (10 events):
Event: 0.140 loading class java/util/Timer done
Event: 0.141 loading class java/util/TaskQueue
Event: 0.141 loading class java/util/TaskQueue done
Event: 0.141 loading class java/util/TimerThread
Event: 0.141 loading class java/util/TimerThread done
Event: 0.141 loading class java/util/Timer$1
Event: 0.141 loading class java/util/Timer$1 done
Event: 0.141 Thread 0x0000000016522800 Thread added: 0x0000000016522800
Event: 0.142 loading class org/hyperic/sigar/NetInterfaceConfig
Event: 0.142 loading class org/hyperic/sigar/NetInterfaceConfig done


Dynamic libraries:
0x00007ff635ca0000 - 0x00007ff635cd7000 	D:\Java\jdk1.8.0_101\bin\javaw.exe
0x00007ffe120f0000 - 0x00007ffe122cb000 	C:\Windows\SYSTEM32\ntdll.dll
0x00007ffe11e20000 - 0x00007ffe11ece000 	C:\Windows\System32\KERNEL32.DLL
0x00007ffe0f1c0000 - 0x00007ffe0f409000 	C:\Windows\System32\KERNELBASE.dll
0x00007ffe11b80000 - 0x00007ffe11c21000 	C:\Windows\System32\ADVAPI32.dll
0x00007ffe11740000 - 0x00007ffe117dd000 	C:\Windows\System32\msvcrt.dll
0x00007ffe0fd30000 - 0x00007ffe0fd89000 	C:\Windows\System32\sechost.dll
0x00007ffe11f60000 - 0x00007ffe12085000 	C:\Windows\System32\RPCRT4.dll
0x00007ffe0fda0000 - 0x00007ffe0feea000 	C:\Windows\System32\USER32.dll
0x00007ffe0f140000 - 0x00007ffe0f15e000 	C:\Windows\System32\win32u.dll
0x00007ffe10160000 - 0x00007ffe10187000 	C:\Windows\System32\GDI32.dll
0x00007ffe0f4c0000 - 0x00007ffe0f647000 	C:\Windows\System32\gdi32full.dll
0x00007ffe0f030000 - 0x00007ffe0f0ca000 	C:\Windows\System32\msvcp_win.dll
0x00007ffe0e660000 - 0x00007ffe0e756000 	C:\Windows\System32\ucrtbase.dll
0x00007ffe00f60000 - 0x00007ffe011c7000 	C:\Windows\WinSxS\amd64_microsoft.windows.common-controls_6595b64144ccf1df_6.0.15063.483_none_26002d27e7c744a2\COMCTL32.dll
0x00007ffe11880000 - 0x00007ffe11b79000 	C:\Windows\System32\combase.dll
0x00007ffe0f0d0000 - 0x00007ffe0f13a000 	C:\Windows\System32\bcryptPrimitives.dll
0x00007ffe11ed0000 - 0x00007ffe11efd000 	C:\Windows\System32\IMM32.DLL
0x0000000054a50000 - 0x0000000054b22000 	D:\Java\jdk1.8.0_101\jre\bin\msvcr100.dll
0x00000000541b0000 - 0x0000000054a4a000 	D:\Java\jdk1.8.0_101\jre\bin\server\jvm.dll
0x00007ffe0fd90000 - 0x00007ffe0fd98000 	C:\Windows\System32\PSAPI.DLL
0x00007ffdffd10000 - 0x00007ffdffd19000 	C:\Windows\SYSTEM32\WSOCK32.dll
0x00007ffe100f0000 - 0x00007ffe1015c000 	C:\Windows\System32\WS2_32.dll
0x00007ffe08320000 - 0x00007ffe0832a000 	C:\Windows\SYSTEM32\VERSION.dll
0x00007ffe0cc20000 - 0x00007ffe0cc43000 	C:\Windows\SYSTEM32\WINMM.dll
0x00007ffe0cbc0000 - 0x00007ffe0cbeb000 	C:\Windows\SYSTEM32\WINMMBASE.dll
0x00007ffe0e610000 - 0x00007ffe0e659000 	C:\Windows\System32\cfgmgr32.dll
0x00000000541a0000 - 0x00000000541af000 	D:\Java\jdk1.8.0_101\jre\bin\verify.dll
0x0000000054170000 - 0x0000000054199000 	D:\Java\jdk1.8.0_101\jre\bin\java.dll
0x0000000054150000 - 0x0000000054166000 	D:\Java\jdk1.8.0_101\jre\bin\zip.dll
0x00007ffe10240000 - 0x00007ffe11677000 	C:\Windows\System32\SHELL32.dll
0x00007ffe10190000 - 0x00007ffe1023a000 	C:\Windows\System32\shcore.dll
0x00007ffe0e930000 - 0x00007ffe0f021000 	C:\Windows\System32\windows.storage.dll
0x00007ffe0fef0000 - 0x00007ffe0ff41000 	C:\Windows\System32\shlwapi.dll
0x00007ffe0e5d0000 - 0x00007ffe0e5e1000 	C:\Windows\System32\kernel.appcore.dll
0x00007ffe0e560000 - 0x00007ffe0e5ac000 	C:\Windows\System32\powrprof.dll
0x00007ffe0e5b0000 - 0x00007ffe0e5c5000 	C:\Windows\System32\profapi.dll
0x00000000028a0000 - 0x0000000002910000 	E:\FILE\ComputerInfo\target\classes\sigar\sigar-amd64-winnt.dll
0x00007ffe11c30000 - 0x00007ffe11d75000 	C:\Windows\System32\ole32.dll
0x00007ffe11680000 - 0x00007ffe11740000 	C:\Windows\System32\OLEAUT32.dll
0x00007ffe0b6f0000 - 0x00007ffe0b73d000 	C:\Windows\SYSTEM32\pdh.dll
0x00007ffe02ec0000 - 0x00007ffe02ed7000 	C:\Windows\SYSTEM32\NETAPI32.dll
0x00007ffe0dca0000 - 0x00007ffe0dcad000 	C:\Windows\SYSTEM32\NETUTILS.DLL
0x00007ffe02cd0000 - 0x00007ffe02cf6000 	C:\Windows\SYSTEM32\SRVCLI.DLL
0x00007ffe0dbb0000 - 0x00007ffe0dbe7000 	C:\Windows\SYSTEM32\iphlpapi.dll
0x00007ffe0fbb0000 - 0x00007ffe0fbb8000 	C:\Windows\System32\NSI.dll
0x00007ffe0a140000 - 0x00007ffe0a156000 	C:\Windows\SYSTEM32\dhcpcsvc6.DLL
0x00007ffe0a120000 - 0x00007ffe0a13a000 	C:\Windows\SYSTEM32\dhcpcsvc.DLL
0x00007ffe047b0000 - 0x00007ffe04959000 	C:\Windows\SYSTEM32\dbghelp.dll

VM Arguments:
jvm_args: -Dfile.encoding=UTF-8 
java_command: teamway.shenzhen.tms9000.ComputerTest
java_class_path (initial): D:\Java\jdk1.8.0_101\jre\lib\resources.jar;D:\Java\jdk1.8.0_101\jre\lib\rt.jar;D:\Java\jdk1.8.0_101\jre\lib\jsse.jar;D:\Java\jdk1.8.0_101\jre\lib\jce.jar;D:\Java\jdk1.8.0_101\jre\lib\charsets.jar;D:\Java\jdk1.8.0_101\jre\lib\jfr.jar;D:\Java\jdk1.8.0_101\jre\lib\ext\access-bridge-64.jar;D:\Java\jdk1.8.0_101\jre\lib\ext\cldrdata.jar;D:\Java\jdk1.8.0_101\jre\lib\ext\dnsns.jar;D:\Java\jdk1.8.0_101\jre\lib\ext\jaccess.jar;D:\Java\jdk1.8.0_101\jre\lib\ext\jfxrt.jar;D:\Java\jdk1.8.0_101\jre\lib\ext\localedata.jar;D:\Java\jdk1.8.0_101\jre\lib\ext\nashorn.jar;D:\Java\jdk1.8.0_101\jre\lib\ext\sunec.jar;D:\Java\jdk1.8.0_101\jre\lib\ext\sunjce_provider.jar;D:\Java\jdk1.8.0_101\jre\lib\ext\sunmscapi.jar;D:\Java\jdk1.8.0_101\jre\lib\ext\sunpkcs11.jar;D:\Java\jdk1.8.0_101\jre\lib\ext\zipfs.jar;E:\FILE\ComputerInfo\target\classes;D:\softwaredownload\eclipse-jee-oxygen-1a-win32-x86_64\eclipse\plugins\org.junit_4.12.0.v201504281640\junit.jar;D:\softwaredownload\eclipse-jee-oxygen-1a-win32-x86_64\eclipse\plugins\org.hamcrest.core_1.3.0.v201303031735.jar;C:\Users\28213\.m2\repository\com\google\guava\guava\18.0\guava-18.0.jar;C:\Users\28213\.m2\repository\org\fusesource\sigar\1.6.4\sigar-1.6.4.jar;C:\Users\28213\.m2\repository\log4j\log4j\1.2.15\log4j-1.2.15.jar
Launcher Type: SUN_STANDARD

Environment Variables:
PATH=D:/jre/bin/server;D:/jre/bin;D:/jre/lib/amd64;C:\ProgramData\Oracle\Java\javapath;C:\Windows\system32;C:\Windows;C:\Windows\System32\Wbem;C:\Windows\System32\WindowsPowerShell\v1.0\;D:\mysql-5.7.20-winx64\bin;C:\Users\28213\AppData\Local\Microsoft\WindowsApps;;D:\softwaredownload\eclipse-jee-oxygen-1a-win32-x86_64\eclipse;
USERNAME=HUHU
OS=Windows_NT
PROCESSOR_IDENTIFIER=Intel64 Family 6 Model 42 Stepping 7, GenuineIntel



---------------  S Y S T E M  ---------------

OS: Windows 10.0 , 64 bit Build 15063 (10.0.15063.296)

CPU:total 4 (2 cores per cpu, 2 threads per core) family 6 model 42 stepping 7, cmov, cx8, fxsr, mmx, sse, sse2, sse3, ssse3, sse4.1, sse4.2, popcnt, avx, clmul, ht, tsc, tscinvbit

Memory: 4k page, physical 4175112k(1550240k free), swap 5868132k(997584k free)

vm_info: Java HotSpot(TM) 64-Bit Server VM (25.101-b13) for windows-amd64 JRE (1.8.0_101-b13), built on Jun 22 2016 01:21:29 by "java_re" with MS VC++ 10.0 (VS2010)

time: Wed Nov 29 16:14:08 2017
elapsed time: 0 seconds (0d 0h 0m 0s)

